[0.027s] Invoking command in '/ws/controller/CanRobotControl/build/can_msgs': CMAKE_PREFIX_PATH=${CMAKE_PREFIX_PATH}:/ws/amr-navigation/navigation2/install/nav2_gazebo_spawner:/opt/ros/foxy:/ws/gps/ntrip_client-ros2/install/ntrip_client:/ws/gps/nmea/install/nmea_navsat_driver:/ws/rms/rcs_mqtt_bridge/install/rcs_mqtt_bridge /usr/bin/cmake --build /ws/controller/CanRobotControl/build/can_msgs -- -j16 -l16
[0.081s] [  2%] Built target can_msgs__cpp
[0.082s] [ 12%] Built target can_msgs__rosidl_generator_c
[0.117s] [ 23%] Built target can_msgs__rosidl_typesupport_cpp
[0.120s] [ 34%] Built target can_msgs__rosidl_typesupport_introspection_cpp
[0.122s] [ 44%] Built target can_msgs__rosidl_typesupport_c
[0.122s] [ 55%] Built target can_msgs__rosidl_typesupport_fastrtps_cpp
[0.127s] [ 65%] Built target can_msgs__rosidl_typesupport_introspection_c
[0.147s] [ 76%] Built target can_msgs__rosidl_typesupport_fastrtps_c
[0.167s] [ 76%] Built target can_msgs
[0.187s] [ 78%] Built target can_msgs__py
[0.211s] [ 87%] Built target can_msgs__python
[0.245s] [100%] Built target can_msgs__rosidl_typesupport_fastrtps_c__pyext
[0.245s] [100%] Built target can_msgs__rosidl_typesupport_c__pyext
[0.245s] [100%] Built target can_msgs__rosidl_typesupport_introspection_c__pyext
[0.255s] Invoked command in '/ws/controller/CanRobotControl/build/can_msgs' returned '0': CMAKE_PREFIX_PATH=${CMAKE_PREFIX_PATH}:/ws/amr-navigation/navigation2/install/nav2_gazebo_spawner:/opt/ros/foxy:/ws/gps/ntrip_client-ros2/install/ntrip_client:/ws/gps/nmea/install/nmea_navsat_driver:/ws/rms/rcs_mqtt_bridge/install/rcs_mqtt_bridge /usr/bin/cmake --build /ws/controller/CanRobotControl/build/can_msgs -- -j16 -l16
[0.388s] Invoking command in '/ws/controller/CanRobotControl/build/can_msgs': CMAKE_PREFIX_PATH=${CMAKE_PREFIX_PATH}:/ws/amr-navigation/navigation2/install/nav2_gazebo_spawner:/opt/ros/foxy:/ws/gps/ntrip_client-ros2/install/ntrip_client:/ws/gps/nmea/install/nmea_navsat_driver:/ws/rms/rcs_mqtt_bridge/install/rcs_mqtt_bridge /usr/bin/cmake --install /ws/controller/CanRobotControl/build/can_msgs
[0.395s] -- Install configuration: ""
[0.395s] -- Execute custom install script
[0.395s] -- Up-to-date symlink: /ws/controller/CanRobotControl/install/can_msgs/share/ament_index/resource_index/rosidl_interfaces/can_msgs
[0.396s] -- Up-to-date symlink: /ws/controller/CanRobotControl/install/can_msgs/include/can_msgs/msg/control_hardware.h
[0.396s] -- Up-to-date symlink: /ws/controller/CanRobotControl/install/can_msgs/include/can_msgs/msg/detail/control_hardware__functions.h
[0.396s] -- Up-to-date symlink: /ws/controller/CanRobotControl/install/can_msgs/include/can_msgs/msg/detail/control_hardware__struct.h
[0.396s] -- Up-to-date symlink: /ws/controller/CanRobotControl/install/can_msgs/include/can_msgs/msg/detail/control_hardware__type_support.h
[0.396s] -- Up-to-date symlink: /ws/controller/CanRobotControl/install/can_msgs/include/can_msgs/msg/detail/emergency__functions.h
[0.396s] -- Up-to-date symlink: /ws/controller/CanRobotControl/install/can_msgs/include/can_msgs/msg/detail/emergency__struct.h
[0.396s] -- Up-to-date symlink: /ws/controller/CanRobotControl/install/can_msgs/include/can_msgs/msg/detail/emergency__type_support.h
[0.396s] -- Up-to-date symlink: /ws/controller/CanRobotControl/install/can_msgs/include/can_msgs/msg/detail/mode__functions.h
[0.396s] -- Up-to-date symlink: /ws/controller/CanRobotControl/install/can_msgs/include/can_msgs/msg/detail/mode__struct.h
[0.397s] -- Up-to-date symlink: /ws/controller/CanRobotControl/install/can_msgs/include/can_msgs/msg/detail/mode__type_support.h
[0.397s] -- Up-to-date symlink: /ws/controller/CanRobotControl/install/can_msgs/include/can_msgs/msg/emergency.h
[0.397s] -- Up-to-date symlink: /ws/controller/CanRobotControl/install/can_msgs/include/can_msgs/msg/mode.h
[0.397s] -- Up-to-date symlink: /ws/controller/CanRobotControl/install/can_msgs/include/can_msgs/msg/rosidl_generator_c__visibility_control.h
[0.397s] -- Up-to-date symlink: /ws/controller/CanRobotControl/install/can_msgs/share/can_msgs/environment/library_path.sh
[0.397s] -- Up-to-date symlink: /ws/controller/CanRobotControl/install/can_msgs/share/can_msgs/environment/library_path.dsv
[0.397s] -- Up-to-date symlink: /ws/controller/CanRobotControl/install/can_msgs/include/can_msgs/msg/detail/control_hardware__rosidl_typesupport_fastrtps_c.h
[0.397s] -- Up-to-date symlink: /ws/controller/CanRobotControl/install/can_msgs/include/can_msgs/msg/detail/emergency__rosidl_typesupport_fastrtps_c.h
[0.397s] -- Up-to-date symlink: /ws/controller/CanRobotControl/install/can_msgs/include/can_msgs/msg/detail/mode__rosidl_typesupport_fastrtps_c.h
[0.397s] -- Up-to-date symlink: /ws/controller/CanRobotControl/install/can_msgs/include/can_msgs/msg/rosidl_typesupport_fastrtps_c__visibility_control.h
[0.397s] -- Up-to-date symlink: /ws/controller/CanRobotControl/install/can_msgs/lib/libcan_msgs__rosidl_typesupport_fastrtps_c.so
[0.398s] -- Up-to-date symlink: /ws/controller/CanRobotControl/install/can_msgs/include/can_msgs/msg/detail/control_hardware__rosidl_typesupport_fastrtps_cpp.hpp
[0.398s] -- Up-to-date symlink: /ws/controller/CanRobotControl/install/can_msgs/include/can_msgs/msg/detail/emergency__rosidl_typesupport_fastrtps_cpp.hpp
[0.398s] -- Up-to-date symlink: /ws/controller/CanRobotControl/install/can_msgs/include/can_msgs/msg/detail/mode__rosidl_typesupport_fastrtps_cpp.hpp
[0.398s] -- Up-to-date symlink: /ws/controller/CanRobotControl/install/can_msgs/include/can_msgs/msg/rosidl_typesupport_fastrtps_cpp__visibility_control.h
[0.398s] -- Up-to-date symlink: /ws/controller/CanRobotControl/install/can_msgs/lib/libcan_msgs__rosidl_typesupport_fastrtps_cpp.so
[0.398s] -- Up-to-date symlink: /ws/controller/CanRobotControl/install/can_msgs/include/can_msgs/msg/detail/control_hardware__rosidl_typesupport_introspection_c.h
[0.398s] -- Up-to-date symlink: /ws/controller/CanRobotControl/install/can_msgs/include/can_msgs/msg/detail/emergency__rosidl_typesupport_introspection_c.h
[0.399s] -- Up-to-date symlink: /ws/controller/CanRobotControl/install/can_msgs/include/can_msgs/msg/detail/mode__rosidl_typesupport_introspection_c.h
[0.399s] -- Up-to-date symlink: /ws/controller/CanRobotControl/install/can_msgs/include/can_msgs/msg/rosidl_typesupport_introspection_c__visibility_control.h
[0.399s] -- Up-to-date symlink: /ws/controller/CanRobotControl/install/can_msgs/include/can_msgs/msg/control_hardware.hpp
[0.399s] -- Up-to-date symlink: /ws/controller/CanRobotControl/install/can_msgs/include/can_msgs/msg/detail/control_hardware__builder.hpp
[0.399s] -- Up-to-date symlink: /ws/controller/CanRobotControl/install/can_msgs/include/can_msgs/msg/detail/control_hardware__struct.hpp
[0.399s] -- Up-to-date symlink: /ws/controller/CanRobotControl/install/can_msgs/include/can_msgs/msg/detail/control_hardware__traits.hpp
[0.399s] -- Up-to-date symlink: /ws/controller/CanRobotControl/install/can_msgs/include/can_msgs/msg/detail/control_hardware__type_support.hpp
[0.399s] -- Up-to-date symlink: /ws/controller/CanRobotControl/install/can_msgs/include/can_msgs/msg/detail/emergency__builder.hpp
[0.399s] -- Up-to-date symlink: /ws/controller/CanRobotControl/install/can_msgs/include/can_msgs/msg/detail/emergency__struct.hpp
[0.399s] -- Up-to-date symlink: /ws/controller/CanRobotControl/install/can_msgs/include/can_msgs/msg/detail/emergency__traits.hpp
[0.400s] -- Up-to-date symlink: /ws/controller/CanRobotControl/install/can_msgs/include/can_msgs/msg/detail/emergency__type_support.hpp
[0.400s] -- Up-to-date symlink: /ws/controller/CanRobotControl/install/can_msgs/include/can_msgs/msg/detail/mode__builder.hpp
[0.400s] -- Up-to-date symlink: /ws/controller/CanRobotControl/install/can_msgs/include/can_msgs/msg/detail/mode__struct.hpp
[0.400s] -- Up-to-date symlink: /ws/controller/CanRobotControl/install/can_msgs/include/can_msgs/msg/detail/mode__traits.hpp
[0.400s] -- Up-to-date symlink: /ws/controller/CanRobotControl/install/can_msgs/include/can_msgs/msg/detail/mode__type_support.hpp
[0.400s] -- Up-to-date symlink: /ws/controller/CanRobotControl/install/can_msgs/include/can_msgs/msg/emergency.hpp
[0.400s] -- Up-to-date symlink: /ws/controller/CanRobotControl/install/can_msgs/include/can_msgs/msg/mode.hpp
[0.400s] -- Up-to-date symlink: /ws/controller/CanRobotControl/install/can_msgs/include/can_msgs/msg/rosidl_generator_cpp__visibility_control.hpp
[0.400s] -- Up-to-date symlink: /ws/controller/CanRobotControl/install/can_msgs/include/can_msgs/msg/detail/control_hardware__rosidl_typesupport_introspection_cpp.hpp
[0.400s] -- Up-to-date symlink: /ws/controller/CanRobotControl/install/can_msgs/include/can_msgs/msg/detail/emergency__rosidl_typesupport_introspection_cpp.hpp
[0.400s] -- Up-to-date symlink: /ws/controller/CanRobotControl/install/can_msgs/include/can_msgs/msg/detail/mode__rosidl_typesupport_introspection_cpp.hpp
[0.401s] -- Up-to-date symlink: /ws/controller/CanRobotControl/install/can_msgs/share/can_msgs/environment/pythonpath.sh
[0.401s] -- Up-to-date symlink: /ws/controller/CanRobotControl/install/can_msgs/share/can_msgs/environment/pythonpath.dsv
[0.401s] -- Up-to-date symlink: /ws/controller/CanRobotControl/install/can_msgs/lib/python3.8/site-packages/can_msgs/__init__.py
[0.401s] -- Up-to-date symlink: /ws/controller/CanRobotControl/install/can_msgs/lib/python3.8/site-packages/can_msgs/msg/__init__.py
[0.401s] -- Up-to-date symlink: /ws/controller/CanRobotControl/install/can_msgs/lib/python3.8/site-packages/can_msgs/msg/_control_hardware.py
[0.401s] -- Up-to-date symlink: /ws/controller/CanRobotControl/install/can_msgs/lib/python3.8/site-packages/can_msgs/msg/_emergency.py
[0.401s] -- Up-to-date symlink: /ws/controller/CanRobotControl/install/can_msgs/lib/python3.8/site-packages/can_msgs/msg/_mode.py
[0.402s] -- Up-to-date symlink: /ws/controller/CanRobotControl/install/can_msgs/lib/python3.8/site-packages/can_msgs/can_msgs_s__rosidl_typesupport_fastrtps_c.cpython-38-x86_64-linux-gnu.so
[0.402s] -- Up-to-date symlink: /ws/controller/CanRobotControl/install/can_msgs/lib/python3.8/site-packages/can_msgs/can_msgs_s__rosidl_typesupport_introspection_c.cpython-38-x86_64-linux-gnu.so
[0.402s] -- Up-to-date symlink: /ws/controller/CanRobotControl/install/can_msgs/lib/python3.8/site-packages/can_msgs/can_msgs_s__rosidl_typesupport_c.cpython-38-x86_64-linux-gnu.so
[0.402s] -- Up-to-date symlink: /ws/controller/CanRobotControl/install/can_msgs/lib/libcan_msgs__python.so
[0.402s] -- Up-to-date symlink: /ws/controller/CanRobotControl/install/can_msgs/share/can_msgs/msg/ControlHardware.idl
[0.402s] -- Up-to-date symlink: /ws/controller/CanRobotControl/install/can_msgs/share/can_msgs/msg/Mode.idl
[0.403s] -- Up-to-date symlink: /ws/controller/CanRobotControl/install/can_msgs/share/can_msgs/msg/Emergency.idl
[0.403s] -- Up-to-date symlink: /ws/controller/CanRobotControl/install/can_msgs/share/can_msgs/msg/ControlHardware.msg
[0.403s] -- Up-to-date symlink: /ws/controller/CanRobotControl/install/can_msgs/share/can_msgs/msg/Mode.msg
[0.403s] -- Up-to-date symlink: /ws/controller/CanRobotControl/install/can_msgs/share/can_msgs/msg/Emergency.msg
[0.403s] -- Up-to-date symlink: /ws/controller/CanRobotControl/install/can_msgs/share/ament_index/resource_index/package_run_dependencies/can_msgs
[0.403s] -- Up-to-date symlink: /ws/controller/CanRobotControl/install/can_msgs/share/ament_index/resource_index/parent_prefix_path/can_msgs
[0.403s] -- Up-to-date symlink: /ws/controller/CanRobotControl/install/can_msgs/share/can_msgs/environment/ament_prefix_path.sh
[0.403s] -- Up-to-date symlink: /ws/controller/CanRobotControl/install/can_msgs/share/can_msgs/environment/ament_prefix_path.dsv
[0.404s] -- Up-to-date symlink: /ws/controller/CanRobotControl/install/can_msgs/share/can_msgs/environment/path.sh
[0.404s] -- Up-to-date symlink: /ws/controller/CanRobotControl/install/can_msgs/share/can_msgs/environment/path.dsv
[0.404s] -- Up-to-date symlink: /ws/controller/CanRobotControl/install/can_msgs/share/can_msgs/local_setup.bash
[0.404s] -- Up-to-date symlink: /ws/controller/CanRobotControl/install/can_msgs/share/can_msgs/local_setup.sh
[0.404s] -- Up-to-date symlink: /ws/controller/CanRobotControl/install/can_msgs/share/can_msgs/local_setup.zsh
[0.404s] -- Up-to-date symlink: /ws/controller/CanRobotControl/install/can_msgs/share/can_msgs/local_setup.dsv
[0.404s] -- Symlinking: /ws/controller/CanRobotControl/install/can_msgs/share/can_msgs/package.dsv
[0.412s] -- Up-to-date symlink: /ws/controller/CanRobotControl/install/can_msgs/share/ament_index/resource_index/packages/can_msgs
[0.412s] -- Up-to-date symlink: /ws/controller/CanRobotControl/install/can_msgs/share/can_msgs/cmake/rosidl_cmake-extras.cmake
[0.412s] -- Up-to-date symlink: /ws/controller/CanRobotControl/install/can_msgs/share/can_msgs/cmake/ament_cmake_export_dependencies-extras.cmake
[0.413s] -- Up-to-date symlink: /ws/controller/CanRobotControl/install/can_msgs/share/can_msgs/cmake/ament_cmake_export_libraries-extras.cmake
[0.413s] -- Up-to-date symlink: /ws/controller/CanRobotControl/install/can_msgs/share/can_msgs/cmake/ament_cmake_export_targets-extras.cmake
[0.413s] -- Up-to-date symlink: /ws/controller/CanRobotControl/install/can_msgs/share/can_msgs/cmake/ament_cmake_export_include_directories-extras.cmake
[0.413s] -- Up-to-date symlink: /ws/controller/CanRobotControl/install/can_msgs/share/can_msgs/cmake/rosidl_cmake_export_typesupport_libraries-extras.cmake
[0.413s] -- Up-to-date symlink: /ws/controller/CanRobotControl/install/can_msgs/share/can_msgs/cmake/rosidl_cmake_export_typesupport_targets-extras.cmake
[0.413s] -- Up-to-date symlink: /ws/controller/CanRobotControl/install/can_msgs/share/can_msgs/cmake/can_msgsConfig.cmake
[0.413s] -- Up-to-date symlink: /ws/controller/CanRobotControl/install/can_msgs/share/can_msgs/cmake/can_msgsConfig-version.cmake
[0.413s] -- Up-to-date symlink: /ws/controller/CanRobotControl/install/can_msgs/share/can_msgs/package.xml
[0.413s] -- Up-to-date: /ws/controller/CanRobotControl/install/can_msgs/lib/libcan_msgs__rosidl_generator_c.so
[0.414s] -- Up-to-date: /ws/controller/CanRobotControl/install/can_msgs/lib/libcan_msgs__rosidl_typesupport_introspection_c.so
[0.414s] -- Up-to-date: /ws/controller/CanRobotControl/install/can_msgs/lib/libcan_msgs__rosidl_typesupport_c.so
[0.414s] -- Up-to-date: /ws/controller/CanRobotControl/install/can_msgs/lib/libcan_msgs__rosidl_typesupport_introspection_cpp.so
[0.414s] -- Up-to-date: /ws/controller/CanRobotControl/install/can_msgs/lib/libcan_msgs__rosidl_typesupport_cpp.so
[0.442s] -- Up-to-date: /ws/controller/CanRobotControl/install/can_msgs/share/can_msgs/cmake/can_msgs__rosidl_generator_cExport.cmake
[0.442s] -- Up-to-date: /ws/controller/CanRobotControl/install/can_msgs/share/can_msgs/cmake/can_msgs__rosidl_generator_cExport-noconfig.cmake
[0.442s] -- Up-to-date: /ws/controller/CanRobotControl/install/can_msgs/share/can_msgs/cmake/can_msgs__rosidl_typesupport_introspection_cExport.cmake
[0.442s] -- Up-to-date: /ws/controller/CanRobotControl/install/can_msgs/share/can_msgs/cmake/can_msgs__rosidl_typesupport_introspection_cExport-noconfig.cmake
[0.442s] -- Up-to-date: /ws/controller/CanRobotControl/install/can_msgs/share/can_msgs/cmake/can_msgs__rosidl_typesupport_cExport.cmake
[0.442s] -- Up-to-date: /ws/controller/CanRobotControl/install/can_msgs/share/can_msgs/cmake/can_msgs__rosidl_typesupport_cExport-noconfig.cmake
[0.442s] -- Up-to-date: /ws/controller/CanRobotControl/install/can_msgs/share/can_msgs/cmake/can_msgs__rosidl_generator_cppExport.cmake
[0.442s] -- Up-to-date: /ws/controller/CanRobotControl/install/can_msgs/share/can_msgs/cmake/can_msgs__rosidl_typesupport_introspection_cppExport.cmake
[0.442s] -- Up-to-date: /ws/controller/CanRobotControl/install/can_msgs/share/can_msgs/cmake/can_msgs__rosidl_typesupport_introspection_cppExport-noconfig.cmake
[0.442s] -- Up-to-date: /ws/controller/CanRobotControl/install/can_msgs/share/can_msgs/cmake/can_msgs__rosidl_typesupport_cppExport.cmake
[0.442s] -- Up-to-date: /ws/controller/CanRobotControl/install/can_msgs/share/can_msgs/cmake/can_msgs__rosidl_typesupport_cppExport-noconfig.cmake
[0.444s] Invoked command in '/ws/controller/CanRobotControl/build/can_msgs' returned '0': CMAKE_PREFIX_PATH=${CMAKE_PREFIX_PATH}:/ws/amr-navigation/navigation2/install/nav2_gazebo_spawner:/opt/ros/foxy:/ws/gps/ntrip_client-ros2/install/ntrip_client:/ws/gps/nmea/install/nmea_navsat_driver:/ws/rms/rcs_mqtt_bridge/install/rcs_mqtt_bridge /usr/bin/cmake --install /ws/controller/CanRobotControl/build/can_msgs
