[0.353s] DEBUG:colcon:Command line arguments: ['/usr/bin/colcon', 'build', '--symlink-install']
[0.353s] DEBUG:colcon:Parsed command line arguments: Namespace(ament_cmake_args=None, base_paths=['.'], build_base='build', catkin_cmake_args=None, catkin_skip_building_tests=False, cmake_args=None, cmake_clean_cache=False, cmake_clean_first=False, cmake_force_configure=False, cmake_target=None, cmake_target_skip_unavailable=False, continue_on_error=False, event_handlers=None, executor='parallel', ignore_user_meta=False, install_base='install', log_base=None, log_level=None, main=<bound method BuildVerb.main of <colcon_core.verb.build.BuildVerb object at 0x7f7f7b88a220>>, merge_install=False, metas=['./colcon.meta'], mixin=None, mixin_files=None, mixin_verb=('build',), packages_above=None, packages_above_and_dependencies=None, packages_above_depth=None, packages_end=None, packages_ignore=None, packages_ignore_regex=None, packages_select=None, packages_select_build_failed=False, packages_select_by_dep=None, packages_select_regex=None, packages_select_test_failures=False, packages_skip=None, packages_skip_build_finished=False, packages_skip_by_dep=None, packages_skip_regex=None, packages_skip_test_passed=False, packages_skip_up_to=None, packages_start=None, packages_up_to=None, packages_up_to_regex=None, parallel_workers=8, paths=None, symlink_install=True, test_result_base=None, verb_extension=<colcon_core.verb.build.BuildVerb object at 0x7f7f7b88a220>, verb_name='build', verb_parser=<colcon_mixin.mixin.mixin_argument.MixinArgumentDecorator object at 0x7f7f7b88a880>)
[0.383s] Level 1:colcon.colcon_core.package_discovery:discover_packages(colcon_meta) check parameters
[0.384s] INFO:colcon.colcon_metadata.package_discovery.colcon_meta:Using configuration from '/root/.colcon/metadata/default/Gazebo.meta'
[0.384s] INFO:colcon.colcon_metadata.package_discovery.colcon_meta:Using configuration from '/root/.colcon/metadata/default/fastrtps.meta'
[0.384s] Level 1:colcon.colcon_core.package_discovery:discover_packages(recursive) check parameters
[0.384s] Level 1:colcon.colcon_core.package_discovery:discover_packages(ignore) check parameters
[0.384s] Level 1:colcon.colcon_core.package_discovery:discover_packages(path) check parameters
[0.384s] Level 1:colcon.colcon_core.package_discovery:discover_packages(colcon_meta) discover
[0.384s] Level 1:colcon.colcon_core.package_discovery:discover_packages(recursive) discover
[0.385s] INFO:colcon.colcon_core.package_discovery:Crawling recursively for packages in '/ws/controller/FakeController/fake_controller'
[0.385s] Level 1:colcon.colcon_core.package_identification:_identify(.) by extensions ['ignore', 'ignore_ament_install']
[0.385s] Level 1:colcon.colcon_core.package_identification:_identify(.) by extension 'ignore'
[0.385s] Level 1:colcon.colcon_core.package_identification:_identify(.) by extension 'ignore_ament_install'
[0.385s] Level 1:colcon.colcon_core.package_identification:_identify(.) by extensions ['colcon_pkg']
[0.385s] Level 1:colcon.colcon_core.package_identification:_identify(.) by extension 'colcon_pkg'
[0.385s] Level 1:colcon.colcon_core.package_identification:_identify(.) by extensions ['colcon_meta']
[0.385s] Level 1:colcon.colcon_core.package_identification:_identify(.) by extension 'colcon_meta'
[0.385s] Level 1:colcon.colcon_core.package_identification:_identify(.) by extensions ['ros']
[0.385s] Level 1:colcon.colcon_core.package_identification:_identify(.) by extension 'ros'
[0.406s] DEBUG:colcon.colcon_core.package_identification:Package '.' with type 'ros.ament_cmake' and name 'fake_controller'
[0.406s] Level 1:colcon.colcon_core.package_discovery:discover_packages(recursive) using defaults
[0.406s] Level 1:colcon.colcon_core.package_discovery:discover_packages(ignore) discover
[0.406s] Level 1:colcon.colcon_core.package_discovery:discover_packages(ignore) using defaults
[0.406s] Level 1:colcon.colcon_core.package_discovery:discover_packages(path) discover
[0.406s] Level 1:colcon.colcon_core.package_discovery:discover_packages(path) using defaults
[0.431s] Level 5:colcon.colcon_core.verb:set package 'fake_controller' build argument 'cmake_args' from command line to 'None'
[0.431s] Level 5:colcon.colcon_core.verb:set package 'fake_controller' build argument 'cmake_target' from command line to 'None'
[0.431s] Level 5:colcon.colcon_core.verb:set package 'fake_controller' build argument 'cmake_target_skip_unavailable' from command line to 'False'
[0.431s] Level 5:colcon.colcon_core.verb:set package 'fake_controller' build argument 'cmake_clean_cache' from command line to 'False'
[0.431s] Level 5:colcon.colcon_core.verb:set package 'fake_controller' build argument 'cmake_clean_first' from command line to 'False'
[0.431s] Level 5:colcon.colcon_core.verb:set package 'fake_controller' build argument 'cmake_force_configure' from command line to 'False'
[0.431s] Level 5:colcon.colcon_core.verb:set package 'fake_controller' build argument 'ament_cmake_args' from command line to 'None'
[0.431s] Level 5:colcon.colcon_core.verb:set package 'fake_controller' build argument 'catkin_cmake_args' from command line to 'None'
[0.431s] Level 5:colcon.colcon_core.verb:set package 'fake_controller' build argument 'catkin_skip_building_tests' from command line to 'False'
[0.431s] DEBUG:colcon.colcon_core.verb:Building package 'fake_controller' with the following arguments: {'ament_cmake_args': None, 'build_base': '/ws/controller/FakeController/fake_controller/build/fake_controller', 'catkin_cmake_args': None, 'catkin_skip_building_tests': False, 'cmake_args': None, 'cmake_clean_cache': False, 'cmake_clean_first': False, 'cmake_force_configure': False, 'cmake_target': None, 'cmake_target_skip_unavailable': False, 'install_base': '/ws/controller/FakeController/fake_controller/install/fake_controller', 'merge_install': False, 'path': '/ws/controller/FakeController/fake_controller', 'symlink_install': True, 'test_result_base': None}
[0.432s] INFO:colcon.colcon_core.executor:Executing jobs using 'parallel' executor
[0.438s] DEBUG:colcon.colcon_parallel_executor.executor.parallel:run_until_complete
[0.439s] INFO:colcon.colcon_ros.task.ament_cmake.build:Building ROS package in '/ws/controller/FakeController/fake_controller' with build type 'ament_cmake'
[0.439s] INFO:colcon.colcon_cmake.task.cmake.build:Building CMake package in '/ws/controller/FakeController/fake_controller'
[0.446s] INFO:colcon.colcon_core.plugin_system:Skipping extension 'colcon_core.shell.bat': Not used on non-Windows systems
[0.447s] INFO:colcon.colcon_core.shell:Skip shell extension 'powershell' for command environment: Not usable outside of PowerShell
[0.447s] DEBUG:colcon.colcon_core.shell:Skip shell extension 'dsv' for command environment
[0.466s] DEBUG:colcon.colcon_core.event_handler.log_command:Invoking command in '/ws/controller/FakeController/fake_controller/build/fake_controller': CMAKE_PREFIX_PATH=${CMAKE_PREFIX_PATH}:/opt/ros/foxy /usr/bin/cmake --build /ws/controller/FakeController/fake_controller/build/fake_controller -- -j8 -l8
[0.573s] DEBUG:colcon.colcon_core.event_handler.log_command:Invoked command in '/ws/controller/FakeController/fake_controller/build/fake_controller' returned '0': CMAKE_PREFIX_PATH=${CMAKE_PREFIX_PATH}:/opt/ros/foxy /usr/bin/cmake --build /ws/controller/FakeController/fake_controller/build/fake_controller -- -j8 -l8
[0.625s] DEBUG:colcon.colcon_core.event_handler.log_command:Invoking command in '/ws/controller/FakeController/fake_controller/build/fake_controller': CMAKE_PREFIX_PATH=${CMAKE_PREFIX_PATH}:/opt/ros/foxy /usr/bin/cmake --install /ws/controller/FakeController/fake_controller/build/fake_controller
[0.660s] Level 1:colcon.colcon_core.environment:create_environment_scripts_only(fake_controller)
[0.661s] DEBUG:colcon.colcon_core.event_handler.log_command:Invoked command in '/ws/controller/FakeController/fake_controller/build/fake_controller' returned '0': CMAKE_PREFIX_PATH=${CMAKE_PREFIX_PATH}:/opt/ros/foxy /usr/bin/cmake --install /ws/controller/FakeController/fake_controller/build/fake_controller
[0.668s] Level 1:colcon.colcon_core.environment:checking '/ws/controller/FakeController/fake_controller/install/fake_controller' for CMake module files
[0.669s] Level 1:colcon.colcon_core.environment:checking '/ws/controller/FakeController/fake_controller/install/fake_controller' for CMake config files
[0.670s] Level 1:colcon.colcon_core.shell:create_environment_hook('fake_controller', 'cmake_prefix_path')
[0.672s] INFO:colcon.colcon_core.shell:Creating environment hook '/ws/controller/FakeController/fake_controller/install/fake_controller/share/fake_controller/hook/cmake_prefix_path.ps1'
[0.673s] INFO:colcon.colcon_core.shell:Creating environment descriptor '/ws/controller/FakeController/fake_controller/install/fake_controller/share/fake_controller/hook/cmake_prefix_path.dsv'
[0.674s] INFO:colcon.colcon_core.shell:Creating environment hook '/ws/controller/FakeController/fake_controller/install/fake_controller/share/fake_controller/hook/cmake_prefix_path.sh'
[0.675s] Level 1:colcon.colcon_core.environment:checking '/ws/controller/FakeController/fake_controller/install/fake_controller/lib'
[0.675s] Level 1:colcon.colcon_core.environment:checking '/ws/controller/FakeController/fake_controller/install/fake_controller/bin'
[0.675s] Level 1:colcon.colcon_core.environment:checking '/ws/controller/FakeController/fake_controller/install/fake_controller/lib/pkgconfig/fake_controller.pc'
[0.676s] Level 1:colcon.colcon_core.environment:checking '/ws/controller/FakeController/fake_controller/install/fake_controller/lib/python3.8/site-packages'
[0.676s] Level 1:colcon.colcon_core.environment:checking '/ws/controller/FakeController/fake_controller/install/fake_controller/bin'
[0.678s] INFO:colcon.colcon_core.shell:Creating package script '/ws/controller/FakeController/fake_controller/install/fake_controller/share/fake_controller/package.ps1'
[0.679s] INFO:colcon.colcon_core.shell:Creating package descriptor '/ws/controller/FakeController/fake_controller/install/fake_controller/share/fake_controller/package.dsv'
[0.680s] INFO:colcon.colcon_core.shell:Creating package script '/ws/controller/FakeController/fake_controller/install/fake_controller/share/fake_controller/package.sh'
[0.680s] INFO:colcon.colcon_core.shell:Creating package script '/ws/controller/FakeController/fake_controller/install/fake_controller/share/fake_controller/package.bash'
[0.681s] INFO:colcon.colcon_core.shell:Creating package script '/ws/controller/FakeController/fake_controller/install/fake_controller/share/fake_controller/package.zsh'
[0.682s] Level 1:colcon.colcon_core.environment:create_file_with_runtime_dependencies(/ws/controller/FakeController/fake_controller/install/fake_controller/share/colcon-core/packages/fake_controller)
[0.722s] Level 1:colcon.colcon_core.environment:create_environment_scripts_only(fake_controller)
[0.725s] Level 1:colcon.colcon_core.environment:checking '/ws/controller/FakeController/fake_controller/install/fake_controller' for CMake module files
[0.726s] Level 1:colcon.colcon_core.environment:checking '/ws/controller/FakeController/fake_controller/install/fake_controller' for CMake config files
[0.727s] Level 1:colcon.colcon_core.shell:create_environment_hook('fake_controller', 'cmake_prefix_path')
[0.729s] INFO:colcon.colcon_core.shell:Creating environment hook '/ws/controller/FakeController/fake_controller/install/fake_controller/share/fake_controller/hook/cmake_prefix_path.ps1'
[0.730s] INFO:colcon.colcon_core.shell:Creating environment descriptor '/ws/controller/FakeController/fake_controller/install/fake_controller/share/fake_controller/hook/cmake_prefix_path.dsv'
[0.730s] INFO:colcon.colcon_core.shell:Creating environment hook '/ws/controller/FakeController/fake_controller/install/fake_controller/share/fake_controller/hook/cmake_prefix_path.sh'
[0.731s] Level 1:colcon.colcon_core.environment:checking '/ws/controller/FakeController/fake_controller/install/fake_controller/lib'
[0.731s] Level 1:colcon.colcon_core.environment:checking '/ws/controller/FakeController/fake_controller/install/fake_controller/bin'
[0.731s] Level 1:colcon.colcon_core.environment:checking '/ws/controller/FakeController/fake_controller/install/fake_controller/lib/pkgconfig/fake_controller.pc'
[0.731s] Level 1:colcon.colcon_core.environment:checking '/ws/controller/FakeController/fake_controller/install/fake_controller/lib/python3.8/site-packages'
[0.731s] Level 1:colcon.colcon_core.environment:checking '/ws/controller/FakeController/fake_controller/install/fake_controller/bin'
[0.734s] INFO:colcon.colcon_core.shell:Creating package script '/ws/controller/FakeController/fake_controller/install/fake_controller/share/fake_controller/package.ps1'
[0.734s] INFO:colcon.colcon_core.shell:Creating package descriptor '/ws/controller/FakeController/fake_controller/install/fake_controller/share/fake_controller/package.dsv'
[0.735s] INFO:colcon.colcon_core.shell:Creating package script '/ws/controller/FakeController/fake_controller/install/fake_controller/share/fake_controller/package.sh'
[0.735s] INFO:colcon.colcon_core.shell:Creating package script '/ws/controller/FakeController/fake_controller/install/fake_controller/share/fake_controller/package.bash'
[0.735s] INFO:colcon.colcon_core.shell:Creating package script '/ws/controller/FakeController/fake_controller/install/fake_controller/share/fake_controller/package.zsh'
[0.736s] Level 1:colcon.colcon_core.environment:create_file_with_runtime_dependencies(/ws/controller/FakeController/fake_controller/install/fake_controller/share/colcon-core/packages/fake_controller)
[0.736s] DEBUG:colcon.colcon_parallel_executor.executor.parallel:closing loop
[0.737s] DEBUG:colcon.colcon_parallel_executor.executor.parallel:loop closed
[0.737s] DEBUG:colcon.colcon_parallel_executor.executor.parallel:run_until_complete finished with '0'
[0.738s] DEBUG:colcon.colcon_core.event_reactor:joining thread
[0.746s] INFO:colcon.colcon_core.plugin_system:Skipping extension 'colcon_notification.desktop_notification.notify_send': Could not find 'notify-send'
[0.746s] INFO:colcon.colcon_core.plugin_system:Skipping extension 'colcon_notification.desktop_notification.terminal_notifier': Not used on non-Darwin systems
[0.746s] INFO:colcon.colcon_core.plugin_system:Skipping extension 'colcon_notification.desktop_notification.win32': Not used on non-Windows systems
[0.746s] INFO:colcon.colcon_notification.desktop_notification:Sending desktop notification using 'notify2'
[0.746s] DEBUG:colcon.colcon_notification.desktop_notification.notify2:Failed to initialize notify2: org.freedesktop.DBus.Error.NotSupported: Unable to autolaunch a dbus-daemon without a $DISPLAY for X11
[0.747s] DEBUG:colcon.colcon_core.event_reactor:joined thread
[0.749s] INFO:colcon.colcon_core.shell:Creating prefix script '/ws/controller/FakeController/fake_controller/install/local_setup.ps1'
[0.750s] INFO:colcon.colcon_core.shell:Creating prefix util module '/ws/controller/FakeController/fake_controller/install/_local_setup_util_ps1.py'
[0.751s] INFO:colcon.colcon_core.shell:Creating prefix chain script '/ws/controller/FakeController/fake_controller/install/setup.ps1'
[0.753s] INFO:colcon.colcon_core.shell:Creating prefix script '/ws/controller/FakeController/fake_controller/install/local_setup.sh'
[0.753s] INFO:colcon.colcon_core.shell:Creating prefix util module '/ws/controller/FakeController/fake_controller/install/_local_setup_util_sh.py'
[0.754s] INFO:colcon.colcon_core.shell:Creating prefix chain script '/ws/controller/FakeController/fake_controller/install/setup.sh'
[0.756s] INFO:colcon.colcon_core.shell:Creating prefix script '/ws/controller/FakeController/fake_controller/install/local_setup.bash'
[0.756s] INFO:colcon.colcon_core.shell:Creating prefix chain script '/ws/controller/FakeController/fake_controller/install/setup.bash'
[0.757s] INFO:colcon.colcon_core.shell:Creating prefix script '/ws/controller/FakeController/fake_controller/install/local_setup.zsh'
[0.758s] INFO:colcon.colcon_core.shell:Creating prefix chain script '/ws/controller/FakeController/fake_controller/install/setup.zsh'
