[0.027s] Invoking command in '/ws/controller/FakeController/fake_controller/build/fake_controller': CMAKE_PREFIX_PATH=${CMAKE_PREFIX_PATH}:/opt/ros/foxy /usr/bin/cmake --build /ws/controller/FakeController/fake_controller/build/fake_controller -- -j8 -l8
[0.120s] [100%] Built target fake_controller_node
[0.134s] Invoked command in '/ws/controller/FakeController/fake_controller/build/fake_controller' returned '0': CMAKE_PREFIX_PATH=${CMAKE_PREFIX_PATH}:/opt/ros/foxy /usr/bin/cmake --build /ws/controller/FakeController/fake_controller/build/fake_controller -- -j8 -l8
[0.186s] Invoking command in '/ws/controller/FakeController/fake_controller/build/fake_controller': CMAKE_PREFIX_PATH=${CMAKE_PREFIX_PATH}:/opt/ros/foxy /usr/bin/cmake --install /ws/controller/FakeController/fake_controller/build/fake_controller
[0.197s] -- Install configuration: ""
[0.197s] -- Execute custom install script
[0.199s] -- Up-to-date symlink: /ws/controller/FakeController/fake_controller/install/fake_controller/lib/fake_controller/fake_controller_node
[0.200s] -- Up-to-date symlink: /ws/controller/FakeController/fake_controller/install/fake_controller/share/ament_index/resource_index/package_run_dependencies/fake_controller
[0.200s] -- Up-to-date symlink: /ws/controller/FakeController/fake_controller/install/fake_controller/share/ament_index/resource_index/parent_prefix_path/fake_controller
[0.201s] -- Up-to-date symlink: /ws/controller/FakeController/fake_controller/install/fake_controller/share/fake_controller/environment/ament_prefix_path.sh
[0.202s] -- Up-to-date symlink: /ws/controller/FakeController/fake_controller/install/fake_controller/share/fake_controller/environment/ament_prefix_path.dsv
[0.202s] -- Up-to-date symlink: /ws/controller/FakeController/fake_controller/install/fake_controller/share/fake_controller/environment/path.sh
[0.203s] -- Up-to-date symlink: /ws/controller/FakeController/fake_controller/install/fake_controller/share/fake_controller/environment/path.dsv
[0.203s] -- Up-to-date symlink: /ws/controller/FakeController/fake_controller/install/fake_controller/share/fake_controller/local_setup.bash
[0.204s] -- Up-to-date symlink: /ws/controller/FakeController/fake_controller/install/fake_controller/share/fake_controller/local_setup.sh
[0.204s] -- Up-to-date symlink: /ws/controller/FakeController/fake_controller/install/fake_controller/share/fake_controller/local_setup.zsh
[0.205s] -- Up-to-date symlink: /ws/controller/FakeController/fake_controller/install/fake_controller/share/fake_controller/local_setup.dsv
[0.205s] -- Symlinking: /ws/controller/FakeController/fake_controller/install/fake_controller/share/fake_controller/package.dsv
[0.218s] -- Up-to-date symlink: /ws/controller/FakeController/fake_controller/install/fake_controller/share/ament_index/resource_index/packages/fake_controller
[0.218s] -- Up-to-date symlink: /ws/controller/FakeController/fake_controller/install/fake_controller/share/fake_controller/cmake/fake_controllerConfig.cmake
[0.219s] -- Up-to-date symlink: /ws/controller/FakeController/fake_controller/install/fake_controller/share/fake_controller/cmake/fake_controllerConfig-version.cmake
[0.219s] -- Up-to-date symlink: /ws/controller/FakeController/fake_controller/install/fake_controller/share/fake_controller/package.xml
[0.222s] Invoked command in '/ws/controller/FakeController/fake_controller/build/fake_controller' returned '0': CMAKE_PREFIX_PATH=${CMAKE_PREFIX_PATH}:/opt/ros/foxy /usr/bin/cmake --install /ws/controller/FakeController/fake_controller/build/fake_controller
