-- The C compiler identification is GNU 11.4.0
-- The CXX compiler identification is GNU 11.4.0
-- Detecting C compiler ABI info
-- Detecting C compiler ABI info - done
-- Check for working C compiler: /usr/bin/cc - skipped
-- Detecting C compile features
-- Detecting C compile features - done
-- Detecting CXX compiler ABI info
-- Detecting CXX compiler ABI info - done
-- Check for working CXX compiler: /usr/bin/c++ - skipped
-- Detecting CXX compile features
-- Detecting CXX compile features - done
-- Found ament_cmake: 1.3.6 (/opt/ros/humble/share/ament_cmake/cmake)
-- Found Python3: /usr/bin/python3.10 (found version "3.10.12") found components: Interpreter 
-- Override CMake install command with custom implementation using symlinks instead of copying resources
WARNING: Package name "MotionController" does not follow the naming conventions. It should start with a lower case letter and only contain lower case letters, digits, underscores, and dashes.
-- Configuring done
-- Generating done
-- Build files have been written to: /home/nuc-bt/ros2_ws/src/drive/controller/build/MotionController
-- Install configuration: ""
-- Execute custom install script
-- Symlinking: /home/nuc-bt/ros2_ws/src/drive/controller/install/MotionController/share/ament_index/resource_index/package_run_dependencies/MotionController
-- Symlinking: /home/nuc-bt/ros2_ws/src/drive/controller/install/MotionController/share/ament_index/resource_index/parent_prefix_path/MotionController
-- Symlinking: /home/nuc-bt/ros2_ws/src/drive/controller/install/MotionController/share/MotionController/environment/ament_prefix_path.sh
-- Symlinking: /home/nuc-bt/ros2_ws/src/drive/controller/install/MotionController/share/MotionController/environment/ament_prefix_path.dsv
-- Symlinking: /home/nuc-bt/ros2_ws/src/drive/controller/install/MotionController/share/MotionController/environment/path.sh
-- Symlinking: /home/nuc-bt/ros2_ws/src/drive/controller/install/MotionController/share/MotionController/environment/path.dsv
-- Symlinking: /home/nuc-bt/ros2_ws/src/drive/controller/install/MotionController/share/MotionController/local_setup.bash
-- Symlinking: /home/nuc-bt/ros2_ws/src/drive/controller/install/MotionController/share/MotionController/local_setup.sh
-- Symlinking: /home/nuc-bt/ros2_ws/src/drive/controller/install/MotionController/share/MotionController/local_setup.zsh
-- Symlinking: /home/nuc-bt/ros2_ws/src/drive/controller/install/MotionController/share/MotionController/local_setup.dsv
-- Symlinking: /home/nuc-bt/ros2_ws/src/drive/controller/install/MotionController/share/MotionController/package.dsv
-- Symlinking: /home/nuc-bt/ros2_ws/src/drive/controller/install/MotionController/share/ament_index/resource_index/packages/MotionController
-- Symlinking: /home/nuc-bt/ros2_ws/src/drive/controller/install/MotionController/share/MotionController/cmake/MotionControllerConfig.cmake
-- Symlinking: /home/nuc-bt/ros2_ws/src/drive/controller/install/MotionController/share/MotionController/cmake/MotionControllerConfig-version.cmake
-- Symlinking: /home/nuc-bt/ros2_ws/src/drive/controller/install/MotionController/share/MotionController/package.xml
