-- The C compiler identification is GNU 11.4.0
-- The CXX compiler identification is GNU 11.4.0
-- Detecting C compiler ABI info
-- Detecting C compiler ABI info - done
-- Check for working C compiler: /usr/bin/cc - skipped
-- Detecting C compile features
-- Detecting C compile features - done
-- Detecting CXX compiler ABI info
-- Detecting CXX compiler ABI info - done
-- Check for working CXX compiler: /usr/bin/c++ - skipped
-- Detecting CXX compile features
-- Detecting CXX compile features - done
-- Found ament_cmake: 1.3.6 (/opt/ros/humble/share/ament_cmake/cmake)
-- Found Python3: /usr/bin/python3.10 (found version "3.10.12") found components: Interpreter 
-- Override CMake install command with custom implementation using symlinks instead of copying resources
-- Found rclcpp: 16.0.7 (/opt/ros/humble/share/rclcpp/cmake)
-- Found rosidl_generator_c: 3.1.5 (/opt/ros/humble/share/rosidl_generator_c/cmake)
-- Found rosidl_adapter: 3.1.5 (/opt/ros/humble/share/rosidl_adapter/cmake)
-- Found rosidl_generator_cpp: 3.1.5 (/opt/ros/humble/share/rosidl_generator_cpp/cmake)
-- Using all available rosidl_typesupport_c: rosidl_typesupport_fastrtps_c;rosidl_typesupport_introspection_c
-- Using all available rosidl_typesupport_cpp: rosidl_typesupport_fastrtps_cpp;rosidl_typesupport_introspection_cpp
-- Found rmw_implementation_cmake: 6.1.1 (/opt/ros/humble/share/rmw_implementation_cmake/cmake)
-- Found rmw_fastrtps_cpp: 6.2.5 (/opt/ros/humble/share/rmw_fastrtps_cpp/cmake)
-- Found OpenSSL: /usr/lib/x86_64-linux-gnu/libcrypto.so (found version "3.0.2")  
-- Found FastRTPS: /opt/ros/humble/include  
-- Using RMW implementation 'rmw_fastrtps_cpp' as default
-- Looking for pthread.h
-- Looking for pthread.h - found
-- Performing Test CMAKE_HAVE_LIBC_PTHREAD
-- Performing Test CMAKE_HAVE_LIBC_PTHREAD - Success
-- Found Threads: TRUE  
-- Found rosidl_default_generators: 1.2.0 (/opt/ros/humble/share/rosidl_default_generators/cmake)
-- Found nav_msgs: 4.2.3 (/opt/ros/humble/share/nav_msgs/cmake)
-- Found ament_cmake_ros: 0.10.0 (/opt/ros/humble/share/ament_cmake_ros/cmake)
-- Using all available rosidl_typesupport_c: rosidl_typesupport_fastrtps_c;rosidl_typesupport_introspection_c
-- Using all available rosidl_typesupport_cpp: rosidl_typesupport_fastrtps_cpp;rosidl_typesupport_introspection_cpp
-- Found PythonInterp: /usr/bin/python3 (found suitable version "3.10.12", minimum required is "3.6") 
-- Found python_cmake_module: 0.10.0 (/opt/ros/humble/share/python_cmake_module/cmake)
-- Found PythonLibs: /usr/lib/x86_64-linux-gnu/libpython3.10.so (found suitable version "3.10.12", minimum required is "3.5") 
-- Using PYTHON_EXECUTABLE: /usr/bin/python3
-- Using PYTHON_INCLUDE_DIRS: /usr/include/python3.10
-- Using PYTHON_LIBRARIES: /usr/lib/x86_64-linux-gnu/libpython3.10.so
-- Found PythonExtra: .so  
-- Configuring done
-- Generating done
-- Build files have been written to: /home/nuc-bt/ros2_ws/src/drive/controller/build/can_msgs
[  2%] [34m[1mGenerating C code for ROS interfaces[0m
[  4%] [34m[1mGenerating C++ code for ROS interfaces[0m
[  4%] Built target ament_cmake_python_symlink_can_msgs
running egg_info
creating can_msgs.egg-info
writing can_msgs.egg-info/PKG-INFO
writing dependency_links to can_msgs.egg-info/dependency_links.txt
writing top-level names to can_msgs.egg-info/top_level.txt
writing manifest file 'can_msgs.egg-info/SOURCES.txt'
reading manifest file 'can_msgs.egg-info/SOURCES.txt'
writing manifest file 'can_msgs.egg-info/SOURCES.txt'
[  4%] Built target ament_cmake_python_build_can_msgs_egg
[  6%] [32mBuilding C object CMakeFiles/can_msgs__rosidl_generator_c.dir/rosidl_generator_c/can_msgs/msg/detail/mode__functions.c.o[0m
[  8%] [32mBuilding C object CMakeFiles/can_msgs__rosidl_generator_c.dir/rosidl_generator_c/can_msgs/msg/detail/emergency__functions.c.o[0m
[ 10%] [32mBuilding C object CMakeFiles/can_msgs__rosidl_generator_c.dir/rosidl_generator_c/can_msgs/msg/detail/control_hardware__functions.c.o[0m
[ 12%] [32m[1mLinking C shared library libcan_msgs__rosidl_generator_c.so[0m
[ 12%] Built target can_msgs__rosidl_generator_c
[ 14%] [34m[1mGenerating C type support for eProsima Fast-RTPS[0m
[ 17%] [34m[1mGenerating C introspection for ROS interfaces[0m
[ 19%] [34m[1mGenerating C type support dispatch for ROS interfaces[0m
[ 19%] Built target can_msgs__cpp
[ 21%] [34m[1mGenerating C++ type support dispatch for ROS interfaces[0m
[ 25%] [34m[1mGenerating C++ type support for eProsima Fast-RTPS[0m
[ 25%] [34m[1mGenerating C++ introspection for ROS interfaces[0m
[ 27%] [32mBuilding CXX object CMakeFiles/can_msgs__rosidl_typesupport_c.dir/rosidl_typesupport_c/can_msgs/msg/control_hardware__type_support.cpp.o[0m
[ 29%] [32mBuilding CXX object CMakeFiles/can_msgs__rosidl_typesupport_c.dir/rosidl_typesupport_c/can_msgs/msg/mode__type_support.cpp.o[0m
[ 31%] [32mBuilding CXX object CMakeFiles/can_msgs__rosidl_typesupport_cpp.dir/rosidl_typesupport_cpp/can_msgs/msg/control_hardware__type_support.cpp.o[0m
[ 34%] [32mBuilding C object CMakeFiles/can_msgs__rosidl_typesupport_introspection_c.dir/rosidl_typesupport_introspection_c/can_msgs/msg/detail/control_hardware__type_support.c.o[0m
[ 36%] [32mBuilding CXX object CMakeFiles/can_msgs__rosidl_typesupport_cpp.dir/rosidl_typesupport_cpp/can_msgs/msg/mode__type_support.cpp.o[0m
[ 38%] [32mBuilding C object CMakeFiles/can_msgs__rosidl_typesupport_introspection_c.dir/rosidl_typesupport_introspection_c/can_msgs/msg/detail/mode__type_support.c.o[0m
[ 40%] [32mBuilding CXX object CMakeFiles/can_msgs__rosidl_typesupport_c.dir/rosidl_typesupport_c/can_msgs/msg/emergency__type_support.cpp.o[0m
[ 42%] [32mBuilding CXX object CMakeFiles/can_msgs__rosidl_typesupport_introspection_cpp.dir/rosidl_typesupport_introspection_cpp/can_msgs/msg/detail/control_hardware__type_support.cpp.o[0m
[ 44%] [32mBuilding CXX object CMakeFiles/can_msgs__rosidl_typesupport_fastrtps_c.dir/rosidl_typesupport_fastrtps_c/can_msgs/msg/detail/control_hardware__type_support_c.cpp.o[0m
[ 46%] [32mBuilding CXX object CMakeFiles/can_msgs__rosidl_typesupport_introspection_cpp.dir/rosidl_typesupport_introspection_cpp/can_msgs/msg/detail/mode__type_support.cpp.o[0m
[ 48%] [32mBuilding C object CMakeFiles/can_msgs__rosidl_typesupport_introspection_c.dir/rosidl_typesupport_introspection_c/can_msgs/msg/detail/emergency__type_support.c.o[0m
[ 51%] [32m[1mLinking CXX shared library libcan_msgs__rosidl_typesupport_c.so[0m
[ 53%] [32mBuilding CXX object CMakeFiles/can_msgs__rosidl_typesupport_fastrtps_cpp.dir/rosidl_typesupport_fastrtps_cpp/can_msgs/msg/detail/dds_fastrtps/control_hardware__type_support.cpp.o[0m
[ 55%] [32m[1mLinking C shared library libcan_msgs__rosidl_typesupport_introspection_c.so[0m
[ 55%] Built target can_msgs__rosidl_typesupport_c
[ 57%] [32mBuilding CXX object CMakeFiles/can_msgs__rosidl_typesupport_fastrtps_cpp.dir/rosidl_typesupport_fastrtps_cpp/can_msgs/msg/detail/dds_fastrtps/mode__type_support.cpp.o[0m
[ 59%] [32mBuilding CXX object CMakeFiles/can_msgs__rosidl_typesupport_cpp.dir/rosidl_typesupport_cpp/can_msgs/msg/emergency__type_support.cpp.o[0m
[ 59%] Built target can_msgs__rosidl_typesupport_introspection_c
[ 61%] [32mBuilding CXX object CMakeFiles/can_msgs__rosidl_typesupport_fastrtps_cpp.dir/rosidl_typesupport_fastrtps_cpp/can_msgs/msg/detail/dds_fastrtps/emergency__type_support.cpp.o[0m
[ 63%] [32mBuilding CXX object CMakeFiles/can_msgs__rosidl_typesupport_fastrtps_c.dir/rosidl_typesupport_fastrtps_c/can_msgs/msg/detail/mode__type_support_c.cpp.o[0m
[ 65%] [32mBuilding CXX object CMakeFiles/can_msgs__rosidl_typesupport_fastrtps_c.dir/rosidl_typesupport_fastrtps_c/can_msgs/msg/detail/emergency__type_support_c.cpp.o[0m
[ 68%] [32mBuilding CXX object CMakeFiles/can_msgs__rosidl_typesupport_introspection_cpp.dir/rosidl_typesupport_introspection_cpp/can_msgs/msg/detail/emergency__type_support.cpp.o[0m
[ 70%] [32m[1mLinking CXX shared library libcan_msgs__rosidl_typesupport_cpp.so[0m
[ 72%] [32m[1mLinking CXX shared library libcan_msgs__rosidl_typesupport_fastrtps_cpp.so[0m
[ 72%] Built target can_msgs__rosidl_typesupport_cpp
[ 74%] [32m[1mLinking CXX shared library libcan_msgs__rosidl_typesupport_fastrtps_c.so[0m
[ 74%] Built target can_msgs__rosidl_typesupport_fastrtps_cpp
[ 76%] [32m[1mLinking CXX shared library libcan_msgs__rosidl_typesupport_introspection_cpp.so[0m
[ 76%] Built target can_msgs__rosidl_typesupport_fastrtps_c
[ 76%] Built target can_msgs__rosidl_typesupport_introspection_cpp
[ 76%] Built target can_msgs
[ 78%] [34m[1mGenerating Python code for ROS interfaces[0m
[ 78%] Built target can_msgs__py
[ 85%] [32mBuilding C object CMakeFiles/can_msgs__rosidl_generator_py.dir/rosidl_generator_py/can_msgs/msg/_emergency_s.c.o[0m
[ 85%] [32mBuilding C object CMakeFiles/can_msgs__rosidl_generator_py.dir/rosidl_generator_py/can_msgs/msg/_control_hardware_s.c.o[0m
[ 85%] [32mBuilding C object CMakeFiles/can_msgs__rosidl_generator_py.dir/rosidl_generator_py/can_msgs/msg/_mode_s.c.o[0m
[ 87%] [32m[1mLinking C shared library rosidl_generator_py/can_msgs/libcan_msgs__rosidl_generator_py.so[0m
[ 87%] Built target can_msgs__rosidl_generator_py
[ 93%] [32mBuilding C object CMakeFiles/can_msgs__rosidl_typesupport_introspection_c__pyext.dir/rosidl_generator_py/can_msgs/_can_msgs_s.ep.rosidl_typesupport_introspection_c.c.o[0m
[ 93%] [32mBuilding C object CMakeFiles/can_msgs__rosidl_typesupport_c__pyext.dir/rosidl_generator_py/can_msgs/_can_msgs_s.ep.rosidl_typesupport_c.c.o[0m
[ 93%] [32mBuilding C object CMakeFiles/can_msgs__rosidl_typesupport_fastrtps_c__pyext.dir/rosidl_generator_py/can_msgs/_can_msgs_s.ep.rosidl_typesupport_fastrtps_c.c.o[0m
[ 97%] [32m[1mLinking C shared library rosidl_generator_py/can_msgs/can_msgs_s__rosidl_typesupport_fastrtps_c.cpython-310-x86_64-linux-gnu.so[0m
[ 97%] [32m[1mLinking C shared library rosidl_generator_py/can_msgs/can_msgs_s__rosidl_typesupport_introspection_c.cpython-310-x86_64-linux-gnu.so[0m
[100%] [32m[1mLinking C shared library rosidl_generator_py/can_msgs/can_msgs_s__rosidl_typesupport_c.cpython-310-x86_64-linux-gnu.so[0m
[100%] Built target can_msgs__rosidl_typesupport_fastrtps_c__pyext
[100%] Built target can_msgs__rosidl_typesupport_introspection_c__pyext
[100%] Built target can_msgs__rosidl_typesupport_c__pyext
-- Install configuration: ""
-- Execute custom install script
-- Symlinking: /home/nuc-bt/ros2_ws/src/drive/controller/install/can_msgs/share/ament_index/resource_index/rosidl_interfaces/can_msgs
-- Symlinking: /home/nuc-bt/ros2_ws/src/drive/controller/install/can_msgs/include/can_msgs/can_msgs/msg/control_hardware.h
-- Symlinking: /home/nuc-bt/ros2_ws/src/drive/controller/install/can_msgs/include/can_msgs/can_msgs/msg/detail/control_hardware__functions.h
-- Symlinking: /home/nuc-bt/ros2_ws/src/drive/controller/install/can_msgs/include/can_msgs/can_msgs/msg/detail/control_hardware__struct.h
-- Symlinking: /home/nuc-bt/ros2_ws/src/drive/controller/install/can_msgs/include/can_msgs/can_msgs/msg/detail/control_hardware__type_support.h
-- Symlinking: /home/nuc-bt/ros2_ws/src/drive/controller/install/can_msgs/include/can_msgs/can_msgs/msg/detail/emergency__functions.h
-- Symlinking: /home/nuc-bt/ros2_ws/src/drive/controller/install/can_msgs/include/can_msgs/can_msgs/msg/detail/emergency__struct.h
-- Symlinking: /home/nuc-bt/ros2_ws/src/drive/controller/install/can_msgs/include/can_msgs/can_msgs/msg/detail/emergency__type_support.h
-- Symlinking: /home/nuc-bt/ros2_ws/src/drive/controller/install/can_msgs/include/can_msgs/can_msgs/msg/detail/mode__functions.h
-- Symlinking: /home/nuc-bt/ros2_ws/src/drive/controller/install/can_msgs/include/can_msgs/can_msgs/msg/detail/mode__struct.h
-- Symlinking: /home/nuc-bt/ros2_ws/src/drive/controller/install/can_msgs/include/can_msgs/can_msgs/msg/detail/mode__type_support.h
-- Symlinking: /home/nuc-bt/ros2_ws/src/drive/controller/install/can_msgs/include/can_msgs/can_msgs/msg/emergency.h
-- Symlinking: /home/nuc-bt/ros2_ws/src/drive/controller/install/can_msgs/include/can_msgs/can_msgs/msg/mode.h
-- Symlinking: /home/nuc-bt/ros2_ws/src/drive/controller/install/can_msgs/include/can_msgs/can_msgs/msg/rosidl_generator_c__visibility_control.h
-- Symlinking: /home/nuc-bt/ros2_ws/src/drive/controller/install/can_msgs/share/can_msgs/environment/library_path.sh
-- Symlinking: /home/nuc-bt/ros2_ws/src/drive/controller/install/can_msgs/share/can_msgs/environment/library_path.dsv
-- Symlinking: /home/nuc-bt/ros2_ws/src/drive/controller/install/can_msgs/include/can_msgs/can_msgs/msg/detail/control_hardware__rosidl_typesupport_fastrtps_c.h
-- Symlinking: /home/nuc-bt/ros2_ws/src/drive/controller/install/can_msgs/include/can_msgs/can_msgs/msg/detail/emergency__rosidl_typesupport_fastrtps_c.h
-- Symlinking: /home/nuc-bt/ros2_ws/src/drive/controller/install/can_msgs/include/can_msgs/can_msgs/msg/detail/mode__rosidl_typesupport_fastrtps_c.h
-- Symlinking: /home/nuc-bt/ros2_ws/src/drive/controller/install/can_msgs/include/can_msgs/can_msgs/msg/rosidl_typesupport_fastrtps_c__visibility_control.h
-- Symlinking: /home/nuc-bt/ros2_ws/src/drive/controller/install/can_msgs/include/can_msgs/can_msgs/msg/control_hardware.hpp
-- Symlinking: /home/nuc-bt/ros2_ws/src/drive/controller/install/can_msgs/include/can_msgs/can_msgs/msg/detail/control_hardware__builder.hpp
-- Symlinking: /home/nuc-bt/ros2_ws/src/drive/controller/install/can_msgs/include/can_msgs/can_msgs/msg/detail/control_hardware__struct.hpp
-- Symlinking: /home/nuc-bt/ros2_ws/src/drive/controller/install/can_msgs/include/can_msgs/can_msgs/msg/detail/control_hardware__traits.hpp
-- Symlinking: /home/nuc-bt/ros2_ws/src/drive/controller/install/can_msgs/include/can_msgs/can_msgs/msg/detail/emergency__builder.hpp
-- Symlinking: /home/nuc-bt/ros2_ws/src/drive/controller/install/can_msgs/include/can_msgs/can_msgs/msg/detail/emergency__struct.hpp
-- Symlinking: /home/nuc-bt/ros2_ws/src/drive/controller/install/can_msgs/include/can_msgs/can_msgs/msg/detail/emergency__traits.hpp
-- Symlinking: /home/nuc-bt/ros2_ws/src/drive/controller/install/can_msgs/include/can_msgs/can_msgs/msg/detail/mode__builder.hpp
-- Symlinking: /home/nuc-bt/ros2_ws/src/drive/controller/install/can_msgs/include/can_msgs/can_msgs/msg/detail/mode__struct.hpp
-- Symlinking: /home/nuc-bt/ros2_ws/src/drive/controller/install/can_msgs/include/can_msgs/can_msgs/msg/detail/mode__traits.hpp
-- Symlinking: /home/nuc-bt/ros2_ws/src/drive/controller/install/can_msgs/include/can_msgs/can_msgs/msg/emergency.hpp
-- Symlinking: /home/nuc-bt/ros2_ws/src/drive/controller/install/can_msgs/include/can_msgs/can_msgs/msg/mode.hpp
-- Symlinking: /home/nuc-bt/ros2_ws/src/drive/controller/install/can_msgs/include/can_msgs/can_msgs/msg/detail/control_hardware__rosidl_typesupport_fastrtps_cpp.hpp
-- Symlinking: /home/nuc-bt/ros2_ws/src/drive/controller/install/can_msgs/include/can_msgs/can_msgs/msg/detail/emergency__rosidl_typesupport_fastrtps_cpp.hpp
-- Symlinking: /home/nuc-bt/ros2_ws/src/drive/controller/install/can_msgs/include/can_msgs/can_msgs/msg/detail/mode__rosidl_typesupport_fastrtps_cpp.hpp
-- Symlinking: /home/nuc-bt/ros2_ws/src/drive/controller/install/can_msgs/include/can_msgs/can_msgs/msg/rosidl_typesupport_fastrtps_cpp__visibility_control.h
-- Symlinking: /home/nuc-bt/ros2_ws/src/drive/controller/install/can_msgs/include/can_msgs/can_msgs/msg/detail/control_hardware__rosidl_typesupport_introspection_c.h
-- Symlinking: /home/nuc-bt/ros2_ws/src/drive/controller/install/can_msgs/include/can_msgs/can_msgs/msg/detail/emergency__rosidl_typesupport_introspection_c.h
-- Symlinking: /home/nuc-bt/ros2_ws/src/drive/controller/install/can_msgs/include/can_msgs/can_msgs/msg/detail/mode__rosidl_typesupport_introspection_c.h
-- Symlinking: /home/nuc-bt/ros2_ws/src/drive/controller/install/can_msgs/include/can_msgs/can_msgs/msg/rosidl_typesupport_introspection_c__visibility_control.h
-- Symlinking: /home/nuc-bt/ros2_ws/src/drive/controller/install/can_msgs/include/can_msgs/can_msgs/msg/detail/control_hardware__rosidl_typesupport_introspection_cpp.hpp
-- Symlinking: /home/nuc-bt/ros2_ws/src/drive/controller/install/can_msgs/include/can_msgs/can_msgs/msg/detail/emergency__rosidl_typesupport_introspection_cpp.hpp
-- Symlinking: /home/nuc-bt/ros2_ws/src/drive/controller/install/can_msgs/include/can_msgs/can_msgs/msg/detail/mode__rosidl_typesupport_introspection_cpp.hpp
-- Symlinking: /home/nuc-bt/ros2_ws/src/drive/controller/install/can_msgs/share/can_msgs/environment/pythonpath.sh
-- Symlinking: /home/nuc-bt/ros2_ws/src/drive/controller/install/can_msgs/share/can_msgs/environment/pythonpath.dsv
-- Symlinking: /home/nuc-bt/ros2_ws/src/drive/controller/install/can_msgs/local/lib/python3.10/dist-packages/can_msgs-0.0.0-py3.10.egg-info/PKG-INFO
-- Symlinking: /home/nuc-bt/ros2_ws/src/drive/controller/install/can_msgs/local/lib/python3.10/dist-packages/can_msgs-0.0.0-py3.10.egg-info/SOURCES.txt
-- Symlinking: /home/nuc-bt/ros2_ws/src/drive/controller/install/can_msgs/local/lib/python3.10/dist-packages/can_msgs-0.0.0-py3.10.egg-info/dependency_links.txt
-- Symlinking: /home/nuc-bt/ros2_ws/src/drive/controller/install/can_msgs/local/lib/python3.10/dist-packages/can_msgs-0.0.0-py3.10.egg-info/top_level.txt
-- Symlinking: /home/nuc-bt/ros2_ws/src/drive/controller/install/can_msgs/local/lib/python3.10/dist-packages/can_msgs/__init__.py
-- Symlinking: /home/nuc-bt/ros2_ws/src/drive/controller/install/can_msgs/local/lib/python3.10/dist-packages/can_msgs/_can_msgs_s.ep.rosidl_typesupport_c.c
-- Symlinking: /home/nuc-bt/ros2_ws/src/drive/controller/install/can_msgs/local/lib/python3.10/dist-packages/can_msgs/_can_msgs_s.ep.rosidl_typesupport_fastrtps_c.c
-- Symlinking: /home/nuc-bt/ros2_ws/src/drive/controller/install/can_msgs/local/lib/python3.10/dist-packages/can_msgs/_can_msgs_s.ep.rosidl_typesupport_introspection_c.c
-- Symlinking: /home/nuc-bt/ros2_ws/src/drive/controller/install/can_msgs/local/lib/python3.10/dist-packages/can_msgs/can_msgs_s__rosidl_typesupport_c.cpython-310-x86_64-linux-gnu.so
-- Symlinking: /home/nuc-bt/ros2_ws/src/drive/controller/install/can_msgs/local/lib/python3.10/dist-packages/can_msgs/can_msgs_s__rosidl_typesupport_fastrtps_c.cpython-310-x86_64-linux-gnu.so
-- Symlinking: /home/nuc-bt/ros2_ws/src/drive/controller/install/can_msgs/local/lib/python3.10/dist-packages/can_msgs/can_msgs_s__rosidl_typesupport_introspection_c.cpython-310-x86_64-linux-gnu.so
-- Symlinking: /home/nuc-bt/ros2_ws/src/drive/controller/install/can_msgs/local/lib/python3.10/dist-packages/can_msgs/libcan_msgs__rosidl_generator_py.so
-- Symlinking: /home/nuc-bt/ros2_ws/src/drive/controller/install/can_msgs/local/lib/python3.10/dist-packages/can_msgs/msg/__init__.py
-- Symlinking: /home/nuc-bt/ros2_ws/src/drive/controller/install/can_msgs/local/lib/python3.10/dist-packages/can_msgs/msg/_control_hardware.py
-- Symlinking: /home/nuc-bt/ros2_ws/src/drive/controller/install/can_msgs/local/lib/python3.10/dist-packages/can_msgs/msg/_control_hardware_s.c
-- Symlinking: /home/nuc-bt/ros2_ws/src/drive/controller/install/can_msgs/local/lib/python3.10/dist-packages/can_msgs/msg/_emergency.py
-- Symlinking: /home/nuc-bt/ros2_ws/src/drive/controller/install/can_msgs/local/lib/python3.10/dist-packages/can_msgs/msg/_emergency_s.c
-- Symlinking: /home/nuc-bt/ros2_ws/src/drive/controller/install/can_msgs/local/lib/python3.10/dist-packages/can_msgs/msg/_mode.py
-- Symlinking: /home/nuc-bt/ros2_ws/src/drive/controller/install/can_msgs/local/lib/python3.10/dist-packages/can_msgs/msg/_mode_s.c
-- Up-to-date symlink: /home/nuc-bt/ros2_ws/src/drive/controller/install/can_msgs/local/lib/python3.10/dist-packages/can_msgs/can_msgs_s__rosidl_typesupport_fastrtps_c.cpython-310-x86_64-linux-gnu.so
-- Up-to-date symlink: /home/nuc-bt/ros2_ws/src/drive/controller/install/can_msgs/local/lib/python3.10/dist-packages/can_msgs/can_msgs_s__rosidl_typesupport_introspection_c.cpython-310-x86_64-linux-gnu.so
-- Up-to-date symlink: /home/nuc-bt/ros2_ws/src/drive/controller/install/can_msgs/local/lib/python3.10/dist-packages/can_msgs/can_msgs_s__rosidl_typesupport_c.cpython-310-x86_64-linux-gnu.so
-- Symlinking: /home/nuc-bt/ros2_ws/src/drive/controller/install/can_msgs/share/can_msgs/msg/ControlHardware.idl
-- Symlinking: /home/nuc-bt/ros2_ws/src/drive/controller/install/can_msgs/share/can_msgs/msg/Mode.idl
-- Symlinking: /home/nuc-bt/ros2_ws/src/drive/controller/install/can_msgs/share/can_msgs/msg/Emergency.idl
-- Symlinking: /home/nuc-bt/ros2_ws/src/drive/controller/install/can_msgs/share/can_msgs/msg/ControlHardware.msg
-- Symlinking: /home/nuc-bt/ros2_ws/src/drive/controller/install/can_msgs/share/can_msgs/msg/Mode.msg
-- Symlinking: /home/nuc-bt/ros2_ws/src/drive/controller/install/can_msgs/share/can_msgs/msg/Emergency.msg
-- Symlinking: /home/nuc-bt/ros2_ws/src/drive/controller/install/can_msgs/share/ament_index/resource_index/package_run_dependencies/can_msgs
-- Symlinking: /home/nuc-bt/ros2_ws/src/drive/controller/install/can_msgs/share/ament_index/resource_index/parent_prefix_path/can_msgs
-- Symlinking: /home/nuc-bt/ros2_ws/src/drive/controller/install/can_msgs/share/can_msgs/environment/ament_prefix_path.sh
-- Symlinking: /home/nuc-bt/ros2_ws/src/drive/controller/install/can_msgs/share/can_msgs/environment/ament_prefix_path.dsv
-- Symlinking: /home/nuc-bt/ros2_ws/src/drive/controller/install/can_msgs/share/can_msgs/environment/path.sh
-- Symlinking: /home/nuc-bt/ros2_ws/src/drive/controller/install/can_msgs/share/can_msgs/environment/path.dsv
-- Symlinking: /home/nuc-bt/ros2_ws/src/drive/controller/install/can_msgs/share/can_msgs/local_setup.bash
-- Symlinking: /home/nuc-bt/ros2_ws/src/drive/controller/install/can_msgs/share/can_msgs/local_setup.sh
-- Symlinking: /home/nuc-bt/ros2_ws/src/drive/controller/install/can_msgs/share/can_msgs/local_setup.zsh
-- Symlinking: /home/nuc-bt/ros2_ws/src/drive/controller/install/can_msgs/share/can_msgs/local_setup.dsv
-- Symlinking: /home/nuc-bt/ros2_ws/src/drive/controller/install/can_msgs/share/can_msgs/package.dsv
-- Symlinking: /home/nuc-bt/ros2_ws/src/drive/controller/install/can_msgs/share/ament_index/resource_index/packages/can_msgs
-- Symlinking: /home/nuc-bt/ros2_ws/src/drive/controller/install/can_msgs/share/can_msgs/cmake/rosidl_cmake-extras.cmake
-- Symlinking: /home/nuc-bt/ros2_ws/src/drive/controller/install/can_msgs/share/can_msgs/cmake/ament_cmake_export_dependencies-extras.cmake
-- Symlinking: /home/nuc-bt/ros2_ws/src/drive/controller/install/can_msgs/share/can_msgs/cmake/ament_cmake_export_include_directories-extras.cmake
-- Symlinking: /home/nuc-bt/ros2_ws/src/drive/controller/install/can_msgs/share/can_msgs/cmake/ament_cmake_export_libraries-extras.cmake
-- Symlinking: /home/nuc-bt/ros2_ws/src/drive/controller/install/can_msgs/share/can_msgs/cmake/ament_cmake_export_targets-extras.cmake
-- Symlinking: /home/nuc-bt/ros2_ws/src/drive/controller/install/can_msgs/share/can_msgs/cmake/rosidl_cmake_export_typesupport_targets-extras.cmake
-- Symlinking: /home/nuc-bt/ros2_ws/src/drive/controller/install/can_msgs/share/can_msgs/cmake/rosidl_cmake_export_typesupport_libraries-extras.cmake
-- Symlinking: /home/nuc-bt/ros2_ws/src/drive/controller/install/can_msgs/share/can_msgs/cmake/can_msgsConfig.cmake
-- Symlinking: /home/nuc-bt/ros2_ws/src/drive/controller/install/can_msgs/share/can_msgs/cmake/can_msgsConfig-version.cmake
-- Symlinking: /home/nuc-bt/ros2_ws/src/drive/controller/install/can_msgs/share/can_msgs/package.xml
-- Installing: /home/nuc-bt/ros2_ws/src/drive/controller/install/can_msgs/lib/libcan_msgs__rosidl_generator_c.so
-- Set runtime path of "/home/nuc-bt/ros2_ws/src/drive/controller/install/can_msgs/lib/libcan_msgs__rosidl_generator_c.so" to ""
-- Installing: /home/nuc-bt/ros2_ws/src/drive/controller/install/can_msgs/lib/libcan_msgs__rosidl_typesupport_fastrtps_c.so
-- Set runtime path of "/home/nuc-bt/ros2_ws/src/drive/controller/install/can_msgs/lib/libcan_msgs__rosidl_typesupport_fastrtps_c.so" to ""
-- Installing: /home/nuc-bt/ros2_ws/src/drive/controller/install/can_msgs/lib/libcan_msgs__rosidl_typesupport_fastrtps_cpp.so
-- Set runtime path of "/home/nuc-bt/ros2_ws/src/drive/controller/install/can_msgs/lib/libcan_msgs__rosidl_typesupport_fastrtps_cpp.so" to ""
-- Installing: /home/nuc-bt/ros2_ws/src/drive/controller/install/can_msgs/lib/libcan_msgs__rosidl_typesupport_introspection_c.so
-- Set runtime path of "/home/nuc-bt/ros2_ws/src/drive/controller/install/can_msgs/lib/libcan_msgs__rosidl_typesupport_introspection_c.so" to ""
-- Installing: /home/nuc-bt/ros2_ws/src/drive/controller/install/can_msgs/lib/libcan_msgs__rosidl_typesupport_c.so
-- Set runtime path of "/home/nuc-bt/ros2_ws/src/drive/controller/install/can_msgs/lib/libcan_msgs__rosidl_typesupport_c.so" to ""
-- Installing: /home/nuc-bt/ros2_ws/src/drive/controller/install/can_msgs/lib/libcan_msgs__rosidl_typesupport_introspection_cpp.so
-- Set runtime path of "/home/nuc-bt/ros2_ws/src/drive/controller/install/can_msgs/lib/libcan_msgs__rosidl_typesupport_introspection_cpp.so" to ""
-- Installing: /home/nuc-bt/ros2_ws/src/drive/controller/install/can_msgs/lib/libcan_msgs__rosidl_typesupport_cpp.so
-- Set runtime path of "/home/nuc-bt/ros2_ws/src/drive/controller/install/can_msgs/lib/libcan_msgs__rosidl_typesupport_cpp.so" to ""
Listing '/home/nuc-bt/ros2_ws/src/drive/controller/install/can_msgs/local/lib/python3.10/dist-packages/can_msgs'...
Compiling '/home/nuc-bt/ros2_ws/src/drive/controller/install/can_msgs/local/lib/python3.10/dist-packages/can_msgs/__init__.py'...
Listing '/home/nuc-bt/ros2_ws/src/drive/controller/install/can_msgs/local/lib/python3.10/dist-packages/can_msgs/msg'...
Compiling '/home/nuc-bt/ros2_ws/src/drive/controller/install/can_msgs/local/lib/python3.10/dist-packages/can_msgs/msg/__init__.py'...
Compiling '/home/nuc-bt/ros2_ws/src/drive/controller/install/can_msgs/local/lib/python3.10/dist-packages/can_msgs/msg/_control_hardware.py'...
Compiling '/home/nuc-bt/ros2_ws/src/drive/controller/install/can_msgs/local/lib/python3.10/dist-packages/can_msgs/msg/_emergency.py'...
Compiling '/home/nuc-bt/ros2_ws/src/drive/controller/install/can_msgs/local/lib/python3.10/dist-packages/can_msgs/msg/_mode.py'...
-- Installing: /home/nuc-bt/ros2_ws/src/drive/controller/install/can_msgs/lib/libcan_msgs__rosidl_generator_py.so
-- Set runtime path of "/home/nuc-bt/ros2_ws/src/drive/controller/install/can_msgs/lib/libcan_msgs__rosidl_generator_py.so" to ""
-- Installing: /home/nuc-bt/ros2_ws/src/drive/controller/install/can_msgs/share/can_msgs/cmake/export_can_msgs__rosidl_generator_cExport.cmake
-- Installing: /home/nuc-bt/ros2_ws/src/drive/controller/install/can_msgs/share/can_msgs/cmake/export_can_msgs__rosidl_generator_cExport-noconfig.cmake
-- Installing: /home/nuc-bt/ros2_ws/src/drive/controller/install/can_msgs/share/can_msgs/cmake/export_can_msgs__rosidl_typesupport_fastrtps_cExport.cmake
-- Installing: /home/nuc-bt/ros2_ws/src/drive/controller/install/can_msgs/share/can_msgs/cmake/export_can_msgs__rosidl_typesupport_fastrtps_cExport-noconfig.cmake
-- Installing: /home/nuc-bt/ros2_ws/src/drive/controller/install/can_msgs/share/can_msgs/cmake/export_can_msgs__rosidl_generator_cppExport.cmake
-- Installing: /home/nuc-bt/ros2_ws/src/drive/controller/install/can_msgs/share/can_msgs/cmake/export_can_msgs__rosidl_typesupport_fastrtps_cppExport.cmake
-- Installing: /home/nuc-bt/ros2_ws/src/drive/controller/install/can_msgs/share/can_msgs/cmake/export_can_msgs__rosidl_typesupport_fastrtps_cppExport-noconfig.cmake
-- Installing: /home/nuc-bt/ros2_ws/src/drive/controller/install/can_msgs/share/can_msgs/cmake/can_msgs__rosidl_typesupport_introspection_cExport.cmake
-- Installing: /home/nuc-bt/ros2_ws/src/drive/controller/install/can_msgs/share/can_msgs/cmake/can_msgs__rosidl_typesupport_introspection_cExport-noconfig.cmake
-- Installing: /home/nuc-bt/ros2_ws/src/drive/controller/install/can_msgs/share/can_msgs/cmake/can_msgs__rosidl_typesupport_cExport.cmake
-- Installing: /home/nuc-bt/ros2_ws/src/drive/controller/install/can_msgs/share/can_msgs/cmake/can_msgs__rosidl_typesupport_cExport-noconfig.cmake
-- Installing: /home/nuc-bt/ros2_ws/src/drive/controller/install/can_msgs/share/can_msgs/cmake/can_msgs__rosidl_typesupport_introspection_cppExport.cmake
-- Installing: /home/nuc-bt/ros2_ws/src/drive/controller/install/can_msgs/share/can_msgs/cmake/can_msgs__rosidl_typesupport_introspection_cppExport-noconfig.cmake
-- Installing: /home/nuc-bt/ros2_ws/src/drive/controller/install/can_msgs/share/can_msgs/cmake/can_msgs__rosidl_typesupport_cppExport.cmake
-- Installing: /home/nuc-bt/ros2_ws/src/drive/controller/install/can_msgs/share/can_msgs/cmake/can_msgs__rosidl_typesupport_cppExport-noconfig.cmake
-- Installing: /home/nuc-bt/ros2_ws/src/drive/controller/install/can_msgs/share/can_msgs/cmake/export_can_msgs__rosidl_generator_pyExport.cmake
-- Installing: /home/nuc-bt/ros2_ws/src/drive/controller/install/can_msgs/share/can_msgs/cmake/export_can_msgs__rosidl_generator_pyExport-noconfig.cmake
