[0.366s] DEBUG:colcon:Command line arguments: ['/usr/bin/colcon', 'build', '--symlink-install']
[0.366s] DEBUG:colcon:Parsed command line arguments: Namespace(ament_cmake_args=None, base_paths=['.'], build_base='build', catkin_cmake_args=None, catkin_skip_building_tests=False, cmake_args=None, cmake_clean_cache=False, cmake_clean_first=False, cmake_force_configure=False, cmake_target=None, cmake_target_skip_unavailable=False, continue_on_error=False, event_handlers=None, executor='parallel', ignore_user_meta=False, install_base='install', log_base=None, log_level=None, main=<bound method BuildVerb.main of <colcon_core.verb.build.BuildVerb object at 0x7f81a4500040>>, merge_install=False, metas=['./colcon.meta'], mixin=None, mixin_files=None, mixin_verb=('build',), packages_above=None, packages_above_and_dependencies=None, packages_above_depth=None, packages_end=None, packages_ignore=None, packages_ignore_regex=None, packages_select=None, packages_select_build_failed=False, packages_select_by_dep=None, packages_select_regex=None, packages_select_test_failures=False, packages_skip=None, packages_skip_build_finished=False, packages_skip_by_dep=None, packages_skip_regex=None, packages_skip_test_passed=False, packages_skip_up_to=None, packages_start=None, packages_up_to=None, packages_up_to_regex=None, parallel_workers=8, paths=None, symlink_install=True, test_result_base=None, verb_extension=<colcon_core.verb.build.BuildVerb object at 0x7f81a4500040>, verb_name='build', verb_parser=<colcon_mixin.mixin.mixin_argument.MixinArgumentDecorator object at 0x7f81a4500670>)
[0.397s] Level 1:colcon.colcon_core.package_discovery:discover_packages(colcon_meta) check parameters
[0.398s] INFO:colcon.colcon_metadata.package_discovery.colcon_meta:Using configuration from '/root/.colcon/metadata/default/Gazebo.meta'
[0.399s] INFO:colcon.colcon_metadata.package_discovery.colcon_meta:Using configuration from '/root/.colcon/metadata/default/fastrtps.meta'
[0.399s] Level 1:colcon.colcon_core.package_discovery:discover_packages(recursive) check parameters
[0.399s] Level 1:colcon.colcon_core.package_discovery:discover_packages(ignore) check parameters
[0.399s] Level 1:colcon.colcon_core.package_discovery:discover_packages(path) check parameters
[0.399s] Level 1:colcon.colcon_core.package_discovery:discover_packages(colcon_meta) discover
[0.399s] Level 1:colcon.colcon_core.package_discovery:discover_packages(recursive) discover
[0.399s] INFO:colcon.colcon_core.package_discovery:Crawling recursively for packages in '/ws/controller/FakeController/fake_controller'
[0.399s] Level 1:colcon.colcon_core.package_identification:_identify(.) by extensions ['ignore', 'ignore_ament_install']
[0.399s] Level 1:colcon.colcon_core.package_identification:_identify(.) by extension 'ignore'
[0.399s] Level 1:colcon.colcon_core.package_identification:_identify(.) by extension 'ignore_ament_install'
[0.399s] Level 1:colcon.colcon_core.package_identification:_identify(.) by extensions ['colcon_pkg']
[0.399s] Level 1:colcon.colcon_core.package_identification:_identify(.) by extension 'colcon_pkg'
[0.399s] Level 1:colcon.colcon_core.package_identification:_identify(.) by extensions ['colcon_meta']
[0.399s] Level 1:colcon.colcon_core.package_identification:_identify(.) by extension 'colcon_meta'
[0.399s] Level 1:colcon.colcon_core.package_identification:_identify(.) by extensions ['ros']
[0.399s] Level 1:colcon.colcon_core.package_identification:_identify(.) by extension 'ros'
[0.421s] DEBUG:colcon.colcon_core.package_identification:Package '.' with type 'ros.ament_cmake' and name 'fake_controller'
[0.421s] Level 1:colcon.colcon_core.package_discovery:discover_packages(recursive) using defaults
[0.421s] Level 1:colcon.colcon_core.package_discovery:discover_packages(ignore) discover
[0.421s] Level 1:colcon.colcon_core.package_discovery:discover_packages(ignore) using defaults
[0.421s] Level 1:colcon.colcon_core.package_discovery:discover_packages(path) discover
[0.421s] Level 1:colcon.colcon_core.package_discovery:discover_packages(path) using defaults
[0.446s] Level 5:colcon.colcon_core.verb:set package 'fake_controller' build argument 'cmake_args' from command line to 'None'
[0.446s] Level 5:colcon.colcon_core.verb:set package 'fake_controller' build argument 'cmake_target' from command line to 'None'
[0.446s] Level 5:colcon.colcon_core.verb:set package 'fake_controller' build argument 'cmake_target_skip_unavailable' from command line to 'False'
[0.446s] Level 5:colcon.colcon_core.verb:set package 'fake_controller' build argument 'cmake_clean_cache' from command line to 'False'
[0.446s] Level 5:colcon.colcon_core.verb:set package 'fake_controller' build argument 'cmake_clean_first' from command line to 'False'
[0.446s] Level 5:colcon.colcon_core.verb:set package 'fake_controller' build argument 'cmake_force_configure' from command line to 'False'
[0.446s] Level 5:colcon.colcon_core.verb:set package 'fake_controller' build argument 'ament_cmake_args' from command line to 'None'
[0.446s] Level 5:colcon.colcon_core.verb:set package 'fake_controller' build argument 'catkin_cmake_args' from command line to 'None'
[0.446s] Level 5:colcon.colcon_core.verb:set package 'fake_controller' build argument 'catkin_skip_building_tests' from command line to 'False'
[0.446s] DEBUG:colcon.colcon_core.verb:Building package 'fake_controller' with the following arguments: {'ament_cmake_args': None, 'build_base': '/ws/controller/FakeController/fake_controller/build/fake_controller', 'catkin_cmake_args': None, 'catkin_skip_building_tests': False, 'cmake_args': None, 'cmake_clean_cache': False, 'cmake_clean_first': False, 'cmake_force_configure': False, 'cmake_target': None, 'cmake_target_skip_unavailable': False, 'install_base': '/ws/controller/FakeController/fake_controller/install/fake_controller', 'merge_install': False, 'path': '/ws/controller/FakeController/fake_controller', 'symlink_install': True, 'test_result_base': None}
[0.447s] INFO:colcon.colcon_core.executor:Executing jobs using 'parallel' executor
[0.453s] DEBUG:colcon.colcon_parallel_executor.executor.parallel:run_until_complete
[0.453s] INFO:colcon.colcon_ros.task.ament_cmake.build:Building ROS package in '/ws/controller/FakeController/fake_controller' with build type 'ament_cmake'
[0.454s] INFO:colcon.colcon_cmake.task.cmake.build:Building CMake package in '/ws/controller/FakeController/fake_controller'
[0.461s] INFO:colcon.colcon_core.plugin_system:Skipping extension 'colcon_core.shell.bat': Not used on non-Windows systems
[0.462s] INFO:colcon.colcon_core.shell:Skip shell extension 'powershell' for command environment: Not usable outside of PowerShell
[0.462s] DEBUG:colcon.colcon_core.shell:Skip shell extension 'dsv' for command environment
[0.478s] DEBUG:colcon.colcon_core.event_handler.log_command:Invoking command in '/ws/controller/FakeController/fake_controller/build/fake_controller': CMAKE_PREFIX_PATH=${CMAKE_PREFIX_PATH}:/opt/ros/foxy /usr/bin/cmake /ws/controller/FakeController/fake_controller -DAMENT_CMAKE_SYMLINK_INSTALL=1 -DCMAKE_INSTALL_PREFIX=/ws/controller/FakeController/fake_controller/install/fake_controller
[3.038s] DEBUG:colcon.colcon_core.event_handler.log_command:Invoked command in '/ws/controller/FakeController/fake_controller/build/fake_controller' returned '0': CMAKE_PREFIX_PATH=${CMAKE_PREFIX_PATH}:/opt/ros/foxy /usr/bin/cmake /ws/controller/FakeController/fake_controller -DAMENT_CMAKE_SYMLINK_INSTALL=1 -DCMAKE_INSTALL_PREFIX=/ws/controller/FakeController/fake_controller/install/fake_controller
[3.042s] DEBUG:colcon.colcon_core.event_handler.log_command:Invoking command in '/ws/controller/FakeController/fake_controller/build/fake_controller': CMAKE_PREFIX_PATH=${CMAKE_PREFIX_PATH}:/opt/ros/foxy /usr/bin/cmake --build /ws/controller/FakeController/fake_controller/build/fake_controller -- -j8 -l8
[6.968s] DEBUG:colcon.colcon_core.event_handler.log_command:Invoked command in '/ws/controller/FakeController/fake_controller/build/fake_controller' returned '0': CMAKE_PREFIX_PATH=${CMAKE_PREFIX_PATH}:/opt/ros/foxy /usr/bin/cmake --build /ws/controller/FakeController/fake_controller/build/fake_controller -- -j8 -l8
[7.031s] DEBUG:colcon.colcon_core.event_handler.log_command:Invoking command in '/ws/controller/FakeController/fake_controller/build/fake_controller': CMAKE_PREFIX_PATH=${CMAKE_PREFIX_PATH}:/opt/ros/foxy /usr/bin/cmake --install /ws/controller/FakeController/fake_controller/build/fake_controller
[7.265s] Level 1:colcon.colcon_core.environment:create_environment_scripts_only(fake_controller)
[7.266s] DEBUG:colcon.colcon_core.event_handler.log_command:Invoked command in '/ws/controller/FakeController/fake_controller/build/fake_controller' returned '0': CMAKE_PREFIX_PATH=${CMAKE_PREFIX_PATH}:/opt/ros/foxy /usr/bin/cmake --install /ws/controller/FakeController/fake_controller/build/fake_controller
[7.275s] Level 1:colcon.colcon_core.environment:checking '/ws/controller/FakeController/fake_controller/install/fake_controller' for CMake module files
[7.275s] Level 1:colcon.colcon_core.environment:checking '/ws/controller/FakeController/fake_controller/install/fake_controller' for CMake config files
[7.276s] Level 1:colcon.colcon_core.shell:create_environment_hook('fake_controller', 'cmake_prefix_path')
[7.279s] INFO:colcon.colcon_core.shell:Creating environment hook '/ws/controller/FakeController/fake_controller/install/fake_controller/share/fake_controller/hook/cmake_prefix_path.ps1'
[7.279s] INFO:colcon.colcon_core.shell:Creating environment descriptor '/ws/controller/FakeController/fake_controller/install/fake_controller/share/fake_controller/hook/cmake_prefix_path.dsv'
[7.280s] INFO:colcon.colcon_core.shell:Creating environment hook '/ws/controller/FakeController/fake_controller/install/fake_controller/share/fake_controller/hook/cmake_prefix_path.sh'
[7.281s] Level 1:colcon.colcon_core.environment:checking '/ws/controller/FakeController/fake_controller/install/fake_controller/lib'
[7.281s] Level 1:colcon.colcon_core.environment:checking '/ws/controller/FakeController/fake_controller/install/fake_controller/bin'
[7.281s] Level 1:colcon.colcon_core.environment:checking '/ws/controller/FakeController/fake_controller/install/fake_controller/lib/pkgconfig/fake_controller.pc'
[7.282s] Level 1:colcon.colcon_core.environment:checking '/ws/controller/FakeController/fake_controller/install/fake_controller/lib/python3.8/site-packages'
[7.282s] Level 1:colcon.colcon_core.environment:checking '/ws/controller/FakeController/fake_controller/install/fake_controller/bin'
[7.285s] INFO:colcon.colcon_core.shell:Creating package script '/ws/controller/FakeController/fake_controller/install/fake_controller/share/fake_controller/package.ps1'
[7.285s] INFO:colcon.colcon_core.shell:Creating package descriptor '/ws/controller/FakeController/fake_controller/install/fake_controller/share/fake_controller/package.dsv'
[7.286s] INFO:colcon.colcon_core.shell:Creating package script '/ws/controller/FakeController/fake_controller/install/fake_controller/share/fake_controller/package.sh'
[7.287s] INFO:colcon.colcon_core.shell:Creating package script '/ws/controller/FakeController/fake_controller/install/fake_controller/share/fake_controller/package.bash'
[7.288s] INFO:colcon.colcon_core.shell:Creating package script '/ws/controller/FakeController/fake_controller/install/fake_controller/share/fake_controller/package.zsh'
[7.288s] Level 1:colcon.colcon_core.environment:create_file_with_runtime_dependencies(/ws/controller/FakeController/fake_controller/install/fake_controller/share/colcon-core/packages/fake_controller)
[7.337s] Level 1:colcon.colcon_core.environment:create_environment_scripts_only(fake_controller)
[7.343s] Level 1:colcon.colcon_core.environment:checking '/ws/controller/FakeController/fake_controller/install/fake_controller' for CMake module files
[7.344s] Level 1:colcon.colcon_core.environment:checking '/ws/controller/FakeController/fake_controller/install/fake_controller' for CMake config files
[7.344s] Level 1:colcon.colcon_core.shell:create_environment_hook('fake_controller', 'cmake_prefix_path')
[7.347s] INFO:colcon.colcon_core.shell:Creating environment hook '/ws/controller/FakeController/fake_controller/install/fake_controller/share/fake_controller/hook/cmake_prefix_path.ps1'
[7.347s] INFO:colcon.colcon_core.shell:Creating environment descriptor '/ws/controller/FakeController/fake_controller/install/fake_controller/share/fake_controller/hook/cmake_prefix_path.dsv'
[7.348s] INFO:colcon.colcon_core.shell:Creating environment hook '/ws/controller/FakeController/fake_controller/install/fake_controller/share/fake_controller/hook/cmake_prefix_path.sh'
[7.348s] Level 1:colcon.colcon_core.environment:checking '/ws/controller/FakeController/fake_controller/install/fake_controller/lib'
[7.348s] Level 1:colcon.colcon_core.environment:checking '/ws/controller/FakeController/fake_controller/install/fake_controller/bin'
[7.349s] Level 1:colcon.colcon_core.environment:checking '/ws/controller/FakeController/fake_controller/install/fake_controller/lib/pkgconfig/fake_controller.pc'
[7.349s] Level 1:colcon.colcon_core.environment:checking '/ws/controller/FakeController/fake_controller/install/fake_controller/lib/python3.8/site-packages'
[7.349s] Level 1:colcon.colcon_core.environment:checking '/ws/controller/FakeController/fake_controller/install/fake_controller/bin'
[7.352s] INFO:colcon.colcon_core.shell:Creating package script '/ws/controller/FakeController/fake_controller/install/fake_controller/share/fake_controller/package.ps1'
[7.352s] INFO:colcon.colcon_core.shell:Creating package descriptor '/ws/controller/FakeController/fake_controller/install/fake_controller/share/fake_controller/package.dsv'
[7.353s] INFO:colcon.colcon_core.shell:Creating package script '/ws/controller/FakeController/fake_controller/install/fake_controller/share/fake_controller/package.sh'
[7.353s] INFO:colcon.colcon_core.shell:Creating package script '/ws/controller/FakeController/fake_controller/install/fake_controller/share/fake_controller/package.bash'
[7.353s] INFO:colcon.colcon_core.shell:Creating package script '/ws/controller/FakeController/fake_controller/install/fake_controller/share/fake_controller/package.zsh'
[7.354s] Level 1:colcon.colcon_core.environment:create_file_with_runtime_dependencies(/ws/controller/FakeController/fake_controller/install/fake_controller/share/colcon-core/packages/fake_controller)
[7.354s] DEBUG:colcon.colcon_parallel_executor.executor.parallel:closing loop
[7.355s] DEBUG:colcon.colcon_parallel_executor.executor.parallel:loop closed
[7.355s] DEBUG:colcon.colcon_parallel_executor.executor.parallel:run_until_complete finished with '0'
[7.355s] DEBUG:colcon.colcon_core.event_reactor:joining thread
[7.364s] INFO:colcon.colcon_core.plugin_system:Skipping extension 'colcon_notification.desktop_notification.notify_send': Could not find 'notify-send'
[7.364s] INFO:colcon.colcon_core.plugin_system:Skipping extension 'colcon_notification.desktop_notification.terminal_notifier': Not used on non-Darwin systems
[7.364s] INFO:colcon.colcon_core.plugin_system:Skipping extension 'colcon_notification.desktop_notification.win32': Not used on non-Windows systems
[7.364s] INFO:colcon.colcon_notification.desktop_notification:Sending desktop notification using 'notify2'
[7.364s] DEBUG:colcon.colcon_notification.desktop_notification.notify2:Failed to initialize notify2: org.freedesktop.DBus.Error.NotSupported: Unable to autolaunch a dbus-daemon without a $DISPLAY for X11
[7.364s] DEBUG:colcon.colcon_core.event_reactor:joined thread
[7.367s] INFO:colcon.colcon_core.shell:Creating prefix script '/ws/controller/FakeController/fake_controller/install/local_setup.ps1'
[7.368s] INFO:colcon.colcon_core.shell:Creating prefix util module '/ws/controller/FakeController/fake_controller/install/_local_setup_util_ps1.py'
[7.369s] INFO:colcon.colcon_core.shell:Creating prefix chain script '/ws/controller/FakeController/fake_controller/install/setup.ps1'
[7.371s] INFO:colcon.colcon_core.shell:Creating prefix script '/ws/controller/FakeController/fake_controller/install/local_setup.sh'
[7.372s] INFO:colcon.colcon_core.shell:Creating prefix util module '/ws/controller/FakeController/fake_controller/install/_local_setup_util_sh.py'
[7.372s] INFO:colcon.colcon_core.shell:Creating prefix chain script '/ws/controller/FakeController/fake_controller/install/setup.sh'
[7.374s] INFO:colcon.colcon_core.shell:Creating prefix script '/ws/controller/FakeController/fake_controller/install/local_setup.bash'
[7.374s] INFO:colcon.colcon_core.shell:Creating prefix chain script '/ws/controller/FakeController/fake_controller/install/setup.bash'
[7.376s] INFO:colcon.colcon_core.shell:Creating prefix script '/ws/controller/FakeController/fake_controller/install/local_setup.zsh'
[7.377s] INFO:colcon.colcon_core.shell:Creating prefix chain script '/ws/controller/FakeController/fake_controller/install/setup.zsh'
