[0.090s] Invoking command in '/home/nuc-bt/ros2_ws/src/drive/controller/build/fake_controller': CMAKE_PREFIX_PATH=${CMAKE_PREFIX_PATH}:/home/nuc-bt/ros2_ws/src/drive/example/install/turtlebot3_teleop:/home/nuc-bt/ros2_ws/src/drive/example/install/turtlebot3_example:/home/nuc-bt/ros2_ws/src/drive/amr-navigation/install/nav2_simple_commander:/opt/ros/humble /usr/bin/cmake /home/nuc-bt/ros2_ws/src/drive/controller/FakeController/fake_controller -DAMENT_CMAKE_SYMLINK_INSTALL=1 -DCMAKE_INSTALL_PREFIX=/home/nuc-bt/ros2_ws/src/drive/controller/install/fake_controller
[0.145s] -- The C compiler identification is GNU 11.4.0
[0.191s] -- The CXX compiler identification is GNU 11.4.0
[0.198s] -- Detecting C compiler ABI info
[0.268s] -- Detecting C compiler ABI info - done
[0.273s] -- Check for working C compiler: /usr/bin/cc - skipped
[0.273s] -- Detecting C compile features
[0.273s] -- Detecting C compile features - done
[0.275s] -- Detecting CXX compiler ABI info
[0.354s] -- Detecting CXX compiler ABI info - done
[0.359s] -- Check for working CXX compiler: /usr/bin/c++ - skipped
[0.360s] -- Detecting CXX compile features
[0.360s] -- Detecting CXX compile features - done
[0.366s] -- Found ament_cmake: 1.3.6 (/opt/ros/humble/share/ament_cmake/cmake)
[0.537s] -- Found Python3: /usr/bin/python3.10 (found version "3.10.12") found components: Interpreter 
[0.588s] -- Override CMake install command with custom implementation using symlinks instead of copying resources
[0.661s] -- Found rclcpp: 16.0.7 (/opt/ros/humble/share/rclcpp/cmake)
[0.730s] -- Found rosidl_generator_c: 3.1.5 (/opt/ros/humble/share/rosidl_generator_c/cmake)
[0.741s] -- Found rosidl_adapter: 3.1.5 (/opt/ros/humble/share/rosidl_adapter/cmake)
[0.754s] -- Found rosidl_generator_cpp: 3.1.5 (/opt/ros/humble/share/rosidl_generator_cpp/cmake)
[0.772s] -- Using all available rosidl_typesupport_c: rosidl_typesupport_fastrtps_c;rosidl_typesupport_introspection_c
[0.804s] -- Using all available rosidl_typesupport_cpp: rosidl_typesupport_fastrtps_cpp;rosidl_typesupport_introspection_cpp
[0.891s] -- Found rmw_implementation_cmake: 6.1.1 (/opt/ros/humble/share/rmw_implementation_cmake/cmake)
[0.900s] -- Found rmw_fastrtps_cpp: 6.2.5 (/opt/ros/humble/share/rmw_fastrtps_cpp/cmake)
[1.027s] -- Found OpenSSL: /usr/lib/x86_64-linux-gnu/libcrypto.so (found version "3.0.2")  
[1.054s] -- Found FastRTPS: /opt/ros/humble/include  
[1.099s] -- Using RMW implementation 'rmw_fastrtps_cpp' as default
[1.117s] -- Looking for pthread.h
[1.189s] -- Looking for pthread.h - found
[1.189s] -- Performing Test CMAKE_HAVE_LIBC_PTHREAD
[1.264s] -- Performing Test CMAKE_HAVE_LIBC_PTHREAD - Success
[1.264s] -- Found Threads: TRUE  
[1.390s] -- Found geometry_msgs: 4.2.3 (/opt/ros/humble/share/geometry_msgs/cmake)
[1.422s] -- Found nav_msgs: 4.2.3 (/opt/ros/humble/share/nav_msgs/cmake)
[1.482s] -- Found sensor_msgs: 4.2.3 (/opt/ros/humble/share/sensor_msgs/cmake)
[1.542s] -- Found tf2_ros: 0.25.5 (/opt/ros/humble/share/tf2_ros/cmake)
[1.886s] -- Configuring done
[1.895s] -- Generating done
[1.896s] -- Build files have been written to: /home/nuc-bt/ros2_ws/src/drive/controller/build/fake_controller
[1.903s] Invoked command in '/home/nuc-bt/ros2_ws/src/drive/controller/build/fake_controller' returned '0': CMAKE_PREFIX_PATH=${CMAKE_PREFIX_PATH}:/home/nuc-bt/ros2_ws/src/drive/example/install/turtlebot3_teleop:/home/nuc-bt/ros2_ws/src/drive/example/install/turtlebot3_example:/home/nuc-bt/ros2_ws/src/drive/amr-navigation/install/nav2_simple_commander:/opt/ros/humble /usr/bin/cmake /home/nuc-bt/ros2_ws/src/drive/controller/FakeController/fake_controller -DAMENT_CMAKE_SYMLINK_INSTALL=1 -DCMAKE_INSTALL_PREFIX=/home/nuc-bt/ros2_ws/src/drive/controller/install/fake_controller
[1.905s] Invoking command in '/home/nuc-bt/ros2_ws/src/drive/controller/build/fake_controller': CMAKE_PREFIX_PATH=${CMAKE_PREFIX_PATH}:/home/nuc-bt/ros2_ws/src/drive/example/install/turtlebot3_teleop:/home/nuc-bt/ros2_ws/src/drive/example/install/turtlebot3_example:/home/nuc-bt/ros2_ws/src/drive/amr-navigation/install/nav2_simple_commander:/opt/ros/humble /usr/bin/cmake --build /home/nuc-bt/ros2_ws/src/drive/controller/build/fake_controller -- -j8 -l8
[1.976s] [ 25%] [32mBuilding CXX object CMakeFiles/fake_controller_node.dir/src/FakeController.cpp.o[0m
[1.977s] [ 50%] [32mBuilding CXX object CMakeFiles/fake_controller_node.dir/src/constants.cpp.o[0m
[1.978s] [ 75%] [32mBuilding CXX object CMakeFiles/fake_controller_node.dir/src/main.cpp.o[0m
[5.904s] [100%] [32m[1mLinking CXX executable fake_controller_node[0m
[6.074s] [100%] Built target fake_controller_node
[6.084s] Invoked command in '/home/nuc-bt/ros2_ws/src/drive/controller/build/fake_controller' returned '0': CMAKE_PREFIX_PATH=${CMAKE_PREFIX_PATH}:/home/nuc-bt/ros2_ws/src/drive/example/install/turtlebot3_teleop:/home/nuc-bt/ros2_ws/src/drive/example/install/turtlebot3_example:/home/nuc-bt/ros2_ws/src/drive/amr-navigation/install/nav2_simple_commander:/opt/ros/humble /usr/bin/cmake --build /home/nuc-bt/ros2_ws/src/drive/controller/build/fake_controller -- -j8 -l8
[6.146s] Invoking command in '/home/nuc-bt/ros2_ws/src/drive/controller/build/fake_controller': CMAKE_PREFIX_PATH=${CMAKE_PREFIX_PATH}:/home/nuc-bt/ros2_ws/src/drive/example/install/turtlebot3_teleop:/home/nuc-bt/ros2_ws/src/drive/example/install/turtlebot3_example:/home/nuc-bt/ros2_ws/src/drive/amr-navigation/install/nav2_simple_commander:/opt/ros/humble /usr/bin/cmake --install /home/nuc-bt/ros2_ws/src/drive/controller/build/fake_controller
[6.156s] -- Install configuration: ""
[6.156s] -- Execute custom install script
[6.157s] -- Symlinking: /home/nuc-bt/ros2_ws/src/drive/controller/install/fake_controller/lib/fake_controller/fake_controller_node
[6.167s] -- Symlinking: /home/nuc-bt/ros2_ws/src/drive/controller/install/fake_controller/share/ament_index/resource_index/package_run_dependencies/fake_controller
[6.177s] -- Symlinking: /home/nuc-bt/ros2_ws/src/drive/controller/install/fake_controller/share/ament_index/resource_index/parent_prefix_path/fake_controller
[6.188s] -- Symlinking: /home/nuc-bt/ros2_ws/src/drive/controller/install/fake_controller/share/fake_controller/environment/ament_prefix_path.sh
[6.198s] -- Symlinking: /home/nuc-bt/ros2_ws/src/drive/controller/install/fake_controller/share/fake_controller/environment/ament_prefix_path.dsv
[6.207s] -- Symlinking: /home/nuc-bt/ros2_ws/src/drive/controller/install/fake_controller/share/fake_controller/environment/path.sh
[6.217s] -- Symlinking: /home/nuc-bt/ros2_ws/src/drive/controller/install/fake_controller/share/fake_controller/environment/path.dsv
[6.227s] -- Symlinking: /home/nuc-bt/ros2_ws/src/drive/controller/install/fake_controller/share/fake_controller/local_setup.bash
[6.237s] -- Symlinking: /home/nuc-bt/ros2_ws/src/drive/controller/install/fake_controller/share/fake_controller/local_setup.sh
[6.247s] -- Symlinking: /home/nuc-bt/ros2_ws/src/drive/controller/install/fake_controller/share/fake_controller/local_setup.zsh
[6.257s] -- Symlinking: /home/nuc-bt/ros2_ws/src/drive/controller/install/fake_controller/share/fake_controller/local_setup.dsv
[6.267s] -- Symlinking: /home/nuc-bt/ros2_ws/src/drive/controller/install/fake_controller/share/fake_controller/package.dsv
[6.277s] -- Symlinking: /home/nuc-bt/ros2_ws/src/drive/controller/install/fake_controller/share/ament_index/resource_index/packages/fake_controller
[6.287s] -- Symlinking: /home/nuc-bt/ros2_ws/src/drive/controller/install/fake_controller/share/fake_controller/cmake/fake_controllerConfig.cmake
[6.297s] -- Symlinking: /home/nuc-bt/ros2_ws/src/drive/controller/install/fake_controller/share/fake_controller/cmake/fake_controllerConfig-version.cmake
[6.307s] -- Symlinking: /home/nuc-bt/ros2_ws/src/drive/controller/install/fake_controller/share/fake_controller/package.xml
[6.319s] Invoked command in '/home/nuc-bt/ros2_ws/src/drive/controller/build/fake_controller' returned '0': CMAKE_PREFIX_PATH=${CMAKE_PREFIX_PATH}:/home/nuc-bt/ros2_ws/src/drive/example/install/turtlebot3_teleop:/home/nuc-bt/ros2_ws/src/drive/example/install/turtlebot3_example:/home/nuc-bt/ros2_ws/src/drive/amr-navigation/install/nav2_simple_commander:/opt/ros/humble /usr/bin/cmake --install /home/nuc-bt/ros2_ws/src/drive/controller/build/fake_controller
