-- The C compiler identification is GNU 11.4.0
-- The CXX compiler identification is GNU 11.4.0
-- Detecting C compiler ABI info
-- Detecting C compiler ABI info - done
-- Check for working C compiler: /usr/bin/cc - skipped
-- Detecting C compile features
-- Detecting C compile features - done
-- Detecting CXX compiler ABI info
-- Detecting CXX compiler ABI info - done
-- Check for working CXX compiler: /usr/bin/c++ - skipped
-- Detecting CXX compile features
-- Detecting CXX compile features - done
-- Found ament_cmake: 1.3.6 (/opt/ros/humble/share/ament_cmake/cmake)
-- Found Python3: /usr/bin/python3.10 (found version "3.10.12") found components: Interpreter 
-- Override CMake install command with custom implementation using symlinks instead of copying resources
-- Found rclcpp: 16.0.7 (/opt/ros/humble/share/rclcpp/cmake)
-- Found rosidl_generator_c: 3.1.5 (/opt/ros/humble/share/rosidl_generator_c/cmake)
-- Found rosidl_adapter: 3.1.5 (/opt/ros/humble/share/rosidl_adapter/cmake)
-- Found rosidl_generator_cpp: 3.1.5 (/opt/ros/humble/share/rosidl_generator_cpp/cmake)
-- Using all available rosidl_typesupport_c: rosidl_typesupport_fastrtps_c;rosidl_typesupport_introspection_c
-- Using all available rosidl_typesupport_cpp: rosidl_typesupport_fastrtps_cpp;rosidl_typesupport_introspection_cpp
-- Found rmw_implementation_cmake: 6.1.1 (/opt/ros/humble/share/rmw_implementation_cmake/cmake)
-- Found rmw_fastrtps_cpp: 6.2.5 (/opt/ros/humble/share/rmw_fastrtps_cpp/cmake)
-- Found OpenSSL: /usr/lib/x86_64-linux-gnu/libcrypto.so (found version "3.0.2")  
-- Found FastRTPS: /opt/ros/humble/include  
-- Using RMW implementation 'rmw_fastrtps_cpp' as default
-- Looking for pthread.h
-- Looking for pthread.h - found
-- Performing Test CMAKE_HAVE_LIBC_PTHREAD
-- Performing Test CMAKE_HAVE_LIBC_PTHREAD - Success
-- Found Threads: TRUE  
-- Found geometry_msgs: 4.2.3 (/opt/ros/humble/share/geometry_msgs/cmake)
-- Found can_msgs: 0.0.0 (/home/nuc-bt/ros2_ws/src/drive/controller/install/can_msgs/share/can_msgs/cmake)
-- Found sensor_msgs: 4.2.3 (/opt/ros/humble/share/sensor_msgs/cmake)
-- Found tf2_ros: 0.25.5 (/opt/ros/humble/share/tf2_ros/cmake)
-- Configuring done
-- Generating done
-- Build files have been written to: /home/nuc-bt/ros2_ws/src/drive/controller/build/wm_motion_controller
[ 20%] [32mBuilding CXX object CMakeFiles/wm_motion_controller_node.dir/src/wm_motion_controller/wm_motion_controller.cpp.o[0m
[ 26%] [32mBuilding CXX object CMakeFiles/wm_motion_controller_node.dir/src/can/can_adaptor.cpp.o[0m
[ 33%] [32mBuilding CXX object CMakeFiles/wm_motion_controller_node.dir/src/wm_motion_controller/wm_motion_controller_constants.cpp.o[0m
[ 20%] [32mBuilding CXX object CMakeFiles/wm_motion_controller_node.dir/src/main.cpp.o[0m
[ 40%] [32mBuilding CXX object CMakeFiles/wm_motion_controller_node.dir/src/can/can_send.cpp.o[0m
[ 20%] [32mBuilding CXX object CMakeFiles/wm_motion_controller_node.dir/src/can/lib.cpp.o[0m
[ 46%] [32mBuilding CXX object CMakeFiles/wm_motion_controller_node.dir/src/can/data_relayer.cpp.o[0m
[ 53%] [32mBuilding CXX object CMakeFiles/wm_motion_controller_node.dir/src/can/can_dump.cpp.o[0m
[ 60%] [32mBuilding CXX object CMakeFiles/wm_motion_controller_node.dir/src/can/can_manager.cpp.o[0m
[ 66%] [32mBuilding CXX object CMakeFiles/wm_motion_controller_node.dir/src/colleague/motion_colleague.cpp.o[0m
[ 73%] [32mBuilding CXX object CMakeFiles/wm_motion_controller_node.dir/src/mediator/concrete_motion_mediator.cpp.o[0m
[ 80%] [32mBuilding CXX object CMakeFiles/wm_motion_controller_node.dir/src/converter/ugv_converter.cpp.o[0m
[ 86%] [32mBuilding CXX object CMakeFiles/wm_motion_controller_node.dir/src/entity/ugv.cpp.o[0m
[ 93%] [32mBuilding CXX object CMakeFiles/wm_motion_controller_node.dir/src/quaternion/quaternion.cpp.o[0m
[100%] [32m[1mLinking CXX executable wm_motion_controller_node[0m
[100%] Built target wm_motion_controller_node
-- Install configuration: ""
-- Execute custom install script
-- Symlinking: /home/nuc-bt/ros2_ws/src/drive/controller/install/wm_motion_controller/lib/wm_motion_controller/wm_motion_controller_node
-- Symlinking: /home/nuc-bt/ros2_ws/src/drive/controller/install/wm_motion_controller/share/wm_motion_controller/launch/__pycache__/motion_controller_launch.cpython-38.pyc
-- Symlinking: /home/nuc-bt/ros2_ws/src/drive/controller/install/wm_motion_controller/share/wm_motion_controller/launch/motion_controller_launch.py
-- Symlinking: /home/nuc-bt/ros2_ws/src/drive/controller/install/wm_motion_controller/share/ament_index/resource_index/package_run_dependencies/wm_motion_controller
-- Symlinking: /home/nuc-bt/ros2_ws/src/drive/controller/install/wm_motion_controller/share/ament_index/resource_index/parent_prefix_path/wm_motion_controller
-- Symlinking: /home/nuc-bt/ros2_ws/src/drive/controller/install/wm_motion_controller/share/wm_motion_controller/environment/ament_prefix_path.sh
-- Symlinking: /home/nuc-bt/ros2_ws/src/drive/controller/install/wm_motion_controller/share/wm_motion_controller/environment/ament_prefix_path.dsv
-- Symlinking: /home/nuc-bt/ros2_ws/src/drive/controller/install/wm_motion_controller/share/wm_motion_controller/environment/path.sh
-- Symlinking: /home/nuc-bt/ros2_ws/src/drive/controller/install/wm_motion_controller/share/wm_motion_controller/environment/path.dsv
-- Symlinking: /home/nuc-bt/ros2_ws/src/drive/controller/install/wm_motion_controller/share/wm_motion_controller/local_setup.bash
-- Symlinking: /home/nuc-bt/ros2_ws/src/drive/controller/install/wm_motion_controller/share/wm_motion_controller/local_setup.sh
-- Symlinking: /home/nuc-bt/ros2_ws/src/drive/controller/install/wm_motion_controller/share/wm_motion_controller/local_setup.zsh
-- Symlinking: /home/nuc-bt/ros2_ws/src/drive/controller/install/wm_motion_controller/share/wm_motion_controller/local_setup.dsv
-- Symlinking: /home/nuc-bt/ros2_ws/src/drive/controller/install/wm_motion_controller/share/wm_motion_controller/package.dsv
-- Symlinking: /home/nuc-bt/ros2_ws/src/drive/controller/install/wm_motion_controller/share/ament_index/resource_index/packages/wm_motion_controller
-- Symlinking: /home/nuc-bt/ros2_ws/src/drive/controller/install/wm_motion_controller/share/wm_motion_controller/cmake/wm_motion_controllerConfig.cmake
-- Symlinking: /home/nuc-bt/ros2_ws/src/drive/controller/install/wm_motion_controller/share/wm_motion_controller/cmake/wm_motion_controllerConfig-version.cmake
-- Symlinking: /home/nuc-bt/ros2_ws/src/drive/controller/install/wm_motion_controller/share/wm_motion_controller/package.xml
