[0.350s] DEBUG:colcon:Command line arguments: ['/usr/bin/colcon', 'build', '--symlink-install']
[0.350s] DEBUG:colcon:Parsed command line arguments: Namespace(ament_cmake_args=None, base_paths=['.'], build_base='build', catkin_cmake_args=None, catkin_skip_building_tests=False, cmake_args=None, cmake_clean_cache=False, cmake_clean_first=False, cmake_force_configure=False, cmake_target=None, cmake_target_skip_unavailable=False, continue_on_error=False, event_handlers=None, executor='parallel', ignore_user_meta=False, install_base='install', log_base=None, log_level=None, main=<bound method BuildVerb.main of <colcon_core.verb.build.BuildVerb object at 0x7f3c1f0c8160>>, merge_install=False, metas=['./colcon.meta'], mixin=None, mixin_files=None, mixin_verb=('build',), packages_above=None, packages_above_and_dependencies=None, packages_above_depth=None, packages_end=None, packages_ignore=None, packages_ignore_regex=None, packages_select=None, packages_select_build_failed=False, packages_select_by_dep=None, packages_select_regex=None, packages_select_test_failures=False, packages_skip=None, packages_skip_build_finished=False, packages_skip_by_dep=None, packages_skip_regex=None, packages_skip_test_passed=False, packages_skip_up_to=None, packages_start=None, packages_up_to=None, packages_up_to_regex=None, parallel_workers=8, paths=None, symlink_install=True, test_result_base=None, verb_extension=<colcon_core.verb.build.BuildVerb object at 0x7f3c1f0c8160>, verb_name='build', verb_parser=<colcon_mixin.mixin.mixin_argument.MixinArgumentDecorator object at 0x7f3c1f0c87c0>)
[0.379s] Level 1:colcon.colcon_core.package_discovery:discover_packages(colcon_meta) check parameters
[0.379s] INFO:colcon.colcon_metadata.package_discovery.colcon_meta:Using configuration from '/root/.colcon/metadata/default/Gazebo.meta'
[0.380s] INFO:colcon.colcon_metadata.package_discovery.colcon_meta:Using configuration from '/root/.colcon/metadata/default/fastrtps.meta'
[0.380s] Level 1:colcon.colcon_core.package_discovery:discover_packages(recursive) check parameters
[0.380s] Level 1:colcon.colcon_core.package_discovery:discover_packages(ignore) check parameters
[0.380s] Level 1:colcon.colcon_core.package_discovery:discover_packages(path) check parameters
[0.380s] Level 1:colcon.colcon_core.package_discovery:discover_packages(colcon_meta) discover
[0.380s] Level 1:colcon.colcon_core.package_discovery:discover_packages(recursive) discover
[0.380s] INFO:colcon.colcon_core.package_discovery:Crawling recursively for packages in '/ws/controller/odom_listener'
[0.380s] Level 1:colcon.colcon_core.package_identification:_identify(.) by extensions ['ignore', 'ignore_ament_install']
[0.380s] Level 1:colcon.colcon_core.package_identification:_identify(.) by extension 'ignore'
[0.380s] Level 1:colcon.colcon_core.package_identification:_identify(.) by extension 'ignore_ament_install'
[0.380s] Level 1:colcon.colcon_core.package_identification:_identify(.) by extensions ['colcon_pkg']
[0.381s] Level 1:colcon.colcon_core.package_identification:_identify(.) by extension 'colcon_pkg'
[0.381s] Level 1:colcon.colcon_core.package_identification:_identify(.) by extensions ['colcon_meta']
[0.381s] Level 1:colcon.colcon_core.package_identification:_identify(.) by extension 'colcon_meta'
[0.381s] Level 1:colcon.colcon_core.package_identification:_identify(.) by extensions ['ros']
[0.381s] Level 1:colcon.colcon_core.package_identification:_identify(.) by extension 'ros'
[0.401s] DEBUG:colcon.colcon_core.package_identification:Package '.' with type 'ros.ament_cmake' and name 'odom_listener'
[0.401s] Level 1:colcon.colcon_core.package_discovery:discover_packages(recursive) using defaults
[0.401s] Level 1:colcon.colcon_core.package_discovery:discover_packages(ignore) discover
[0.401s] Level 1:colcon.colcon_core.package_discovery:discover_packages(ignore) using defaults
[0.401s] Level 1:colcon.colcon_core.package_discovery:discover_packages(path) discover
[0.401s] Level 1:colcon.colcon_core.package_discovery:discover_packages(path) using defaults
[0.425s] Level 5:colcon.colcon_core.verb:set package 'odom_listener' build argument 'cmake_args' from command line to 'None'
[0.425s] Level 5:colcon.colcon_core.verb:set package 'odom_listener' build argument 'cmake_target' from command line to 'None'
[0.425s] Level 5:colcon.colcon_core.verb:set package 'odom_listener' build argument 'cmake_target_skip_unavailable' from command line to 'False'
[0.425s] Level 5:colcon.colcon_core.verb:set package 'odom_listener' build argument 'cmake_clean_cache' from command line to 'False'
[0.425s] Level 5:colcon.colcon_core.verb:set package 'odom_listener' build argument 'cmake_clean_first' from command line to 'False'
[0.425s] Level 5:colcon.colcon_core.verb:set package 'odom_listener' build argument 'cmake_force_configure' from command line to 'False'
[0.425s] Level 5:colcon.colcon_core.verb:set package 'odom_listener' build argument 'ament_cmake_args' from command line to 'None'
[0.425s] Level 5:colcon.colcon_core.verb:set package 'odom_listener' build argument 'catkin_cmake_args' from command line to 'None'
[0.425s] Level 5:colcon.colcon_core.verb:set package 'odom_listener' build argument 'catkin_skip_building_tests' from command line to 'False'
[0.425s] DEBUG:colcon.colcon_core.verb:Building package 'odom_listener' with the following arguments: {'ament_cmake_args': None, 'build_base': '/ws/controller/odom_listener/build/odom_listener', 'catkin_cmake_args': None, 'catkin_skip_building_tests': False, 'cmake_args': None, 'cmake_clean_cache': False, 'cmake_clean_first': False, 'cmake_force_configure': False, 'cmake_target': None, 'cmake_target_skip_unavailable': False, 'install_base': '/ws/controller/odom_listener/install/odom_listener', 'merge_install': False, 'path': '/ws/controller/odom_listener', 'symlink_install': True, 'test_result_base': None}
[0.426s] INFO:colcon.colcon_core.executor:Executing jobs using 'parallel' executor
[0.432s] DEBUG:colcon.colcon_parallel_executor.executor.parallel:run_until_complete
[0.432s] INFO:colcon.colcon_ros.task.ament_cmake.build:Building ROS package in '/ws/controller/odom_listener' with build type 'ament_cmake'
[0.433s] INFO:colcon.colcon_cmake.task.cmake.build:Building CMake package in '/ws/controller/odom_listener'
[0.440s] INFO:colcon.colcon_core.plugin_system:Skipping extension 'colcon_core.shell.bat': Not used on non-Windows systems
[0.441s] INFO:colcon.colcon_core.shell:Skip shell extension 'powershell' for command environment: Not usable outside of PowerShell
[0.441s] DEBUG:colcon.colcon_core.shell:Skip shell extension 'dsv' for command environment
[0.442s] WARNING:colcon.colcon_core.prefix_path.colcon:The path '/ws/controller/odom-listener/install' in the environment variable COLCON_PREFIX_PATH doesn't exist
[0.443s] WARNING:colcon.colcon_ros.prefix_path.ament:The path '/ws/controller/odom-listener/install/odom-listener' in the environment variable AMENT_PREFIX_PATH doesn't exist
[0.443s] WARNING:colcon.colcon_ros.prefix_path.catkin:The path '/ws/controller/odom-listener/install/odom-listener' in the environment variable CMAKE_PREFIX_PATH doesn't exist
[0.457s] DEBUG:colcon.colcon_core.event_handler.log_command:Invoking command in '/ws/controller/odom_listener/build/odom_listener': CMAKE_PREFIX_PATH=${CMAKE_PREFIX_PATH}:/opt/ros/foxy /usr/bin/cmake /ws/controller/odom_listener -DAMENT_CMAKE_SYMLINK_INSTALL=1 -DCMAKE_INSTALL_PREFIX=/ws/controller/odom_listener/install/odom_listener
[2.334s] DEBUG:colcon.colcon_core.event_handler.log_command:Invoked command in '/ws/controller/odom_listener/build/odom_listener' returned '0': CMAKE_PREFIX_PATH=${CMAKE_PREFIX_PATH}:/opt/ros/foxy /usr/bin/cmake /ws/controller/odom_listener -DAMENT_CMAKE_SYMLINK_INSTALL=1 -DCMAKE_INSTALL_PREFIX=/ws/controller/odom_listener/install/odom_listener
[2.338s] DEBUG:colcon.colcon_core.event_handler.log_command:Invoking command in '/ws/controller/odom_listener/build/odom_listener': CMAKE_PREFIX_PATH=${CMAKE_PREFIX_PATH}:/opt/ros/foxy /usr/bin/cmake --build /ws/controller/odom_listener/build/odom_listener -- -j8 -l8
[7.104s] DEBUG:colcon.colcon_core.event_handler.log_command:Invoked command in '/ws/controller/odom_listener/build/odom_listener' returned '0': CMAKE_PREFIX_PATH=${CMAKE_PREFIX_PATH}:/opt/ros/foxy /usr/bin/cmake --build /ws/controller/odom_listener/build/odom_listener -- -j8 -l8
[7.150s] DEBUG:colcon.colcon_core.event_handler.log_command:Invoking command in '/ws/controller/odom_listener/build/odom_listener': CMAKE_PREFIX_PATH=${CMAKE_PREFIX_PATH}:/opt/ros/foxy /usr/bin/cmake --install /ws/controller/odom_listener/build/odom_listener
[7.353s] Level 1:colcon.colcon_core.environment:create_environment_scripts_only(odom_listener)
[7.356s] DEBUG:colcon.colcon_core.event_handler.log_command:Invoked command in '/ws/controller/odom_listener/build/odom_listener' returned '0': CMAKE_PREFIX_PATH=${CMAKE_PREFIX_PATH}:/opt/ros/foxy /usr/bin/cmake --install /ws/controller/odom_listener/build/odom_listener
[7.361s] Level 1:colcon.colcon_core.environment:checking '/ws/controller/odom_listener/install/odom_listener' for CMake module files
[7.362s] Level 1:colcon.colcon_core.environment:checking '/ws/controller/odom_listener/install/odom_listener' for CMake config files
[7.362s] Level 1:colcon.colcon_core.shell:create_environment_hook('odom_listener', 'cmake_prefix_path')
[7.365s] INFO:colcon.colcon_core.shell:Creating environment hook '/ws/controller/odom_listener/install/odom_listener/share/odom_listener/hook/cmake_prefix_path.ps1'
[7.366s] INFO:colcon.colcon_core.shell:Creating environment descriptor '/ws/controller/odom_listener/install/odom_listener/share/odom_listener/hook/cmake_prefix_path.dsv'
[7.366s] INFO:colcon.colcon_core.shell:Creating environment hook '/ws/controller/odom_listener/install/odom_listener/share/odom_listener/hook/cmake_prefix_path.sh'
[7.367s] Level 1:colcon.colcon_core.environment:checking '/ws/controller/odom_listener/install/odom_listener/lib'
[7.367s] Level 1:colcon.colcon_core.environment:checking '/ws/controller/odom_listener/install/odom_listener/bin'
[7.367s] Level 1:colcon.colcon_core.environment:checking '/ws/controller/odom_listener/install/odom_listener/lib/pkgconfig/odom_listener.pc'
[7.368s] Level 1:colcon.colcon_core.environment:checking '/ws/controller/odom_listener/install/odom_listener/lib/python3.8/site-packages'
[7.368s] Level 1:colcon.colcon_core.environment:checking '/ws/controller/odom_listener/install/odom_listener/bin'
[7.371s] INFO:colcon.colcon_core.shell:Creating package script '/ws/controller/odom_listener/install/odom_listener/share/odom_listener/package.ps1'
[7.372s] INFO:colcon.colcon_core.shell:Creating package descriptor '/ws/controller/odom_listener/install/odom_listener/share/odom_listener/package.dsv'
[7.372s] INFO:colcon.colcon_core.shell:Creating package script '/ws/controller/odom_listener/install/odom_listener/share/odom_listener/package.sh'
[7.373s] INFO:colcon.colcon_core.shell:Creating package script '/ws/controller/odom_listener/install/odom_listener/share/odom_listener/package.bash'
[7.373s] INFO:colcon.colcon_core.shell:Creating package script '/ws/controller/odom_listener/install/odom_listener/share/odom_listener/package.zsh'
[7.374s] Level 1:colcon.colcon_core.environment:create_file_with_runtime_dependencies(/ws/controller/odom_listener/install/odom_listener/share/colcon-core/packages/odom_listener)
[7.409s] Level 1:colcon.colcon_core.environment:create_environment_scripts_only(odom_listener)
[7.412s] Level 1:colcon.colcon_core.environment:checking '/ws/controller/odom_listener/install/odom_listener' for CMake module files
[7.413s] Level 1:colcon.colcon_core.environment:checking '/ws/controller/odom_listener/install/odom_listener' for CMake config files
[7.413s] Level 1:colcon.colcon_core.shell:create_environment_hook('odom_listener', 'cmake_prefix_path')
[7.416s] INFO:colcon.colcon_core.shell:Creating environment hook '/ws/controller/odom_listener/install/odom_listener/share/odom_listener/hook/cmake_prefix_path.ps1'
[7.416s] INFO:colcon.colcon_core.shell:Creating environment descriptor '/ws/controller/odom_listener/install/odom_listener/share/odom_listener/hook/cmake_prefix_path.dsv'
[7.416s] INFO:colcon.colcon_core.shell:Creating environment hook '/ws/controller/odom_listener/install/odom_listener/share/odom_listener/hook/cmake_prefix_path.sh'
[7.417s] Level 1:colcon.colcon_core.environment:checking '/ws/controller/odom_listener/install/odom_listener/lib'
[7.417s] Level 1:colcon.colcon_core.environment:checking '/ws/controller/odom_listener/install/odom_listener/bin'
[7.417s] Level 1:colcon.colcon_core.environment:checking '/ws/controller/odom_listener/install/odom_listener/lib/pkgconfig/odom_listener.pc'
[7.417s] Level 1:colcon.colcon_core.environment:checking '/ws/controller/odom_listener/install/odom_listener/lib/python3.8/site-packages'
[7.418s] Level 1:colcon.colcon_core.environment:checking '/ws/controller/odom_listener/install/odom_listener/bin'
[7.420s] INFO:colcon.colcon_core.shell:Creating package script '/ws/controller/odom_listener/install/odom_listener/share/odom_listener/package.ps1'
[7.421s] INFO:colcon.colcon_core.shell:Creating package descriptor '/ws/controller/odom_listener/install/odom_listener/share/odom_listener/package.dsv'
[7.421s] INFO:colcon.colcon_core.shell:Creating package script '/ws/controller/odom_listener/install/odom_listener/share/odom_listener/package.sh'
[7.421s] INFO:colcon.colcon_core.shell:Creating package script '/ws/controller/odom_listener/install/odom_listener/share/odom_listener/package.bash'
[7.422s] INFO:colcon.colcon_core.shell:Creating package script '/ws/controller/odom_listener/install/odom_listener/share/odom_listener/package.zsh'
[7.422s] Level 1:colcon.colcon_core.environment:create_file_with_runtime_dependencies(/ws/controller/odom_listener/install/odom_listener/share/colcon-core/packages/odom_listener)
[7.423s] DEBUG:colcon.colcon_parallel_executor.executor.parallel:closing loop
[7.423s] DEBUG:colcon.colcon_parallel_executor.executor.parallel:loop closed
[7.423s] DEBUG:colcon.colcon_parallel_executor.executor.parallel:run_until_complete finished with '0'
[7.423s] DEBUG:colcon.colcon_core.event_reactor:joining thread
[7.431s] INFO:colcon.colcon_core.plugin_system:Skipping extension 'colcon_notification.desktop_notification.notify_send': Could not find 'notify-send'
[7.431s] INFO:colcon.colcon_core.plugin_system:Skipping extension 'colcon_notification.desktop_notification.terminal_notifier': Not used on non-Darwin systems
[7.431s] INFO:colcon.colcon_core.plugin_system:Skipping extension 'colcon_notification.desktop_notification.win32': Not used on non-Windows systems
[7.431s] INFO:colcon.colcon_notification.desktop_notification:Sending desktop notification using 'notify2'
[7.431s] DEBUG:colcon.colcon_notification.desktop_notification.notify2:Failed to initialize notify2: org.freedesktop.DBus.Error.NotSupported: Unable to autolaunch a dbus-daemon without a $DISPLAY for X11
[7.432s] DEBUG:colcon.colcon_core.event_reactor:joined thread
[7.434s] INFO:colcon.colcon_core.shell:Creating prefix script '/ws/controller/odom_listener/install/local_setup.ps1'
[7.435s] INFO:colcon.colcon_core.shell:Creating prefix util module '/ws/controller/odom_listener/install/_local_setup_util_ps1.py'
[7.436s] INFO:colcon.colcon_core.shell:Creating prefix chain script '/ws/controller/odom_listener/install/setup.ps1'
[7.438s] INFO:colcon.colcon_core.shell:Creating prefix script '/ws/controller/odom_listener/install/local_setup.sh'
[7.439s] INFO:colcon.colcon_core.shell:Creating prefix util module '/ws/controller/odom_listener/install/_local_setup_util_sh.py'
[7.439s] INFO:colcon.colcon_core.shell:Creating prefix chain script '/ws/controller/odom_listener/install/setup.sh'
[7.441s] INFO:colcon.colcon_core.shell:Creating prefix script '/ws/controller/odom_listener/install/local_setup.bash'
[7.441s] INFO:colcon.colcon_core.shell:Creating prefix chain script '/ws/controller/odom_listener/install/setup.bash'
[7.443s] INFO:colcon.colcon_core.shell:Creating prefix script '/ws/controller/odom_listener/install/local_setup.zsh'
[7.443s] INFO:colcon.colcon_core.shell:Creating prefix chain script '/ws/controller/odom_listener/install/setup.zsh'
