-- The C compiler identification is GNU 9.4.0
-- The CXX compiler identification is GNU 9.4.0
-- Check for working C compiler: /usr/bin/cc
-- Check for working C compiler: /usr/bin/cc -- works
-- Detecting C compiler ABI info
-- Detecting C compiler ABI info - done
-- Detecting C compile features
-- Detecting C compile features - done
-- Check for working CXX compiler: /usr/bin/c++
-- Check for working CXX compiler: /usr/bin/c++ -- works
-- Detecting CXX compiler ABI info
-- Detecting CXX compiler ABI info - done
-- Detecting CXX compile features
-- Detecting CXX compile features - done
-- Found ament_cmake: 0.9.12 (/opt/ros/foxy/share/ament_cmake/cmake)
-- Found PythonInterp: /usr/bin/python3 (found suitable version "3.8.10", minimum required is "3") 
-- Using PYTHON_EXECUTABLE: /usr/bin/python3
-- Override CMake install command with custom implementation using symlinks instead of copying resources
-- Found rclcpp: 2.4.3 (/opt/ros/foxy/share/rclcpp/cmake)
-- Using all available rosidl_typesupport_c: rosidl_typesupport_fastrtps_c;rosidl_typesupport_introspection_c
-- Found rosidl_adapter: 1.3.1 (/opt/ros/foxy/share/rosidl_adapter/cmake)
-- Found OpenSSL: /usr/lib/x86_64-linux-gnu/libcrypto.so (found version "1.1.1f")  
-- Found FastRTPS: /opt/ros/foxy/include  
-- Using all available rosidl_typesupport_cpp: rosidl_typesupport_fastrtps_cpp;rosidl_typesupport_introspection_cpp
-- Found rmw_implementation_cmake: 1.0.4 (/opt/ros/foxy/share/rmw_implementation_cmake/cmake)
-- Using RMW implementation 'rmw_fastrtps_cpp' as default
-- Looking for pthread.h
-- Looking for pthread.h - found
-- Performing Test CMAKE_HAVE_LIBC_PTHREAD
-- Performing Test CMAKE_HAVE_LIBC_PTHREAD - Failed
-- Looking for pthread_create in pthreads
-- Looking for pthread_create in pthreads - not found
-- Looking for pthread_create in pthread
-- Looking for pthread_create in pthread - found
-- Found Threads: TRUE  
-- Found geometry_msgs: 2.0.5 (/opt/ros/foxy/share/geometry_msgs/cmake)
-- Found nav_msgs: 2.0.5 (/opt/ros/foxy/share/nav_msgs/cmake)
-- Found sensor_msgs: 2.0.5 (/opt/ros/foxy/share/sensor_msgs/cmake)
-- Found tf2_ros: 0.13.14 (/opt/ros/foxy/share/tf2_ros/cmake)
-- Configuring done
-- Generating done
-- Build files have been written to: /ws/controller/FakeController/fake_controller/build/fake_controller
[35m[1mScanning dependencies of target fake_controller_node[0m
[ 25%] [32mBuilding CXX object CMakeFiles/fake_controller_node.dir/src/main.cpp.o[0m
[ 75%] [32mBuilding CXX object CMakeFiles/fake_controller_node.dir/src/FakeController.cpp.o[0m
[ 75%] [32mBuilding CXX object CMakeFiles/fake_controller_node.dir/src/constants.cpp.o[0m
[100%] [32m[1mLinking CXX executable fake_controller_node[0m
[100%] Built target fake_controller_node
-- Install configuration: ""
-- Execute custom install script
-- Symlinking: /ws/controller/FakeController/fake_controller/install/fake_controller/lib/fake_controller/fake_controller_node
-- Symlinking: /ws/controller/FakeController/fake_controller/install/fake_controller/share/ament_index/resource_index/package_run_dependencies/fake_controller
-- Symlinking: /ws/controller/FakeController/fake_controller/install/fake_controller/share/ament_index/resource_index/parent_prefix_path/fake_controller
-- Symlinking: /ws/controller/FakeController/fake_controller/install/fake_controller/share/fake_controller/environment/ament_prefix_path.sh
-- Symlinking: /ws/controller/FakeController/fake_controller/install/fake_controller/share/fake_controller/environment/ament_prefix_path.dsv
-- Symlinking: /ws/controller/FakeController/fake_controller/install/fake_controller/share/fake_controller/environment/path.sh
-- Symlinking: /ws/controller/FakeController/fake_controller/install/fake_controller/share/fake_controller/environment/path.dsv
-- Symlinking: /ws/controller/FakeController/fake_controller/install/fake_controller/share/fake_controller/local_setup.bash
-- Symlinking: /ws/controller/FakeController/fake_controller/install/fake_controller/share/fake_controller/local_setup.sh
-- Symlinking: /ws/controller/FakeController/fake_controller/install/fake_controller/share/fake_controller/local_setup.zsh
-- Symlinking: /ws/controller/FakeController/fake_controller/install/fake_controller/share/fake_controller/local_setup.dsv
-- Symlinking: /ws/controller/FakeController/fake_controller/install/fake_controller/share/fake_controller/package.dsv
-- Symlinking: /ws/controller/FakeController/fake_controller/install/fake_controller/share/ament_index/resource_index/packages/fake_controller
-- Symlinking: /ws/controller/FakeController/fake_controller/install/fake_controller/share/fake_controller/cmake/fake_controllerConfig.cmake
-- Symlinking: /ws/controller/FakeController/fake_controller/install/fake_controller/share/fake_controller/cmake/fake_controllerConfig-version.cmake
-- Symlinking: /ws/controller/FakeController/fake_controller/install/fake_controller/share/fake_controller/package.xml
