In file included from [01m[K/ws/controller/CanRobotControl/wm_motion_controller/src/can/lib.cpp:53[m[K:
[01m[K/ws/controller/CanRobotControl/wm_motion_controller/include/can/lib.hpp:[m[K In function ‘[01m[Kint pr_debug(const char*, ...)[m[K’:
[01m[K/ws/controller/CanRobotControl/wm_motion_controller/include/can/lib.hpp:54:40:[m[K [01;35m[Kwarning: [m[Kunused parameter ‘[01m[Kfmt[m[K’ [[01;35m[K-Wunused-parameter[m[K]
   54 | static inline int pr_debug([01;35m[Kconst char* fmt[m[K, ...) {return 0;}
      |                            [01;35m[K~~~~~~~~~~~~^~~[m[K
In file included from [01m[K/ws/controller/CanRobotControl/wm_motion_controller/src/can/can_dump.cpp:24[m[K:
[01m[K/ws/controller/CanRobotControl/wm_motion_controller/include/can/lib.hpp:[m[K In function ‘[01m[Kint pr_debug(const char*, ...)[m[K’:
[01m[K/ws/controller/CanRobotControl/wm_motion_controller/include/can/lib.hpp:54:40:[m[K [01;35m[Kwarning: [m[Kunused parameter ‘[01m[Kfmt[m[K’ [[01;35m[K-Wunused-parameter[m[K]
   54 | static inline int pr_debug([01;35m[Kconst char* fmt[m[K, ...) {return 0;}
      |                            [01;35m[K~~~~~~~~~~~~^~~[m[K
In file included from [01m[K/ws/controller/CanRobotControl/wm_motion_controller/src/wm_motion_controller/wm_motion_controller_constants.cpp:1[m[K:
[01m[K/ws/controller/CanRobotControl/wm_motion_controller/include/wm_motion_controller/wm_motion_controller_constants.hpp:[m[K In constructor ‘[01m[KWmMotionControllerConstants::WmMotionControllerConstants()[m[K’:
[01m[K/ws/controller/CanRobotControl/wm_motion_controller/include/wm_motion_controller/wm_motion_controller_constants.hpp:9:27:[m[K [01;35m[Kwarning: [m[K‘[01m[KWmMotionControllerConstants::m_tp_cmdvel[m[K’ will be initialized after [[01;35m[K-Wreorder[m[K]
    9 |         const std::string [01;35m[Km_tp_cmdvel[m[K;
      |                           [01;35m[K^~~~~~~~~~~[m[K
[01m[K/ws/controller/CanRobotControl/wm_motion_controller/include/wm_motion_controller/wm_motion_controller_constants.hpp:8:19:[m[K [01;35m[Kwarning: [m[K  ‘[01m[Kconst int WmMotionControllerConstants::m_tp_queue_size[m[K’ [[01;35m[K-Wreorder[m[K]
    8 |         const int [01;35m[Km_tp_queue_size[m[K;
      |                   [01;35m[K^~~~~~~~~~~~~~~[m[K
[01m[K/ws/controller/CanRobotControl/wm_motion_controller/src/wm_motion_controller/wm_motion_controller_constants.cpp:3:1:[m[K [01;35m[Kwarning: [m[K  when initialized here [[01;35m[K-Wreorder[m[K]
    3 | [01;35m[KWmMotionControllerConstants[m[K::WmMotionControllerConstants():
      | [01;35m[K^~~~~~~~~~~~~~~~~~~~~~~~~~~[m[K
In file included from [01m[K/ws/controller/CanRobotControl/wm_motion_controller/src/wm_motion_controller/wm_motion_controller_constants.cpp:1[m[K:
[01m[K/ws/controller/CanRobotControl/wm_motion_controller/include/wm_motion_controller/wm_motion_controller_constants.hpp:18:21:[m[K [01;35m[Kwarning: [m[K‘[01m[KWmMotionControllerConstants::rpm_break[m[K’ will be initialized after [[01;35m[K-Wreorder[m[K]
   18 |         const float [01;35m[Krpm_break[m[K;
      |                     [01;35m[K^~~~~~~~~[m[K
[01m[K/ws/controller/CanRobotControl/wm_motion_controller/include/wm_motion_controller/wm_motion_controller_constants.hpp:17:21:[m[K [01;35m[Kwarning: [m[K  ‘[01m[Kconst float WmMotionControllerConstants::zero_approximation_[m[K’ [[01;35m[K-Wreorder[m[K]
   17 |         const float [01;35m[Kzero_approximation_[m[K;
      |                     [01;35m[K^~~~~~~~~~~~~~~~~~~[m[K
[01m[K/ws/controller/CanRobotControl/wm_motion_controller/src/wm_motion_controller/wm_motion_controller_constants.cpp:3:1:[m[K [01;35m[Kwarning: [m[K  when initialized here [[01;35m[K-Wreorder[m[K]
    3 | [01;35m[KWmMotionControllerConstants[m[K::WmMotionControllerConstants():
      | [01;35m[K^~~~~~~~~~~~~~~~~~~~~~~~~~~[m[K
In file included from [01m[K/ws/controller/CanRobotControl/wm_motion_controller/src/wm_motion_controller/wm_motion_controller_constants.cpp:1[m[K:
[01m[K/ws/controller/CanRobotControl/wm_motion_controller/include/wm_motion_controller/wm_motion_controller_constants.hpp:29:27:[m[K [01;35m[Kwarning: [m[K‘[01m[KWmMotionControllerConstants::tp_rtt_odom_[m[K’ will be initialized after [[01;35m[K-Wreorder[m[K]
   29 |         const std::string [01;35m[Ktp_rtt_odom_[m[K;
      |                           [01;35m[K^~~~~~~~~~~~[m[K
[01m[K/ws/controller/CanRobotControl/wm_motion_controller/include/wm_motion_controller/wm_motion_controller_constants.hpp:19:21:[m[K [01;35m[Kwarning: [m[K  ‘[01m[Kconst float WmMotionControllerConstants::slam_mode_fast_speed_[m[K’ [[01;35m[K-Wreorder[m[K]
   19 |         const float [01;35m[Kslam_mode_fast_speed_[m[K;
      |                     [01;35m[K^~~~~~~~~~~~~~~~~~~~~[m[K
[01m[K/ws/controller/CanRobotControl/wm_motion_controller/src/wm_motion_controller/wm_motion_controller_constants.cpp:3:1:[m[K [01;35m[Kwarning: [m[K  when initialized here [[01;35m[K-Wreorder[m[K]
    3 | [01;35m[KWmMotionControllerConstants[m[K::WmMotionControllerConstants():
      | [01;35m[K^~~~~~~~~~~~~~~~~~~~~~~~~~~[m[K
In file included from [01m[K/ws/controller/CanRobotControl/wm_motion_controller/include/converter/ugv_converter.hpp:4[m[K,
                 from [01m[K/ws/controller/CanRobotControl/wm_motion_controller/src/converter/ugv_converter.cpp:1[m[K:
[01m[K/ws/controller/CanRobotControl/wm_motion_controller/include/entity/ugv.hpp:21:13:[m[K [01;35m[Kwarning: [m[Ktype qualifiers ignored on function return type [[01;35m[K-Wignored-qualifiers[m[K]
   21 |             [01;35m[Kconst[m[K int get_gear_ratio();
      |             [01;35m[K^~~~~[m[K
[01m[K/ws/controller/CanRobotControl/wm_motion_controller/include/entity/ugv.hpp:22:13:[m[K [01;35m[Kwarning: [m[Ktype qualifiers ignored on function return type [[01;35m[K-Wignored-qualifiers[m[K]
   22 |             [01;35m[Kconst[m[K float get_wheel();
      |             [01;35m[K^~~~~[m[K
[01m[K/ws/controller/CanRobotControl/wm_motion_controller/include/entity/ugv.hpp:23:13:[m[K [01;35m[Kwarning: [m[Ktype qualifiers ignored on function return type [[01;35m[K-Wignored-qualifiers[m[K]
   23 |             [01;35m[Kconst[m[K float get_cur_rpm();
      |             [01;35m[K^~~~~[m[K
In file included from [01m[K/ws/controller/CanRobotControl/wm_motion_controller/src/entity/ugv.cpp:1[m[K:
[01m[K/ws/controller/CanRobotControl/wm_motion_controller/include/entity/ugv.hpp:21:13:[m[K [01;35m[Kwarning: [m[Ktype qualifiers ignored on function return type [[01;35m[K-Wignored-qualifiers[m[K]
   21 |             [01;35m[Kconst[m[K int get_gear_ratio();
      |             [01;35m[K^~~~~[m[K
[01m[K/ws/controller/CanRobotControl/wm_motion_controller/include/entity/ugv.hpp:22:13:[m[K [01;35m[Kwarning: [m[Ktype qualifiers ignored on function return type [[01;35m[K-Wignored-qualifiers[m[K]
   22 |             [01;35m[Kconst[m[K float get_wheel();
      |             [01;35m[K^~~~~[m[K
[01m[K/ws/controller/CanRobotControl/wm_motion_controller/include/entity/ugv.hpp:23:13:[m[K [01;35m[Kwarning: [m[Ktype qualifiers ignored on function return type [[01;35m[K-Wignored-qualifiers[m[K]
   23 |             [01;35m[Kconst[m[K float get_cur_rpm();
      |             [01;35m[K^~~~~[m[K
[01m[K/ws/controller/CanRobotControl/wm_motion_controller/src/entity/ugv.cpp:17:1:[m[K [01;35m[Kwarning: [m[Ktype qualifiers ignored on function return type [[01;35m[K-Wignored-qualifiers[m[K]
   17 | [01;35m[Kconst[m[K int ENTITY::UGV::get_gear_ratio(){
      | [01;35m[K^~~~~[m[K
[01m[K/ws/controller/CanRobotControl/wm_motion_controller/src/entity/ugv.cpp:25:1:[m[K [01;35m[Kwarning: [m[Ktype qualifiers ignored on function return type [[01;35m[K-Wignored-qualifiers[m[K]
   25 | [01;35m[Kconst[m[K float ENTITY::UGV::get_wheel(){
      | [01;35m[K^~~~~[m[K
[01m[K/ws/controller/CanRobotControl/wm_motion_controller/src/entity/ugv.cpp:44:1:[m[K [01;35m[Kwarning: [m[Ktype qualifiers ignored on function return type [[01;35m[K-Wignored-qualifiers[m[K]
   44 | [01;35m[Kconst[m[K float ENTITY::UGV::get_cur_rpm(){
      | [01;35m[K^~~~~[m[K
[01m[K/ws/controller/CanRobotControl/wm_motion_controller/src/converter/ugv_converter.cpp:[m[K In member function ‘[01m[Kfloat CONVERTER::UGVConverter::rpm_to_speed()[m[K’:
[01m[K/ws/controller/CanRobotControl/wm_motion_controller/src/converter/ugv_converter.cpp:10:1:[m[K [01;35m[Kwarning: [m[Kno return statement in function returning non-void [[01;35m[K-Wreturn-type[m[K]
   10 | [01;35m[K}[m[K
      | [01;35m[K^[m[K
In file included from [01m[K/ws/controller/CanRobotControl/wm_motion_controller/src/can/can_adaptor.cpp:8[m[K:
[01m[K/ws/controller/CanRobotControl/wm_motion_controller/include/can/can_adaptor.hpp:156:5:[m[K [01;35m[Kwarning: [m[Kextra ‘[01m[K;[m[K’ [[01;35m[K-Wpedantic[m[K]
  156 |    }[01;35m[K;[m[K
      |     [01;35m[K^[m[K
      |     [31m[K-[m[K
[01m[K/ws/controller/CanRobotControl/wm_motion_controller/include/can/can_adaptor.hpp:190:5:[m[K [01;35m[Kwarning: [m[Kextra ‘[01m[K;[m[K’ [[01;35m[K-Wpedantic[m[K]
  190 |    }[01;35m[K;[m[K
      |     [01;35m[K^[m[K
      |     [31m[K-[m[K
[01m[K/ws/controller/CanRobotControl/wm_motion_controller/include/can/can_adaptor.hpp:224:5:[m[K [01;35m[Kwarning: [m[Kextra ‘[01m[K;[m[K’ [[01;35m[K-Wpedantic[m[K]
  224 |    }[01;35m[K;[m[K
      |     [01;35m[K^[m[K
      |     [31m[K-[m[K
[01m[K/ws/controller/CanRobotControl/wm_motion_controller/include/can/can_adaptor.hpp:258:5:[m[K [01;35m[Kwarning: [m[Kextra ‘[01m[K;[m[K’ [[01;35m[K-Wpedantic[m[K]
  258 |    }[01;35m[K;[m[K
      |     [01;35m[K^[m[K
      |     [31m[K-[m[K
[01m[K/ws/controller/CanRobotControl/wm_motion_controller/include/can/can_adaptor.hpp:292:5:[m[K [01;35m[Kwarning: [m[Kextra ‘[01m[K;[m[K’ [[01;35m[K-Wpedantic[m[K]
  292 |    }[01;35m[K;[m[K
      |     [01;35m[K^[m[K
      |     [31m[K-[m[K
[01m[K/ws/controller/CanRobotControl/wm_motion_controller/include/can/can_adaptor.hpp:327:5:[m[K [01;35m[Kwarning: [m[Kextra ‘[01m[K;[m[K’ [[01;35m[K-Wpedantic[m[K]
  327 |    }[01;35m[K;[m[K
      |     [01;35m[K^[m[K
      |     [31m[K-[m[K
[01m[K/ws/controller/CanRobotControl/wm_motion_controller/include/can/can_adaptor.hpp:353:5:[m[K [01;35m[Kwarning: [m[Kextra ‘[01m[K;[m[K’ [[01;35m[K-Wpedantic[m[K]
  353 |    }[01;35m[K;[m[K
      |     [01;35m[K^[m[K
      |     [31m[K-[m[K
[01m[K/ws/controller/CanRobotControl/wm_motion_controller/include/can/can_adaptor.hpp:369:5:[m[K [01;35m[Kwarning: [m[Kextra ‘[01m[K;[m[K’ [[01;35m[K-Wpedantic[m[K]
  369 |    }[01;35m[K;[m[K
      |     [01;35m[K^[m[K
      |     [31m[K-[m[K
[01m[K/ws/controller/CanRobotControl/wm_motion_controller/src/can/can_send.cpp:[m[K In member function ‘[01m[Kint CanSend::Send(std::vector<unsigned char>, unsigned int, char*)[m[K’:
[01m[K/ws/controller/CanRobotControl/wm_motion_controller/src/can/can_send.cpp:29:18:[m[K [01;35m[Kwarning: [m[Kunused variable ‘[01m[Kifr[m[K’ [[01;35m[K-Wunused-variable[m[K]
   29 |     struct ifreq [01;35m[Kifr[m[K;
      |                  [01;35m[K^~~[m[K
[01m[K/ws/controller/CanRobotControl/wm_motion_controller/src/can/can_adaptor.cpp:29:2:[m[K [01;35m[Kwarning: [m[Kextra ‘[01m[K;[m[K’ [[01;35m[K-Wpedantic[m[K]
   29 | }[01;35m[K;[m[K
      |  [01;35m[K^[m[K
[01m[K/ws/controller/CanRobotControl/wm_motion_controller/src/can/can_adaptor.cpp:43:2:[m[K [01;35m[Kwarning: [m[Kextra ‘[01m[K;[m[K’ [[01;35m[K-Wpedantic[m[K]
   43 | }[01;35m[K;[m[K
      |  [01;35m[K^[m[K
[01m[K/ws/controller/CanRobotControl/wm_motion_controller/src/can/can_send.cpp:[m[K In member function ‘[01m[Kint CanSend::SocketOpen(char*)[m[K’:
[01m[K/ws/controller/CanRobotControl/wm_motion_controller/src/can/can_send.cpp:105:9:[m[K [01;35m[Kwarning: [m[Kunused variable ‘[01m[Krequired_mtu[m[K’ [[01;35m[K-Wunused-variable[m[K]
  105 |     int [01;35m[Krequired_mtu[m[K = CAN_MTU;
      |         [01;35m[K^~~~~~~~~~~~[m[K
[01m[K/ws/controller/CanRobotControl/wm_motion_controller/src/can/can_send.cpp:106:9:[m[K [01;35m[Kwarning: [m[Kunused variable ‘[01m[Kmtu[m[K’ [[01;35m[K-Wunused-variable[m[K]
  106 |     int [01;35m[Kmtu[m[K;
      |         [01;35m[K^~~[m[K
[01m[K/ws/controller/CanRobotControl/wm_motion_controller/src/can/can_send.cpp:107:9:[m[K [01;35m[Kwarning: [m[Kunused variable ‘[01m[Kenable_canfd[m[K’ [[01;35m[K-Wunused-variable[m[K]
  107 |     int [01;35m[Kenable_canfd[m[K = 1;
      |         [01;35m[K^~~~~~~~~~~~[m[K
[01m[K/ws/controller/CanRobotControl/wm_motion_controller/src/can/can_send.cpp:109:24:[m[K [01;35m[Kwarning: [m[Kunused variable ‘[01m[Kframe[m[K’ [[01;35m[K-Wunused-variable[m[K]
  109 |     struct canfd_frame [01;35m[Kframe[m[K;
      |                        [01;35m[K^~~~~[m[K
[01m[K/ws/controller/CanRobotControl/wm_motion_controller/src/can/can_adaptor.cpp:[m[K In member function ‘[01m[Kint CanAdaptor::ROpen(std::vector<std::__cxx11::basic_string<char> >)[m[K’:
[01m[K/ws/controller/CanRobotControl/wm_motion_controller/src/can/can_adaptor.cpp:97:25:[m[K [01;35m[Kwarning: [m[Kcomparison of unsigned expression < 0 is always false [[01;35m[K-Wtype-limits[m[K]
   97 |   if ( [01;35m[Kfuncsmap_.size() <0[m[K ){
      |        [01;35m[K~~~~~~~~~~~~~~~~~^~[m[K
[01m[K/ws/controller/CanRobotControl/wm_motion_controller/src/can/can_adaptor.cpp:91:7:[m[K [01;35m[Kwarning: [m[Kunused variable ‘[01m[Kcount[m[K’ [[01;35m[K-Wunused-variable[m[K]
   91 |   int [01;35m[Kcount[m[K = 0;
      |       [01;35m[K^~~~~[m[K
[01m[K/ws/controller/CanRobotControl/wm_motion_controller/src/can/can_adaptor.cpp:89:38:[m[K [01;35m[Kwarning: [m[Kunused parameter ‘[01m[Kdevice[m[K’ [[01;35m[K-Wunused-parameter[m[K]
   89 | int CanAdaptor::ROpen([01;35m[Kvector<string> device[m[K){
      |                       [01;35m[K~~~~~~~~~~~~~~~^~~~~~[m[K
[01m[K/ws/controller/CanRobotControl/wm_motion_controller/src/can/can_adaptor.cpp:[m[K At global scope:
[01m[K/ws/controller/CanRobotControl/wm_motion_controller/src/can/can_adaptor.cpp:154:2:[m[K [01;35m[Kwarning: [m[Kextra ‘[01m[K;[m[K’ [[01;35m[K-Wpedantic[m[K]
  154 | }[01;35m[K;[m[K
      |  [01;35m[K^[m[K
[01m[K/ws/controller/CanRobotControl/wm_motion_controller/src/can/can_adaptor.cpp:[m[K In member function ‘[01m[Kint CanAdaptor::CanOpen(int, std::vector<std::__cxx11::basic_string<char> >, CanAdaptor*, void (CanAdaptor::*)(unsigned char*, int))[m[K’:
[01m[K/ws/controller/CanRobotControl/wm_motion_controller/src/can/can_adaptor.cpp:164:66:[m[K [01;35m[Kwarning: [m[Kunused parameter ‘[01m[KpClassType[m[K’ [[01;35m[K-Wunused-parameter[m[K]
  164 | int CanAdaptor::CanOpen(int argc, vector<string> arg,[01;35m[KCanAdaptor* pClassType[m[K,void(CanAdaptor::*func)(unsigned char* data,int canid)){
      |                                                      [01;35m[K~~~~~~~~~~~~^~~~~~~~~~[m[K
In file included from [01m[K/ws/controller/CanRobotControl/wm_motion_controller/src/can/can_dump.cpp:26[m[K:
[01m[K/ws/controller/CanRobotControl/wm_motion_controller/include/can/can_adaptor.hpp:[m[K At global scope:
[01m[K/ws/controller/CanRobotControl/wm_motion_controller/include/can/can_adaptor.hpp:156:5:[m[K [01;35m[Kwarning: [m[Kextra ‘[01m[K;[m[K’ [[01;35m[K-Wpedantic[m[K]
  156 |    }[01;35m[K;[m[K
      |     [01;35m[K^[m[K
      |     [31m[K-[m[K
[01m[K/ws/controller/CanRobotControl/wm_motion_controller/include/can/can_adaptor.hpp:190:5:[m[K [01;35m[Kwarning: [m[Kextra ‘[01m[K;[m[K’ [[01;35m[K-Wpedantic[m[K]
  190 |    }[01;35m[K;[m[K
      |     [01;35m[K^[m[K
      |     [31m[K-[m[K
[01m[K/ws/controller/CanRobotControl/wm_motion_controller/include/can/can_adaptor.hpp:224:5:[m[K [01;35m[Kwarning: [m[Kextra ‘[01m[K;[m[K’ [[01;35m[K-Wpedantic[m[K]
  224 |    }[01;35m[K;[m[K
      |     [01;35m[K^[m[K
      |     [31m[K-[m[K
[01m[K/ws/controller/CanRobotControl/wm_motion_controller/include/can/can_adaptor.hpp:258:5:[m[K [01;35m[Kwarning: [m[Kextra ‘[01m[K;[m[K’ [[01;35m[K-Wpedantic[m[K]
  258 |    }[01;35m[K;[m[K
      |     [01;35m[K^[m[K
      |     [31m[K-[m[K
[01m[K/ws/controller/CanRobotControl/wm_motion_controller/include/can/can_adaptor.hpp:292:5:[m[K [01;35m[Kwarning: [m[Kextra ‘[01m[K;[m[K’ [[01;35m[K-Wpedantic[m[K]
  292 |    }[01;35m[K;[m[K
      |     [01;35m[K^[m[K
      |     [31m[K-[m[K
[01m[K/ws/controller/CanRobotControl/wm_motion_controller/include/can/can_adaptor.hpp:327:5:[m[K [01;35m[Kwarning: [m[Kextra ‘[01m[K;[m[K’ [[01;35m[K-Wpedantic[m[K]
  327 |    }[01;35m[K;[m[K
      |     [01;35m[K^[m[K
      |     [31m[K-[m[K
[01m[K/ws/controller/CanRobotControl/wm_motion_controller/include/can/can_adaptor.hpp:353:5:[m[K [01;35m[Kwarning: [m[Kextra ‘[01m[K;[m[K’ [[01;35m[K-Wpedantic[m[K]
  353 |    }[01;35m[K;[m[K
      |     [01;35m[K^[m[K
      |     [31m[K-[m[K
[01m[K/ws/controller/CanRobotControl/wm_motion_controller/include/can/can_adaptor.hpp:369:5:[m[K [01;35m[Kwarning: [m[Kextra ‘[01m[K;[m[K’ [[01;35m[K-Wpedantic[m[K]
  369 |    }[01;35m[K;[m[K
      |     [01;35m[K^[m[K
      |     [31m[K-[m[K
[01m[K/ws/controller/CanRobotControl/wm_motion_controller/src/can/can_adaptor.cpp:[m[K In lambda function:
[01m[K/ws/controller/CanRobotControl/wm_motion_controller/src/can/can_adaptor.cpp:194:12:[m[K [01;35m[Kwarning: [m[Kvariable ‘[01m[KisConn[m[K’ set but not used [[01;35m[K-Wunused-but-set-variable[m[K]
  194 |       bool [01;35m[KisConn[m[K = true;
      |            [01;35m[K^~~~~~[m[K
[01m[K/ws/controller/CanRobotControl/wm_motion_controller/src/can/can_dump.cpp:[m[K In member function ‘[01m[Kint CanDump::Open(int, std::vector<std::__cxx11::basic_string<char> >, CanAdaptor*, void (CanAdaptor::*)(unsigned char*, int))[m[K’:
[01m[K/ws/controller/CanRobotControl/wm_motion_controller/src/can/can_dump.cpp:102:3:[m[K [01;35m[Kwarning: [m[KC++ designated initializers only available with ‘[01m[K-std=c++2a[m[K’ or ‘[01m[K-std=gnu++2a[m[K’ [[01;35m[K-Wpedantic[m[K]
  102 |   [01;35m[K.[m[Kevents = EPOLLIN, /* prepare the common part */
      |   [01;35m[K^[m[K
[01m[K/ws/controller/CanRobotControl/wm_motion_controller/src/can/can_dump.cpp:103:3:[m[K [01;35m[Kwarning: [m[Kmissing initializer for member ‘[01m[Kepoll_event::data[m[K’ [[01;35m[K-Wmissing-field-initializers[m[K]
  103 |   [01;35m[K}[m[K;
      |   [01;35m[K^[m[K
[01m[K/ws/controller/CanRobotControl/wm_motion_controller/src/can/can_dump.cpp:198:23:[m[K [01;35m[Kwarning: [m[Kformat ‘[01m[K%d[m[K’ expects argument of type ‘[01m[Kint*[m[K’, but argument 3 has type ‘[01m[Kcanid_t*[m[K’ {aka ‘[01m[Kunsigned int*[m[K’} [[01;35m[K-Wformat=[m[K]
  198 |     if (sscanf(ptr, "[01;35m[K%d[m[K:%x",
      |                      [01;35m[K~^[m[K
      |                       [01;35m[K|[m[K
      |                       [01;35m[Kint*[m[K
      |                      [32m[K%d[m[K
  199 |         [32m[K&rfilter[numfilter].can_id[m[K,
      |         [32m[K~~~~~~~~~~~~~~~~~~~~~~~~~~[m[K
      |         [32m[K|[m[K
      |         [32m[Kcanid_t* {aka unsigned int*}[m[K
[01m[K/ws/controller/CanRobotControl/wm_motion_controller/src/can/can_dump.cpp:275:11:[m[K [01;35m[Kwarning: [m[Kthis ‘[01m[Kif[m[K’ clause does not guard... [[01;35m[K-Wmisleading-indentation[m[K]
  275 |           [01;35m[Kif[m[K (errno != EINTR)
      |           [01;35m[K^~[m[K
[01m[K/ws/controller/CanRobotControl/wm_motion_controller/src/can/can_dump.cpp:277:13:[m[K [01;36m[Knote: [m[K...this statement, but the latter is misleadingly indented as if it were guarded by the ‘[01m[Kif[m[K’
  277 |             [01;36m[Kcontinue[m[K;
      |             [01;36m[K^~~~~~~~[m[K
[01m[K/ws/controller/CanRobotControl/wm_motion_controller/src/can/can_dump.cpp:288:8:[m[K [01;35m[Kwarning: [m[Kunused variable ‘[01m[Kidx[m[K’ [[01;35m[K-Wunused-variable[m[K]
  288 |    int [01;35m[Kidx[m[K;
      |        [01;35m[K^~~[m[K
[01m[K/ws/controller/CanRobotControl/wm_motion_controller/src/can/can_dump.cpp:56:17:[m[K [01;35m[Kwarning: [m[Kunused variable ‘[01m[Kdown_causes_exit[m[K’ [[01;35m[K-Wunused-variable[m[K]
   56 |   unsigned char [01;35m[Kdown_causes_exit[m[K = 1;
      |                 [01;35m[K^~~~~~~~~~~~~~~~[m[K
[01m[K/ws/controller/CanRobotControl/wm_motion_controller/src/can/can_dump.cpp:69:19:[m[K [01;35m[Kwarning: [m[Kunused variable ‘[01m[Kcmsg[m[K’ [[01;35m[K-Wunused-variable[m[K]
   69 |   struct cmsghdr *[01;35m[Kcmsg[m[K;
      |                   [01;35m[K^~~~[m[K
[01m[K/ws/controller/CanRobotControl/wm_motion_controller/src/can/can_dump.cpp:73:24:[m[K [01;35m[Kwarning: [m[Kvariable ‘[01m[Kmaxdlen[m[K’ set but not used [[01;35m[K-Wunused-but-set-variable[m[K]
   73 |   int nbytes, sockCnt, [01;35m[Kmaxdlen[m[K;
      |                        [01;35m[K^~~~~~~[m[K
[01m[K/ws/controller/CanRobotControl/wm_motion_controller/src/can/can_dump.cpp:75:18:[m[K [01;35m[Kwarning: [m[Kunused variable ‘[01m[Ktv[m[K’ [[01;35m[K-Wunused-variable[m[K]
   75 |   struct timeval [01;35m[Ktv[m[K;
      |                  [01;35m[K^~[m[K
In file included from [01m[K/ws/controller/CanRobotControl/wm_motion_controller/src/can/can_dump.cpp:27[m[K:
[01m[K/ws/controller/CanRobotControl/wm_motion_controller/include/can/can_define.hpp:[m[K At global scope:
[01m[K/ws/controller/CanRobotControl/wm_motion_controller/include/can/can_define.hpp:54:20:[m[K [01;35m[Kwarning: [m[K‘[01m[Kdevice_type[m[K’ defined but not used [[01;35m[K-Wunused-variable[m[K]
   54 | static const char *[01;35m[Kdevice_type[m[K[] =
      |                    [01;35m[K^~~~~~~~~~~[m[K
[01m[K/ws/controller/CanRobotControl/wm_motion_controller/src/can/can_manager.cpp:[m[K In member function ‘[01m[Kvoid CanMGR::faultCallback(int, int)[m[K’:
[01m[K/ws/controller/CanRobotControl/wm_motion_controller/src/can/can_manager.cpp:53:32:[m[K [01;35m[Kwarning: [m[Kunused parameter ‘[01m[Kcan_falut[m[K’ [[01;35m[K-Wunused-parameter[m[K]
   53 | void CanMGR::faultCallback([01;35m[Kint can_falut[m[K,int dbs_fault){
      |                            [01;35m[K~~~~^~~~~~~~~[m[K
[01m[K/ws/controller/CanRobotControl/wm_motion_controller/src/can/can_manager.cpp:53:46:[m[K [01;35m[Kwarning: [m[Kunused parameter ‘[01m[Kdbs_fault[m[K’ [[01;35m[K-Wunused-parameter[m[K]
   53 | void CanMGR::faultCallback(int can_falut,[01;35m[Kint dbs_fault[m[K){
      |                                          [01;35m[K~~~~^~~~~~~~~[m[K
[01m[K/ws/controller/CanRobotControl/wm_motion_controller/src/can/can_manager.cpp:[m[K In member function ‘[01m[Kvoid CanMGR::rpmCallback(int, int, int)[m[K’:
[01m[K/ws/controller/CanRobotControl/wm_motion_controller/src/can/can_manager.cpp:67:30:[m[K [01;35m[Kwarning: [m[Kunused parameter ‘[01m[Kmcu_shift[m[K’ [[01;35m[K-Wunused-parameter[m[K]
   67 | void CanMGR::rpmCallback([01;35m[Kint mcu_shift[m[K
      |                          [01;35m[K~~~~^~~~~~~~~[m[K
[01m[K/ws/controller/CanRobotControl/wm_motion_controller/src/can/can_manager.cpp:69:26:[m[K [01;35m[Kwarning: [m[Kunused parameter ‘[01m[Kmcu_torque[m[K’ [[01;35m[K-Wunused-parameter[m[K]
   69 |                     ,[01;35m[Kint mcu_torque[m[K
      |                      [01;35m[K~~~~^~~~~~~~~~[m[K
[01m[K/ws/controller/CanRobotControl/wm_motion_controller/src/can/can_manager.cpp:[m[K In member function ‘[01m[Kvirtual void CanMGR::fn_recv_value(const int&)[m[K’:
[01m[K/ws/controller/CanRobotControl/wm_motion_controller/src/can/can_manager.cpp:127:39:[m[K [01;35m[Kwarning: [m[Kunused parameter ‘[01m[Kvalue[m[K’ [[01;35m[K-Wunused-parameter[m[K]
  127 | void CanMGR::fn_recv_value([01;35m[Kconst int& value[m[K){
      |                            [01;35m[K~~~~~~~~~~~^~~~~[m[K
[01m[K/ws/controller/CanRobotControl/wm_motion_controller/src/can/can_manager.cpp:[m[K In member function ‘[01m[Kvoid CanMGR::log(std::string)[m[K’:
[01m[K/ws/controller/CanRobotControl/wm_motion_controller/src/can/can_manager.cpp:134:10:[m[K [01;35m[Kwarning: [m[Kunused variable ‘[01m[Kcallback_time_tm[m[K’ [[01;35m[K-Wunused-variable[m[K]
  134 | std::tm* [01;35m[Kcallback_time_tm[m[K = std::localtime(&callback_time_t);
      |          [01;35m[K^~~~~~~~~~~~~~~~[m[K
[01m[K/ws/controller/CanRobotControl/wm_motion_controller/src/can/can_manager.cpp:131:30:[m[K [01;35m[Kwarning: [m[Kunused parameter ‘[01m[Kcall_name[m[K’ [[01;35m[K-Wunused-parameter[m[K]
  131 | void CanMGR::log([01;35m[Kstd::string call_name[m[K){
      |                  [01;35m[K~~~~~~~~~~~~^~~~~~~~~[m[K
[01m[K/ws/controller/CanRobotControl/wm_motion_controller/src/can/can_manager.cpp:[m[K In member function ‘[01m[Kvirtual void CanMGR::fn_recv_rpm(const float&, const time_point&)[m[K’:
[01m[K/ws/controller/CanRobotControl/wm_motion_controller/src/can/can_manager.cpp:156:39:[m[K [01;35m[Kwarning: [m[Kunused parameter ‘[01m[Krpm[m[K’ [[01;35m[K-Wunused-parameter[m[K]
  156 | void CanMGR::fn_recv_rpm([01;35m[Kconst float& rpm[m[K,const std::chrono::system_clock::time_point& cur_time){
      |                          [01;35m[K~~~~~~~~~~~~~^~~[m[K
[01m[K/ws/controller/CanRobotControl/wm_motion_controller/src/can/can_manager.cpp:156:88:[m[K [01;35m[Kwarning: [m[Kunused parameter ‘[01m[Kcur_time[m[K’ [[01;35m[K-Wunused-parameter[m[K]
  156 | void CanMGR::fn_recv_rpm(const float& rpm,[01;35m[Kconst std::chrono::system_clock::time_point& cur_time[m[K){
      |                                           [01;35m[K~~~~~~~~~~~~~~~~~~~~~~~~~~~~~~~~~~~~~~~~~~~~~^~~~~~~~[m[K
In file included from [01m[K/ws/controller/CanRobotControl/wm_motion_controller/src/can/data_relayer.cpp:4[m[K:
[01m[K/ws/controller/CanRobotControl/wm_motion_controller/include/can/can_adaptor.hpp:156:5:[m[K [01;35m[Kwarning: [m[Kextra ‘[01m[K;[m[K’ [[01;35m[K-Wpedantic[m[K]
  156 |    }[01;35m[K;[m[K
      |     [01;35m[K^[m[K
      |     [31m[K-[m[K
[01m[K/ws/controller/CanRobotControl/wm_motion_controller/include/can/can_adaptor.hpp:190:5:[m[K [01;35m[Kwarning: [m[Kextra ‘[01m[K;[m[K’ [[01;35m[K-Wpedantic[m[K]
  190 |    }[01;35m[K;[m[K
      |     [01;35m[K^[m[K
      |     [31m[K-[m[K
[01m[K/ws/controller/CanRobotControl/wm_motion_controller/include/can/can_adaptor.hpp:224:5:[m[K [01;35m[Kwarning: [m[Kextra ‘[01m[K;[m[K’ [[01;35m[K-Wpedantic[m[K]
  224 |    }[01;35m[K;[m[K
      |     [01;35m[K^[m[K
      |     [31m[K-[m[K
[01m[K/ws/controller/CanRobotControl/wm_motion_controller/include/can/can_adaptor.hpp:258:5:[m[K [01;35m[Kwarning: [m[Kextra ‘[01m[K;[m[K’ [[01;35m[K-Wpedantic[m[K]
  258 |    }[01;35m[K;[m[K
      |     [01;35m[K^[m[K
      |     [31m[K-[m[K
[01m[K/ws/controller/CanRobotControl/wm_motion_controller/include/can/can_adaptor.hpp:292:5:[m[K [01;35m[Kwarning: [m[Kextra ‘[01m[K;[m[K’ [[01;35m[K-Wpedantic[m[K]
  292 |    }[01;35m[K;[m[K
      |     [01;35m[K^[m[K
      |     [31m[K-[m[K
[01m[K/ws/controller/CanRobotControl/wm_motion_controller/include/can/can_adaptor.hpp:327:5:[m[K [01;35m[Kwarning: [m[Kextra ‘[01m[K;[m[K’ [[01;35m[K-Wpedantic[m[K]
  327 |    }[01;35m[K;[m[K
      |     [01;35m[K^[m[K
      |     [31m[K-[m[K
[01m[K/ws/controller/CanRobotControl/wm_motion_controller/include/can/can_adaptor.hpp:353:5:[m[K [01;35m[Kwarning: [m[Kextra ‘[01m[K;[m[K’ [[01;35m[K-Wpedantic[m[K]
  353 |    }[01;35m[K;[m[K
      |     [01;35m[K^[m[K
      |     [31m[K-[m[K
[01m[K/ws/controller/CanRobotControl/wm_motion_controller/include/can/can_adaptor.hpp:369:5:[m[K [01;35m[Kwarning: [m[Kextra ‘[01m[K;[m[K’ [[01;35m[K-Wpedantic[m[K]
  369 |    }[01;35m[K;[m[K
      |     [01;35m[K^[m[K
      |     [31m[K-[m[K
In file included from [01m[K/ws/controller/CanRobotControl/wm_motion_controller/src/can/can_manager.cpp:1[m[K:
[01m[K/ws/controller/CanRobotControl/wm_motion_controller/include/can/can_manager.hpp:[m[K At global scope:
[01m[K/ws/controller/CanRobotControl/wm_motion_controller/include/can/can_manager.hpp:25:13:[m[K [01;35m[Kwarning: [m[K‘[01m[Kvoid sigterm(int)[m[K’ defined but not used [[01;35m[K-Wunused-function[m[K]
   25 | static void [01;35m[Ksigterm[m[K(int signo)
      |             [01;35m[K^~~~~~~[m[K
In file included from [01m[K/ws/controller/CanRobotControl/wm_motion_controller/src/can/can_adaptor.cpp:7[m[K:
[01m[K/ws/controller/CanRobotControl/wm_motion_controller/include/can/can_define.hpp:[m[K At global scope:
[01m[K/ws/controller/CanRobotControl/wm_motion_controller/include/can/can_define.hpp:54:20:[m[K [01;35m[Kwarning: [m[K‘[01m[Kdevice_type[m[K’ defined but not used [[01;35m[K-Wunused-variable[m[K]
   54 | static const char *[01;35m[Kdevice_type[m[K[] =
      |                    [01;35m[K^~~~~~~~~~~[m[K
In file included from [01m[K/ws/controller/CanRobotControl/wm_motion_controller/include/wm_motion_controller/wm_motion_controller.hpp:32[m[K,
                 from [01m[K/ws/controller/CanRobotControl/wm_motion_controller/src/wm_motion_controller/wm_motion_controller.cpp:1[m[K:
[01m[K/ws/controller/CanRobotControl/wm_motion_controller/include/entity/ugv.hpp:21:13:[m[K [01;35m[Kwarning: [m[Ktype qualifiers ignored on function return type [[01;35m[K-Wignored-qualifiers[m[K]
   21 |             [01;35m[Kconst[m[K int get_gear_ratio();
      |             [01;35m[K^~~~~[m[K
[01m[K/ws/controller/CanRobotControl/wm_motion_controller/include/entity/ugv.hpp:22:13:[m[K [01;35m[Kwarning: [m[Ktype qualifiers ignored on function return type [[01;35m[K-Wignored-qualifiers[m[K]
   22 |             [01;35m[Kconst[m[K float get_wheel();
      |             [01;35m[K^~~~~[m[K
[01m[K/ws/controller/CanRobotControl/wm_motion_controller/include/entity/ugv.hpp:23:13:[m[K [01;35m[Kwarning: [m[Ktype qualifiers ignored on function return type [[01;35m[K-Wignored-qualifiers[m[K]
   23 |             [01;35m[Kconst[m[K float get_cur_rpm();
      |             [01;35m[K^~~~~[m[K
In file included from [01m[K/ws/controller/CanRobotControl/wm_motion_controller/src/wm_motion_controller/wm_motion_controller.cpp:1[m[K:
[01m[K/ws/controller/CanRobotControl/wm_motion_controller/include/wm_motion_controller/wm_motion_controller.hpp:[m[K In constructor ‘[01m[KWmMotionController::WmMotionController(std::shared_ptr<IMotionMediator>, std::shared_ptr<CanMGR>)[m[K’:
[01m[K/ws/controller/CanRobotControl/wm_motion_controller/include/wm_motion_controller/wm_motion_controller.hpp:92:16:[m[K [01;35m[Kwarning: [m[K‘[01m[KWmMotionController::odom_dist_[m[K’ will be initialized after [[01;35m[K-Wreorder[m[K]
   92 |         double [01;35m[Kodom_dist_[m[K;
      |                [01;35m[K^~~~~~~~~~[m[K
[01m[K/ws/controller/CanRobotControl/wm_motion_controller/include/wm_motion_controller/wm_motion_controller.hpp:86:16:[m[K [01;35m[Kwarning: [m[K  ‘[01m[Kdouble WmMotionController::lo_x_[m[K’ [[01;35m[K-Wreorder[m[K]
   86 |         double [01;35m[Klo_x_[m[K;
      |                [01;35m[K^~~~~[m[K
[01m[K/ws/controller/CanRobotControl/wm_motion_controller/src/wm_motion_controller/wm_motion_controller.cpp:12:1:[m[K [01;35m[Kwarning: [m[K  when initialized here [[01;35m[K-Wreorder[m[K]
   12 | [01;35m[KWmMotionController[m[K::WmMotionController(std::shared_ptr<IMotionMediator> motion_mediator,std::shared_ptr<CanMGR> can_mgr)
      | [01;35m[K^~~~~~~~~~~~~~~~~~[m[K
[01m[K/ws/controller/CanRobotControl/wm_motion_controller/src/wm_motion_controller/wm_motion_controller.cpp:[m[K In member function ‘[01m[Kvirtual void WmMotionController::fn_send_rpm(const float&, const time_point&)[m[K’:
[01m[K/ws/controller/CanRobotControl/wm_motion_controller/src/wm_motion_controller/wm_motion_controller.cpp:236:51:[m[K [01;35m[Kwarning: [m[Kunused parameter ‘[01m[Krpm[m[K’ [[01;35m[K-Wunused-parameter[m[K]
  236 | void WmMotionController::fn_send_rpm([01;35m[Kconst float& rpm[m[K,const std::chrono::system_clock::time_point& cur_time){
      |                                      [01;35m[K~~~~~~~~~~~~~^~~[m[K
[01m[K/ws/controller/CanRobotControl/wm_motion_controller/src/wm_motion_controller/wm_motion_controller.cpp:236:100:[m[K [01;35m[Kwarning: [m[Kunused parameter ‘[01m[Kcur_time[m[K’ [[01;35m[K-Wunused-parameter[m[K]
  236 | void WmMotionController::fn_send_rpm(const float& rpm,[01;35m[Kconst std::chrono::system_clock::time_point& cur_time[m[K){
      |                                                       [01;35m[K~~~~~~~~~~~~~~~~~~~~~~~~~~~~~~~~~~~~~~~~~~~~~^~~~~~~~[m[K
[01m[K/ws/controller/CanRobotControl/wm_motion_controller/src/wm_motion_controller/wm_motion_controller.cpp:[m[K In member function ‘[01m[Kvoid WmMotionController::calculate_next_position()[m[K’:
[01m[K/ws/controller/CanRobotControl/wm_motion_controller/src/wm_motion_controller/wm_motion_controller.cpp:357:9:[m[K [01;35m[Kwarning: [m[Kunused variable ‘[01m[Ktime_seconds[m[K’ [[01;35m[K-Wunused-variable[m[K]
  357 |  double [01;35m[Ktime_seconds[m[K = sub_time.seconds();
      |         [01;35m[K^~~~~~~~~~~~[m[K
[01m[K/ws/controller/CanRobotControl/wm_motion_controller/src/wm_motion_controller/wm_motion_controller.cpp:[m[K In member function ‘[01m[Kfloat WmMotionController::cmd_angel_convert(const float&, const float&)[m[K’:
[01m[K/ws/controller/CanRobotControl/wm_motion_controller/src/wm_motion_controller/wm_motion_controller.cpp:387:6:[m[K [01;35m[Kwarning: [m[Kunused variable ‘[01m[KMAX[m[K’ [[01;35m[K-Wunused-variable[m[K]
  387 |  int [01;35m[KMAX[m[K = 30;
      |      [01;35m[K^~~[m[K
[01m[K/ws/controller/CanRobotControl/wm_motion_controller/src/wm_motion_controller/wm_motion_controller.cpp:393:21:[m[K [01;35m[Kwarning: [m[Kunused variable ‘[01m[Ksteer_val[m[K’ [[01;35m[K-Wunused-variable[m[K]
  393 |  float steer_angle, [01;35m[Ksteer_val[m[K;
      |                     [01;35m[K^~~~~~~~~[m[K
In file included from [01m[K/ws/controller/CanRobotControl/wm_motion_controller/include/wm_motion_controller/wm_motion_controller.hpp:32[m[K,
                 from [01m[K/ws/controller/CanRobotControl/wm_motion_controller/include/mediator/concrete_motion_mediator.hpp:5[m[K,
                 from [01m[K/ws/controller/CanRobotControl/wm_motion_controller/src/mediator/concrete_motion_mediator.cpp:1[m[K:
[01m[K/ws/controller/CanRobotControl/wm_motion_controller/include/entity/ugv.hpp:21:13:[m[K [01;35m[Kwarning: [m[Ktype qualifiers ignored on function return type [[01;35m[K-Wignored-qualifiers[m[K]
   21 |             [01;35m[Kconst[m[K int get_gear_ratio();
      |             [01;35m[K^~~~~[m[K
[01m[K/ws/controller/CanRobotControl/wm_motion_controller/include/entity/ugv.hpp:22:13:[m[K [01;35m[Kwarning: [m[Ktype qualifiers ignored on function return type [[01;35m[K-Wignored-qualifiers[m[K]
   22 |             [01;35m[Kconst[m[K float get_wheel();
      |             [01;35m[K^~~~~[m[K
[01m[K/ws/controller/CanRobotControl/wm_motion_controller/include/entity/ugv.hpp:23:13:[m[K [01;35m[Kwarning: [m[Ktype qualifiers ignored on function return type [[01;35m[K-Wignored-qualifiers[m[K]
   23 |             [01;35m[Kconst[m[K float get_cur_rpm();
      |             [01;35m[K^~~~~[m[K
In file included from [01m[K/ws/controller/CanRobotControl/wm_motion_controller/include/wm_motion_controller/wm_motion_controller.hpp:32[m[K,
                 from [01m[K/ws/controller/CanRobotControl/wm_motion_controller/src/main.cpp:1[m[K:
[01m[K/ws/controller/CanRobotControl/wm_motion_controller/include/entity/ugv.hpp:21:13:[m[K [01;35m[Kwarning: [m[Ktype qualifiers ignored on function return type [[01;35m[K-Wignored-qualifiers[m[K]
   21 |             [01;35m[Kconst[m[K int get_gear_ratio();
      |             [01;35m[K^~~~~[m[K
[01m[K/ws/controller/CanRobotControl/wm_motion_controller/include/entity/ugv.hpp:22:13:[m[K [01;35m[Kwarning: [m[Ktype qualifiers ignored on function return type [[01;35m[K-Wignored-qualifiers[m[K]
   22 |             [01;35m[Kconst[m[K float get_wheel();
      |             [01;35m[K^~~~~[m[K
[01m[K/ws/controller/CanRobotControl/wm_motion_controller/include/entity/ugv.hpp:23:13:[m[K [01;35m[Kwarning: [m[Ktype qualifiers ignored on function return type [[01;35m[K-Wignored-qualifiers[m[K]
   23 |             [01;35m[Kconst[m[K float get_cur_rpm();
      |             [01;35m[K^~~~~[m[K
In file included from [01m[K/ws/controller/CanRobotControl/wm_motion_controller/include/wm_motion_controller/wm_motion_controller.hpp:32[m[K,
                 from [01m[K/ws/controller/CanRobotControl/wm_motion_controller/src/can/data_relayer.cpp:8[m[K:
[01m[K/ws/controller/CanRobotControl/wm_motion_controller/include/entity/ugv.hpp:21:13:[m[K [01;35m[Kwarning: [m[Ktype qualifiers ignored on function return type [[01;35m[K-Wignored-qualifiers[m[K]
   21 |             [01;35m[Kconst[m[K int get_gear_ratio();
      |             [01;35m[K^~~~~[m[K
[01m[K/ws/controller/CanRobotControl/wm_motion_controller/include/entity/ugv.hpp:22:13:[m[K [01;35m[Kwarning: [m[Ktype qualifiers ignored on function return type [[01;35m[K-Wignored-qualifiers[m[K]
   22 |             [01;35m[Kconst[m[K float get_wheel();
      |             [01;35m[K^~~~~[m[K
[01m[K/ws/controller/CanRobotControl/wm_motion_controller/include/entity/ugv.hpp:23:13:[m[K [01;35m[Kwarning: [m[Ktype qualifiers ignored on function return type [[01;35m[K-Wignored-qualifiers[m[K]
   23 |             [01;35m[Kconst[m[K float get_cur_rpm();
      |             [01;35m[K^~~~~[m[K
In file included from [01m[K/ws/controller/CanRobotControl/wm_motion_controller/include/mediator/concrete_motion_mediator.hpp:4[m[K,
                 from [01m[K/ws/controller/CanRobotControl/wm_motion_controller/src/mediator/concrete_motion_mediator.cpp:1[m[K:
[01m[K/ws/controller/CanRobotControl/wm_motion_controller/include/can/can_manager.hpp:25:13:[m[K [01;35m[Kwarning: [m[K‘[01m[Kvoid sigterm(int)[m[K’ defined but not used [[01;35m[K-Wunused-function[m[K]
   25 | static void [01;35m[Ksigterm[m[K(int signo)
      |             [01;35m[K^~~~~~~[m[K
[01m[K/ws/controller/CanRobotControl/wm_motion_controller/src/can/data_relayer.cpp:65:2:[m[K [01;35m[Kwarning: [m[Kextra ‘[01m[K;[m[K’ [[01;35m[K-Wpedantic[m[K]
   65 | }[01;35m[K;[m[K
      |  [01;35m[K^[m[K
[01m[K/ws/controller/CanRobotControl/wm_motion_controller/src/can/data_relayer.cpp:76:2:[m[K [01;35m[Kwarning: [m[Kextra ‘[01m[K;[m[K’ [[01;35m[K-Wpedantic[m[K]
   76 | }[01;35m[K;[m[K
      |  [01;35m[K^[m[K
[01m[K/ws/controller/CanRobotControl/wm_motion_controller/src/can/data_relayer.cpp:113:2:[m[K [01;35m[Kwarning: [m[Kextra ‘[01m[K;[m[K’ [[01;35m[K-Wpedantic[m[K]
  113 | }[01;35m[K;[m[K
      |  [01;35m[K^[m[K
[01m[K/ws/controller/CanRobotControl/wm_motion_controller/src/can/data_relayer.cpp:154:2:[m[K [01;35m[Kwarning: [m[Kextra ‘[01m[K;[m[K’ [[01;35m[K-Wpedantic[m[K]
  154 | }[01;35m[K;[m[K
      |  [01;35m[K^[m[K
[01m[K/ws/controller/CanRobotControl/wm_motion_controller/src/can/data_relayer.cpp:175:2:[m[K [01;35m[Kwarning: [m[Kextra ‘[01m[K;[m[K’ [[01;35m[K-Wpedantic[m[K]
  175 | }[01;35m[K;[m[K
      |  [01;35m[K^[m[K
[01m[K/ws/controller/CanRobotControl/wm_motion_controller/src/can/data_relayer.cpp:[m[K In member function ‘[01m[Kvoid DataRelayer::Handler_VCU_EPS_Control_Request(VCU_EPS_Control_Request)[m[K’:
[01m[K/ws/controller/CanRobotControl/wm_motion_controller/src/can/data_relayer.cpp:195:10:[m[K [01;35m[Kwarning: [m[Kunused variable ‘[01m[Kstrangle_value[m[K’ [[01;35m[K-Wunused-variable[m[K]
  195 |   double [01;35m[Kstrangle_value[m[K = (vcu_eps_strangle / RESOLUTION_STEERING_CTRL ) - OFFSET_STRANGLE ;
      |          [01;35m[K^~~~~~~~~~~~~~[m[K
[01m[K/ws/controller/CanRobotControl/wm_motion_controller/src/can/data_relayer.cpp:[m[K In member function ‘[01m[Kvoid DataRelayer::Handler_Remote_Control_Shake(Remote_Control_Shake)[m[K’:
[01m[K/ws/controller/CanRobotControl/wm_motion_controller/src/can/data_relayer.cpp:208:70:[m[K [01;35m[Kwarning: [m[Kunused parameter ‘[01m[Kmsg[m[K’ [[01;35m[K-Wunused-parameter[m[K]
  208 | void DataRelayer::Handler_Remote_Control_Shake ([01;35m[KRemote_Control_Shake msg[m[K){
      |                                                 [01;35m[K~~~~~~~~~~~~~~~~~~~~~^~~[m[K
[01m[K/ws/controller/CanRobotControl/wm_motion_controller/src/can/data_relayer.cpp:[m[K In member function ‘[01m[Kvoid DataRelayer::Handler_VCU_DBS_Request(VCU_DBS_Request)[m[K’:
[01m[K/ws/controller/CanRobotControl/wm_motion_controller/src/can/data_relayer.cpp:248:60:[m[K [01;35m[Kwarning: [m[Kunused parameter ‘[01m[Kmsg[m[K’ [[01;35m[K-Wunused-parameter[m[K]
  248 | void DataRelayer::Handler_VCU_DBS_Request ([01;35m[KVCU_DBS_Request msg[m[K){
      |                                            [01;35m[K~~~~~~~~~~~~~~~~^~~[m[K
[01m[K/ws/controller/CanRobotControl/wm_motion_controller/src/can/data_relayer.cpp:[m[K In member function ‘[01m[Kvoid DataRelayer::Run()[m[K’:
[01m[K/ws/controller/CanRobotControl/wm_motion_controller/src/can/data_relayer.cpp:302:7:[m[K [01;35m[Kwarning: [m[Kunused variable ‘[01m[Kret[m[K’ [[01;35m[K-Wunused-variable[m[K]
  302 |   int [01;35m[Kret[m[K = 0;
      |       [01;35m[K^~~[m[K
In file included from [01m[K/ws/controller/CanRobotControl/wm_motion_controller/include/wm_motion_controller/wm_motion_controller.hpp:25[m[K,
                 from [01m[K/ws/controller/CanRobotControl/wm_motion_controller/src/main.cpp:1[m[K:
[01m[K/ws/controller/CanRobotControl/wm_motion_controller/include/can/can_manager.hpp:25:13:[m[K [01;35m[Kwarning: [m[K‘[01m[Kvoid sigterm(int)[m[K’ defined but not used [[01;35m[K-Wunused-function[m[K]
   25 | static void [01;35m[Ksigterm[m[K(int signo)
      |             [01;35m[K^~~~~~~[m[K
In file included from [01m[K/ws/controller/CanRobotControl/wm_motion_controller/include/wm_motion_controller/wm_motion_controller.hpp:25[m[K,
                 from [01m[K/ws/controller/CanRobotControl/wm_motion_controller/src/can/data_relayer.cpp:8[m[K:
[01m[K/ws/controller/CanRobotControl/wm_motion_controller/include/can/can_manager.hpp:[m[K At global scope:
[01m[K/ws/controller/CanRobotControl/wm_motion_controller/include/can/can_manager.hpp:25:13:[m[K [01;35m[Kwarning: [m[K‘[01m[Kvoid sigterm(int)[m[K’ defined but not used [[01;35m[K-Wunused-function[m[K]
   25 | static void [01;35m[Ksigterm[m[K(int signo)
      |             [01;35m[K^~~~~~~[m[K
In file included from [01m[K/ws/controller/CanRobotControl/wm_motion_controller/include/wm_motion_controller/wm_motion_controller.hpp:25[m[K,
                 from [01m[K/ws/controller/CanRobotControl/wm_motion_controller/src/wm_motion_controller/wm_motion_controller.cpp:1[m[K:
[01m[K/ws/controller/CanRobotControl/wm_motion_controller/include/can/can_manager.hpp:[m[K At global scope:
[01m[K/ws/controller/CanRobotControl/wm_motion_controller/include/can/can_manager.hpp:25:13:[m[K [01;35m[Kwarning: [m[K‘[01m[Kvoid sigterm(int)[m[K’ defined but not used [[01;35m[K-Wunused-function[m[K]
   25 | static void [01;35m[Ksigterm[m[K(int signo)
      |             [01;35m[K^~~~~~~[m[K
