-- The C compiler identification is GNU 9.4.0
-- The CXX compiler identification is GNU 9.4.0
-- Check for working C compiler: /usr/bin/cc
-- Check for working C compiler: /usr/bin/cc -- works
-- Detecting C compiler ABI info
-- Detecting C compiler ABI info - done
-- Detecting C compile features
-- Detecting C compile features - done
-- Check for working CXX compiler: /usr/bin/c++
-- Check for working CXX compiler: /usr/bin/c++ -- works
-- Detecting CXX compiler ABI info
-- Detecting CXX compiler ABI info - done
-- Detecting CXX compile features
-- Detecting CXX compile features - done
-- Found ament_cmake: 0.9.12 (/opt/ros/foxy/share/ament_cmake/cmake)
-- Found PythonInterp: /usr/bin/python3 (found suitable version "3.8.10", minimum required is "3") 
-- Using PYTHON_EXECUTABLE: /usr/bin/python3
-- Override CMake install command with custom implementation using symlinks instead of copying resources
-- Found rclcpp: 2.4.3 (/opt/ros/foxy/share/rclcpp/cmake)
-- Using all available rosidl_typesupport_c: rosidl_typesupport_fastrtps_c;rosidl_typesupport_introspection_c
-- Found rosidl_adapter: 1.3.1 (/opt/ros/foxy/share/rosidl_adapter/cmake)
-- Found OpenSSL: /usr/lib/x86_64-linux-gnu/libcrypto.so (found version "1.1.1f")  
-- Found FastRTPS: /opt/ros/foxy/include  
-- Using all available rosidl_typesupport_cpp: rosidl_typesupport_fastrtps_cpp;rosidl_typesupport_introspection_cpp
-- Found rmw_implementation_cmake: 1.0.4 (/opt/ros/foxy/share/rmw_implementation_cmake/cmake)
-- Using RMW implementation 'rmw_fastrtps_cpp' as default
-- Looking for pthread.h
-- Looking for pthread.h - found
-- Performing Test CMAKE_HAVE_LIBC_PTHREAD
-- Performing Test CMAKE_HAVE_LIBC_PTHREAD - Failed
-- Looking for pthread_create in pthreads
-- Looking for pthread_create in pthreads - not found
-- Looking for pthread_create in pthread
-- Looking for pthread_create in pthread - found
-- Found Threads: TRUE  
-- Found geometry_msgs: 2.0.5 (/opt/ros/foxy/share/geometry_msgs/cmake)
-- Found can_msgs: 0.0.0 (/ws/controller/CanRobotControl/install/can_msgs/share/can_msgs/cmake)
-- Found sensor_msgs: 2.0.5 (/opt/ros/foxy/share/sensor_msgs/cmake)
-- Found tf2_ros: 0.13.14 (/opt/ros/foxy/share/tf2_ros/cmake)
-- Configuring done
-- Generating done
-- Build files have been written to: /ws/controller/CanRobotControl/build/wm_motion_controller
[35m[1mScanning dependencies of target wm_motion_controller_node[0m
[  6%] [32mBuilding CXX object CMakeFiles/wm_motion_controller_node.dir/src/entity/ugv.cpp.o[0m
[ 13%] [32mBuilding CXX object CMakeFiles/wm_motion_controller_node.dir/src/wm_motion_controller/wm_motion_controller_constants.cpp.o[0m
[ 20%] [32mBuilding CXX object CMakeFiles/wm_motion_controller_node.dir/src/wm_motion_controller/wm_motion_controller.cpp.o[0m
[ 26%] [32mBuilding CXX object CMakeFiles/wm_motion_controller_node.dir/src/quaternion/quaternion.cpp.o[0m
[ 33%] [32mBuilding CXX object CMakeFiles/wm_motion_controller_node.dir/src/can/lib.cpp.o[0m
[ 40%] [32mBuilding CXX object CMakeFiles/wm_motion_controller_node.dir/src/converter/ugv_converter.cpp.o[0m
[ 46%] [32mBuilding CXX object CMakeFiles/wm_motion_controller_node.dir/src/main.cpp.o[0m
[ 53%] [32mBuilding CXX object CMakeFiles/wm_motion_controller_node.dir/src/can/can_adaptor.cpp.o[0m
[ 73%] [32mBuilding CXX object CMakeFiles/wm_motion_controller_node.dir/src/can/can_manager.cpp.o[0m
[ 73%] [32mBuilding CXX object CMakeFiles/wm_motion_controller_node.dir/src/can/can_send.cpp.o[0m
[ 73%] [32mBuilding CXX object CMakeFiles/wm_motion_controller_node.dir/src/can/data_relayer.cpp.o[0m
[ 80%] [32mBuilding CXX object CMakeFiles/wm_motion_controller_node.dir/src/can/can_dump.cpp.o[0m
[ 86%] [32mBuilding CXX object CMakeFiles/wm_motion_controller_node.dir/src/colleague/motion_colleague.cpp.o[0m
[ 93%] [32mBuilding CXX object CMakeFiles/wm_motion_controller_node.dir/src/mediator/concrete_motion_mediator.cpp.o[0m
[100%] [32m[1mLinking CXX executable wm_motion_controller_node[0m
[100%] Built target wm_motion_controller_node
-- Install configuration: ""
-- Execute custom install script
-- Symlinking: /ws/controller/CanRobotControl/install/wm_motion_controller/lib/wm_motion_controller/wm_motion_controller_node
-- Symlinking: /ws/controller/CanRobotControl/install/wm_motion_controller/share/wm_motion_controller/launch/__pycache__/motion_controller_launch.cpython-38.pyc
-- Symlinking: /ws/controller/CanRobotControl/install/wm_motion_controller/share/wm_motion_controller/launch/motion_controller_launch.py
-- Symlinking: /ws/controller/CanRobotControl/install/wm_motion_controller/share/ament_index/resource_index/package_run_dependencies/wm_motion_controller
-- Symlinking: /ws/controller/CanRobotControl/install/wm_motion_controller/share/ament_index/resource_index/parent_prefix_path/wm_motion_controller
-- Symlinking: /ws/controller/CanRobotControl/install/wm_motion_controller/share/wm_motion_controller/environment/ament_prefix_path.sh
-- Symlinking: /ws/controller/CanRobotControl/install/wm_motion_controller/share/wm_motion_controller/environment/ament_prefix_path.dsv
-- Symlinking: /ws/controller/CanRobotControl/install/wm_motion_controller/share/wm_motion_controller/environment/path.sh
-- Symlinking: /ws/controller/CanRobotControl/install/wm_motion_controller/share/wm_motion_controller/environment/path.dsv
-- Symlinking: /ws/controller/CanRobotControl/install/wm_motion_controller/share/wm_motion_controller/local_setup.bash
-- Symlinking: /ws/controller/CanRobotControl/install/wm_motion_controller/share/wm_motion_controller/local_setup.sh
-- Symlinking: /ws/controller/CanRobotControl/install/wm_motion_controller/share/wm_motion_controller/local_setup.zsh
-- Symlinking: /ws/controller/CanRobotControl/install/wm_motion_controller/share/wm_motion_controller/local_setup.dsv
-- Symlinking: /ws/controller/CanRobotControl/install/wm_motion_controller/share/wm_motion_controller/package.dsv
-- Symlinking: /ws/controller/CanRobotControl/install/wm_motion_controller/share/ament_index/resource_index/packages/wm_motion_controller
-- Symlinking: /ws/controller/CanRobotControl/install/wm_motion_controller/share/wm_motion_controller/cmake/wm_motion_controllerConfig.cmake
-- Symlinking: /ws/controller/CanRobotControl/install/wm_motion_controller/share/wm_motion_controller/cmake/wm_motion_controllerConfig-version.cmake
-- Symlinking: /ws/controller/CanRobotControl/install/wm_motion_controller/share/wm_motion_controller/package.xml
